#
# There is insufficient memory for the Java Runtime Environment to continue.
# Native memory allocation (malloc) failed to allocate 745536 bytes for Chunk::new
# Possible reasons:
#   The system is out of physical RAM or swap space
#   The process is running with CompressedOops enabled, and the Java Heap may be blocking the growth of the native heap
# Possible solutions:
#   Reduce memory load on the system
#   Increase physical memory or swap space
#   Check if swap backing store is full
#   Decrease Java heap size (-Xmx/-Xms)
#   Decrease number of Java threads
#   Decrease Java thread stack sizes (-Xss)
#   Set larger code cache with -XX:ReservedCodeCacheSize=
#   JVM is running with Unscaled Compressed Oops mode in which the Java heap is
#     placed in the first 4GB address space. The Java Heap base address is the
#     maximum limit for the native heap growth. Please use -XX:HeapBaseMinAddress
#     to set the Java Heap base and to place the Java Heap above 4GB virtual address.
# This output file may be truncated or incomplete.
#
#  Out of Memory Error (./src/hotspot/share/memory/arena.cpp:195), pid=38088, tid=42492
#
# JRE version: OpenJDK Runtime Environment AdoptOpenJDK (14.0.1+7) (build 14.0.1+7)
# Java VM: OpenJDK 64-Bit Server VM AdoptOpenJDK (14.0.1+7, mixed mode, sharing, tiered, compressed oops, g1 gc, windows-amd64)
# No core dump will be written. Minidumps are not enabled by default on client versions of Windows
#

---------------  S U M M A R Y ------------

Command Line: -ea -Dtestng.dtd.http=true -Didea.test.cyclic.buffer.size=1048576 -javaagent:C:\Program Files\JetBrains\IntelliJ IDEA Community Edition 2020.1.2\lib\idea_rt.jar=63748:C:\Program Files\JetBrains\IntelliJ IDEA Community Edition 2020.1.2\bin -Dfile.encoding=UTF-8 com.intellij.rt.testng.RemoteTestNGStarter -usedefaultlisteners false -socket63747 @w@C:\Users\galit\AppData\Local\Temp\idea_working_dirs_testng.tmp -temp C:\Users\galit\AppData\Local\Temp\idea_testng.tmp

Host: Intel(R) Pentium(R) Silver N5000 CPU @ 1.10GHz, 4 cores, 3G,  Windows 10 , 64 bit Build 18362 (10.0.18362.1082)
Time: Mon Sep 21 22:03:01 2020 ???? ÷?? ??????? elapsed time: 4 seconds (0d 0h 0m 4s)

---------------  T H R E A D  ---------------

Current thread (0x000001f2dbb65000):  JavaThread "C2 CompilerThread0" daemon [_thread_in_native, id=42492, stack(0x00000022ee200000,0x00000022ee300000)]


Current CompileTask:
C2:   4549 1743   !   4       jdk.internal.loader.URLClassPath$JarLoader::getResource (354 bytes)

Stack: [0x00000022ee200000,0x00000022ee300000]
Native frames: (J=compiled Java code, j=interpreted, Vv=VM code, C=native code)
V  [jvm.dll+0x5fd4fa]
V  [jvm.dll+0x7a965a]
V  [jvm.dll+0x7aae0f]
V  [jvm.dll+0x7ab453]
V  [jvm.dll+0x20f0c8]
V  [jvm.dll+0xace97]
V  [jvm.dll+0xad58c]
V  [jvm.dll+0x2794d4]
V  [jvm.dll+0x50feea]
V  [jvm.dll+0x1efe46]
V  [jvm.dll+0x1e9526]
V  [jvm.dll+0x1e6da8]
V  [jvm.dll+0x179d5c]
V  [jvm.dll+0x1f5f15]
V  [jvm.dll+0x1f40fb]
V  [jvm.dll+0x76e1ad]
V  [jvm.dll+0x766fca]
V  [jvm.dll+0x5fc3b6]
C  [ucrtbase.dll+0x20e82]
C  [KERNEL32.DLL+0x17bd4]
C  [ntdll.dll+0x6ce51]


---------------  P R O C E S S  ---------------

Threads class SMR info:
_java_thread_list=0x000001f2dc638e80, length=21, elements={
0x000001f2bf80a800, 0x000001f2dbb37000, 0x000001f2dbb38800, 0x000001f2dbb5d000,
0x000001f2dbb5e000, 0x000001f2dbb61000, 0x000001f2dbb65000, 0x000001f2dbbc9800,
0x000001f2dc4e8800, 0x000001f2dbb1d800, 0x000001f2dc630000, 0x000001f2dc630800,
0x000001f2dd447800, 0x000001f2dd49e000, 0x000001f2dd5b2000, 0x000001f2dd5dd800,
0x000001f2dd5de000, 0x000001f2dd6f9800, 0x000001f2dd6fb000, 0x000001f2dd734800,
0x000001f2dd736000
}

Java Threads: ( => current thread )
  0x000001f2bf80a800 JavaThread "Forwarding newSession on session null to remote" [_thread_in_Java, id=44048, stack(0x00000022ed600000,0x00000022ed700000)]
  0x000001f2dbb37000 JavaThread "Reference Handler" daemon [_thread_blocked, id=5904, stack(0x00000022edd00000,0x00000022ede00000)]
  0x000001f2dbb38800 JavaThread "Finalizer" daemon [_thread_blocked, id=44936, stack(0x00000022ede00000,0x00000022edf00000)]
  0x000001f2dbb5d000 JavaThread "Signal Dispatcher" daemon [_thread_blocked, id=33084, stack(0x00000022edf00000,0x00000022ee000000)]
  0x000001f2dbb5e000 JavaThread "Attach Listener" daemon [_thread_blocked, id=42904, stack(0x00000022ee000000,0x00000022ee100000)]
  0x000001f2dbb61000 JavaThread "Service Thread" daemon [_thread_blocked, id=41888, stack(0x00000022ee100000,0x00000022ee200000)]
=>0x000001f2dbb65000 JavaThread "C2 CompilerThread0" daemon [_thread_in_native, id=42492, stack(0x00000022ee200000,0x00000022ee300000)]
  0x000001f2dbbc9800 JavaThread "C1 CompilerThread0" daemon [_thread_blocked, id=30416, stack(0x00000022ee300000,0x00000022ee400000)]
  0x000001f2dc4e8800 JavaThread "Sweeper thread" daemon [_thread_blocked, id=43512, stack(0x00000022ee400000,0x00000022ee500000)]
  0x000001f2dbb1d800 JavaThread "Common-Cleaner" daemon [_thread_blocked, id=12676, stack(0x00000022ee500000,0x00000022ee600000)]
  0x000001f2dc630000 JavaThread "Monitor Ctrl-Break" daemon [_thread_in_native, id=38216, stack(0x00000022ee600000,0x00000022ee700000)]
  0x000001f2dc630800 JavaThread "Notification Thread" daemon [_thread_blocked, id=41008, stack(0x00000022ee700000,0x00000022ee800000)]
  0x000001f2dd447800 JavaThread "ForkJoinPool.commonPool-worker-3" daemon [_thread_blocked, id=29492, stack(0x00000022eeb00000,0x00000022eec00000)]
  0x000001f2dd49e000 JavaThread "AsyncHttpClient-timer-1-1" [_thread_blocked, id=40528, stack(0x00000022eec00000,0x00000022eed00000)]
  0x000001f2dd5b2000 JavaThread "Exec Default Executor" daemon [_thread_in_native, id=39344, stack(0x00000022eef00000,0x00000022ef000000)]
  0x000001f2dd5dd800 JavaThread "ForkJoinPool.commonPool-worker-5" daemon [_thread_blocked, id=39860, stack(0x00000022ef000000,0x00000022ef100000)]
  0x000001f2dd5de000 JavaThread "ForkJoinPool.commonPool-worker-7" daemon [_thread_blocked, id=42636, stack(0x00000022ef100000,0x00000022ef200000)]
  0x000001f2dd6f9800 JavaThread "UrlChecker-2" daemon [_thread_blocked, id=42012, stack(0x00000022ef200000,0x00000022ef300000)]
  0x000001f2dd6fb000 JavaThread "Exec Stream Pumper" daemon [_thread_in_native, id=44112, stack(0x00000022ef400000,0x00000022ef500000)]
  0x000001f2dd734800 JavaThread "Exec Stream Pumper" daemon [_thread_in_native, id=41040, stack(0x00000022ef500000,0x00000022ef600000)]
  0x000001f2dd736000 JavaThread "Keep-Alive-Timer" daemon [_thread_blocked, id=22020, stack(0x00000022ef600000,0x00000022ef700000)]

Other Threads:
  0x000001f2dbb34000 VMThread "VM Thread" [stack: 0x00000022edc00000,0x00000022edd00000] [id=42088]
  0x000001f2dc635800 WatcherThread [stack: 0x00000022ee800000,0x00000022ee900000] [id=43080]
  0x000001f2bf83a000 GCTaskThread "GC Thread#0" [stack: 0x00000022ed700000,0x00000022ed800000] [id=43768]
  0x000001f2dce87800 GCTaskThread "GC Thread#1" [stack: 0x00000022ee900000,0x00000022eea00000] [id=45052]
  0x000001f2dd586000 GCTaskThread "GC Thread#2" [stack: 0x00000022eed00000,0x00000022eee00000] [id=44508]
  0x000001f2dd592000 GCTaskThread "GC Thread#3" [stack: 0x00000022eee00000,0x00000022eef00000] [id=38656]
  0x000001f2bf844800 ConcurrentGCThread "G1 Main Marker" [stack: 0x00000022ed800000,0x00000022ed900000] [id=43552]
  0x000001f2bf846000 ConcurrentGCThread "G1 Conc#0" [stack: 0x00000022ed900000,0x00000022eda00000] [id=35772]
  0x000001f2bf889800 ConcurrentGCThread "G1 Refine#0" [stack: 0x00000022eda00000,0x00000022edb00000] [id=42320]
  0x000001f2dcc02800 ConcurrentGCThread "G1 Refine#1" [stack: 0x00000022eea00000,0x00000022eeb00000] [id=44348]
  0x000001f2bf88b000 ConcurrentGCThread "G1 Young RemSet Sampling" [stack: 0x00000022edb00000,0x00000022edc00000] [id=38152]

Threads with active compile tasks:
C2 CompilerThread0     4607 1743   !   4       jdk.internal.loader.URLClassPath$JarLoader::getResource (354 bytes)

VM state:not at safepoint (normal execution)

VM Mutex/Monitor currently owned by a thread: None

Heap address: 0x00000000c3000000, size: 976 MB, Compressed Oops mode: 32-bit
Narrow klass base: 0x0000000800000000, Narrow klass shift: 3
Compressed class space size: 1073741824 Address: 0x0000000800b30000

Heap:
 garbage-first heap   total 63488K, used 17456K [0x00000000c3000000, 0x0000000100000000)
  region size 1024K, 14 young (14336K), 4 survivors (4096K)
 Metaspace       used 18710K, capacity 19281K, committed 19584K, reserved 1067008K
  class space    used 2158K, capacity 2376K, committed 2432K, reserved 1048576K
Heap Regions: E=young(eden), S=young(survivor), O=old, HS=humongous(starts), HC=humongous(continues), CS=collection set, F=free, OA=open archive, CA=closed archive, TAMS=top-at-mark-start (previous, next)
|   0|0x00000000c3000000, 0x00000000c3100000, 0x00000000c3100000|100%| O|  |TAMS 0x00000000c3000000, 0x00000000c3000000| Untracked 
|   1|0x00000000c3100000, 0x00000000c3200000, 0x00000000c3200000|100%| O|  |TAMS 0x00000000c3100000, 0x00000000c3100000| Untracked 
|   2|0x00000000c3200000, 0x00000000c3300000, 0x00000000c3300000|100%| O|  |TAMS 0x00000000c3200000, 0x00000000c3200000| Untracked 
|   3|0x00000000c3300000, 0x00000000c3300000, 0x00000000c3400000|  0%| F|  |TAMS 0x00000000c3300000, 0x00000000c3300000| Untracked 
|   4|0x00000000c3400000, 0x00000000c3500000, 0x00000000c3500000|100%| O|  |TAMS 0x00000000c3400000, 0x00000000c3400000| Untracked 
|   5|0x00000000c3500000, 0x00000000c3598000, 0x00000000c3600000| 59%| O|  |TAMS 0x00000000c3500000, 0x00000000c3500000| Untracked 
|   6|0x00000000c3600000, 0x00000000c3600000, 0x00000000c3700000|  0%| F|  |TAMS 0x00000000c3600000, 0x00000000c3600000| Untracked 
|   7|0x00000000c3700000, 0x00000000c3700000, 0x00000000c3800000|  0%| F|  |TAMS 0x00000000c3700000, 0x00000000c3700000| Untracked 
|   8|0x00000000c3800000, 0x00000000c3800000, 0x00000000c3900000|  0%| F|  |TAMS 0x00000000c3800000, 0x00000000c3800000| Untracked 
|   9|0x00000000c3900000, 0x00000000c3900000, 0x00000000c3a00000|  0%| F|  |TAMS 0x00000000c3900000, 0x00000000c3900000| Untracked 
|  10|0x00000000c3a00000, 0x00000000c3a00000, 0x00000000c3b00000|  0%| F|  |TAMS 0x00000000c3a00000, 0x00000000c3a00000| Untracked 
|  11|0x00000000c3b00000, 0x00000000c3b00000, 0x00000000c3c00000|  0%| F|  |TAMS 0x00000000c3b00000, 0x00000000c3b00000| Untracked 
|  12|0x00000000c3c00000, 0x00000000c3c00000, 0x00000000c3d00000|  0%| F|  |TAMS 0x00000000c3c00000, 0x00000000c3c00000| Untracked 
|  13|0x00000000c3d00000, 0x00000000c3d00000, 0x00000000c3e00000|  0%| F|  |TAMS 0x00000000c3d00000, 0x00000000c3d00000| Untracked 
|  14|0x00000000c3e00000, 0x00000000c3e00000, 0x00000000c3f00000|  0%| F|  |TAMS 0x00000000c3e00000, 0x00000000c3e00000| Untracked 
|  15|0x00000000c3f00000, 0x00000000c3f00000, 0x00000000c4000000|  0%| F|  |TAMS 0x00000000c3f00000, 0x00000000c3f00000| Untracked 
|  16|0x00000000c4000000, 0x00000000c4000000, 0x00000000c4100000|  0%| F|  |TAMS 0x00000000c4000000, 0x00000000c4000000| Untracked 
|  17|0x00000000c4100000, 0x00000000c4100000, 0x00000000c4200000|  0%| F|  |TAMS 0x00000000c4100000, 0x00000000c4100000| Untracked 
|  18|0x00000000c4200000, 0x00000000c4200000, 0x00000000c4300000|  0%| F|  |TAMS 0x00000000c4200000, 0x00000000c4200000| Untracked 
|  19|0x00000000c4300000, 0x00000000c4300000, 0x00000000c4400000|  0%| F|  |TAMS 0x00000000c4300000, 0x00000000c4300000| Untracked 
|  20|0x00000000c4400000, 0x00000000c4400000, 0x00000000c4500000|  0%| F|  |TAMS 0x00000000c4400000, 0x00000000c4400000| Untracked 
|  21|0x00000000c4500000, 0x00000000c4500000, 0x00000000c4600000|  0%| F|  |TAMS 0x00000000c4500000, 0x00000000c4500000| Untracked 
|  22|0x00000000c4600000, 0x00000000c4600000, 0x00000000c4700000|  0%| F|  |TAMS 0x00000000c4600000, 0x00000000c4600000| Untracked 
|  23|0x00000000c4700000, 0x00000000c4700000, 0x00000000c4800000|  0%| F|  |TAMS 0x00000000c4700000, 0x00000000c4700000| Untracked 
|  24|0x00000000c4800000, 0x00000000c48742e0, 0x00000000c4900000| 45%| S|CS|TAMS 0x00000000c4800000, 0x00000000c4800000| Complete 
|  25|0x00000000c4900000, 0x00000000c4a00000, 0x00000000c4a00000|100%| S|CS|TAMS 0x00000000c4900000, 0x00000000c4900000| Complete 
|  26|0x00000000c4a00000, 0x00000000c4b00000, 0x00000000c4b00000|100%| S|CS|TAMS 0x00000000c4a00000, 0x00000000c4a00000| Complete 
|  27|0x00000000c4b00000, 0x00000000c4c00000, 0x00000000c4c00000|100%| S|CS|TAMS 0x00000000c4b00000, 0x00000000c4b00000| Complete 
|  28|0x00000000c4c00000, 0x00000000c4c00000, 0x00000000c4d00000|  0%| F|  |TAMS 0x00000000c4c00000, 0x00000000c4c00000| Untracked 
|  29|0x00000000c4d00000, 0x00000000c4d00000, 0x00000000c4e00000|  0%| F|  |TAMS 0x00000000c4d00000, 0x00000000c4d00000| Untracked 
|  30|0x00000000c4e00000, 0x00000000c4e00000, 0x00000000c4f00000|  0%| F|  |TAMS 0x00000000c4e00000, 0x00000000c4e00000| Untracked 
|  31|0x00000000c4f00000, 0x00000000c4f00000, 0x00000000c5000000|  0%| F|  |TAMS 0x00000000c4f00000, 0x00000000c4f00000| Untracked 
|  32|0x00000000c5000000, 0x00000000c5000000, 0x00000000c5100000|  0%| F|  |TAMS 0x00000000c5000000, 0x00000000c5000000| Untracked 
|  33|0x00000000c5100000, 0x00000000c5100000, 0x00000000c5200000|  0%| F|  |TAMS 0x00000000c5100000, 0x00000000c5100000| Untracked 
|  34|0x00000000c5200000, 0x00000000c5200000, 0x00000000c5300000|  0%| F|  |TAMS 0x00000000c5200000, 0x00000000c5200000| Untracked 
|  35|0x00000000c5300000, 0x00000000c5300000, 0x00000000c5400000|  0%| F|  |TAMS 0x00000000c5300000, 0x00000000c5300000| Untracked 
|  36|0x00000000c5400000, 0x00000000c5400000, 0x00000000c5500000|  0%| F|  |TAMS 0x00000000c5400000, 0x00000000c5400000| Untracked 
|  37|0x00000000c5500000, 0x00000000c5500000, 0x00000000c5600000|  0%| F|  |TAMS 0x00000000c5500000, 0x00000000c5500000| Untracked 
|  38|0x00000000c5600000, 0x00000000c5600000, 0x00000000c5700000|  0%| F|  |TAMS 0x00000000c5600000, 0x00000000c5600000| Untracked 
|  39|0x00000000c5700000, 0x00000000c5700000, 0x00000000c5800000|  0%| F|  |TAMS 0x00000000c5700000, 0x00000000c5700000| Untracked 
|  40|0x00000000c5800000, 0x00000000c5800000, 0x00000000c5900000|  0%| F|  |TAMS 0x00000000c5800000, 0x00000000c5800000| Untracked 
|  41|0x00000000c5900000, 0x00000000c5900000, 0x00000000c5a00000|  0%| F|  |TAMS 0x00000000c5900000, 0x00000000c5900000| Untracked 
|  42|0x00000000c5a00000, 0x00000000c5a00000, 0x00000000c5b00000|  0%| F|  |TAMS 0x00000000c5a00000, 0x00000000c5a00000| Untracked 
|  43|0x00000000c5b00000, 0x00000000c5b00000, 0x00000000c5c00000|  0%| F|  |TAMS 0x00000000c5b00000, 0x00000000c5b00000| Untracked 
|  44|0x00000000c5c00000, 0x00000000c5c00000, 0x00000000c5d00000|  0%| F|  |TAMS 0x00000000c5c00000, 0x00000000c5c00000| Untracked 
|  45|0x00000000c5d00000, 0x00000000c5d00000, 0x00000000c5e00000|  0%| F|  |TAMS 0x00000000c5d00000, 0x00000000c5d00000| Untracked 
|  46|0x00000000c5e00000, 0x00000000c5e00000, 0x00000000c5f00000|  0%| F|  |TAMS 0x00000000c5e00000, 0x00000000c5e00000| Untracked 
|  47|0x00000000c5f00000, 0x00000000c5f00000, 0x00000000c6000000|  0%| F|  |TAMS 0x00000000c5f00000, 0x00000000c5f00000| Untracked 
|  48|0x00000000c6000000, 0x00000000c6000000, 0x00000000c6100000|  0%| F|  |TAMS 0x00000000c6000000, 0x00000000c6000000| Untracked 
|  49|0x00000000c6100000, 0x00000000c6100000, 0x00000000c6200000|  0%| F|  |TAMS 0x00000000c6100000, 0x00000000c6100000| Untracked 
|  50|0x00000000c6200000, 0x00000000c6200000, 0x00000000c6300000|  0%| F|  |TAMS 0x00000000c6200000, 0x00000000c6200000| Untracked 
|  51|0x00000000c6300000, 0x00000000c6300000, 0x00000000c6400000|  0%| F|  |TAMS 0x00000000c6300000, 0x00000000c6300000| Untracked 
|  52|0x00000000c6400000, 0x00000000c6500000, 0x00000000c6500000|100%| E|  |TAMS 0x00000000c6400000, 0x00000000c6400000| Complete 
|  53|0x00000000c6500000, 0x00000000c6600000, 0x00000000c6600000|100%| E|CS|TAMS 0x00000000c6500000, 0x00000000c6500000| Complete 
|  54|0x00000000c6600000, 0x00000000c6700000, 0x00000000c6700000|100%| E|CS|TAMS 0x00000000c6600000, 0x00000000c6600000| Complete 
|  55|0x00000000c6700000, 0x00000000c6800000, 0x00000000c6800000|100%| E|CS|TAMS 0x00000000c6700000, 0x00000000c6700000| Complete 
|  56|0x00000000c6800000, 0x00000000c6900000, 0x00000000c6900000|100%| E|CS|TAMS 0x00000000c6800000, 0x00000000c6800000| Complete 
|  57|0x00000000c6900000, 0x00000000c6a00000, 0x00000000c6a00000|100%| E|CS|TAMS 0x00000000c6900000, 0x00000000c6900000| Complete 
|  58|0x00000000c6a00000, 0x00000000c6b00000, 0x00000000c6b00000|100%| E|CS|TAMS 0x00000000c6a00000, 0x00000000c6a00000| Complete 
|  59|0x00000000c6b00000, 0x00000000c6c00000, 0x00000000c6c00000|100%| E|CS|TAMS 0x00000000c6b00000, 0x00000000c6b00000| Complete 
|  60|0x00000000c6c00000, 0x00000000c6d00000, 0x00000000c6d00000|100%| E|CS|TAMS 0x00000000c6c00000, 0x00000000c6c00000| Complete 
|  61|0x00000000c6d00000, 0x00000000c6e00000, 0x00000000c6e00000|100%| E|CS|TAMS 0x00000000c6d00000, 0x00000000c6d00000| Complete 

Card table byte_map: [0x000001f2d7450000,0x000001f2d7640000] _byte_map_base: 0x000001f2d6e38000

Marking Bits (Prev, Next): (CMBitMap*) 0x000001f2bf83bdf8, (CMBitMap*) 0x000001f2bf83be38
 Prev Bits: [0x000001f2d7830000, 0x000001f2d8770000)
 Next Bits: [0x000001f2d8770000, 0x000001f2d96b0000)

Polling page: 0x000001f2bd730000

Metaspace:

Usage:
  Non-class:     16.57 MB capacity,    16.22 MB ( 98%) used,   298.66 KB (  2%) free+waste,    57.44 KB ( <1%) overhead. 
      Class:      2.32 MB capacity,     2.12 MB ( 91%) used,   180.11 KB (  8%) free+waste,    28.88 KB (  1%) overhead. 
       Both:     18.89 MB capacity,    18.34 MB ( 97%) used,   478.77 KB (  2%) free+waste,    86.31 KB ( <1%) overhead. 

Virtual space:
  Non-class space:       18.00 MB reserved,      16.75 MB ( 93%) committed 
      Class space:        1.00 GB reserved,       2.38 MB ( <1%) committed 
             Both:        1.02 GB reserved,      19.13 MB (  2%) committed 

Chunk freelists:
   Non-Class:  55.00 KB
       Class:  24.00 KB
        Both:  79.00 KB

MaxMetaspaceSize: 17179869184.00 GB
CompressedClassSpaceSize: 1.00 GB

CodeHeap 'non-profiled nmethods': size=120000Kb used=633Kb max_used=633Kb free=119366Kb
 bounds [0x000001f2cfd30000, 0x000001f2cffa0000, 0x000001f2d7260000]
CodeHeap 'profiled nmethods': size=120000Kb used=3578Kb max_used=3578Kb free=116421Kb
 bounds [0x000001f2c8800000, 0x000001f2c8b80000, 0x000001f2cfd30000]
CodeHeap 'non-nmethods': size=5760Kb used=1263Kb max_used=1277Kb free=4497Kb
 bounds [0x000001f2c8260000, 0x000001f2c84d0000, 0x000001f2c8800000]
 total_blobs=2954 nmethods=1752 adapters=448
 compilation: enabled
              stopped_count=0, restarted_count=0
 full_count=0

Compilation events (20 events):
Event: 4.459 Thread 0x000001f2dbbc9800 nmethod 1740 0x000001f2c8b77590 code [0x000001f2c8b777a0, 0x000001f2c8b78038]
Event: 4.459 Thread 0x000001f2dbbc9800 1741   !   3       jdk.internal.ref.PhantomCleanable::isListEmpty (34 bytes)
Event: 4.459 Thread 0x000001f2dbbc9800 nmethod 1741 0x000001f2c8b78390 code [0x000001f2c8b78540, 0x000001f2c8b78878]
Event: 4.459 Thread 0x000001f2dbbc9800 1742       3       java.lang.invoke.MethodHandleNatives$CallSiteContext::run (5 bytes)
Event: 4.460 Thread 0x000001f2dbbc9800 nmethod 1742 0x000001f2c8b78990 code [0x000001f2c8b78b40, 0x000001f2c8b78c88]
Event: 4.470 Thread 0x000001f2dbb65000 1743   !   4       jdk.internal.loader.URLClassPath$JarLoader::getResource (354 bytes)
Event: 4.495 Thread 0x000001f2dbbc9800 1745       3       java.util.HashMap::<init> (8 bytes)
Event: 4.495 Thread 0x000001f2dbbc9800 nmethod 1745 0x000001f2c8b78d10 code [0x000001f2c8b78ee0, 0x000001f2c8b79028]
Event: 4.495 Thread 0x000001f2dbbc9800 1746       3       com.google.common.base.Preconditions::checkNotNull (14 bytes)
Event: 4.496 Thread 0x000001f2dbbc9800 nmethod 1746 0x000001f2c8b79110 code [0x000001f2c8b792c0, 0x000001f2c8b794a8]
Event: 4.496 Thread 0x000001f2dbbc9800 1747       3       java.util.HashMap::isEmpty (13 bytes)
Event: 4.496 Thread 0x000001f2dbbc9800 nmethod 1747 0x000001f2c8b79590 code [0x000001f2c8b79720, 0x000001f2c8b79898]
Event: 4.507 Thread 0x000001f2dbbc9800 1748   !   3       java.util.concurrent.ConcurrentHashMap::replaceNode (437 bytes)
Event: 4.511 Thread 0x000001f2dbbc9800 nmethod 1748 0x000001f2c8b79910 code [0x000001f2c8b79ca0, 0x000001f2c8b7bed8]
Event: 4.511 Thread 0x000001f2dbbc9800 1749       3       java.util.concurrent.ConcurrentHashMap::remove (8 bytes)
Event: 4.511 Thread 0x000001f2dbbc9800 nmethod 1749 0x000001f2c8b7cd10 code [0x000001f2c8b7cec0, 0x000001f2c8b7d028]
Event: 4.513 Thread 0x000001f2dbbc9800 1752       3       jdk.internal.org.objectweb.asm.AnnotationWriter::putAnnotations (110 bytes)
Event: 4.514 Thread 0x000001f2dbbc9800 nmethod 1752 0x000001f2c8b7d110 code [0x000001f2c8b7d300, 0x000001f2c8b7d728]
Event: 4.514 Thread 0x000001f2dbbc9800 1751       3       jdk.internal.org.objectweb.asm.AnnotationWriter::computeAnnotationsSize (42 bytes)
Event: 4.514 Thread 0x000001f2dbbc9800 nmethod 1751 0x000001f2c8b7d990 code [0x000001f2c8b7db40, 0x000001f2c8b7dda8]

GC Heap History (8 events):
Event: 1.488 GC heap before
{Heap before GC invocations=0 (full 0):
 garbage-first heap   total 63488K, used 12288K [0x00000000c3000000, 0x0000000100000000)
  region size 1024K, 13 young (13312K), 0 survivors (0K)
 Metaspace       used 5199K, capacity 6023K, committed 6144K, reserved 1056768K
  class space    used 567K, capacity 651K, committed 768K, reserved 1048576K
}
Event: 1.500 GC heap after
{Heap after GC invocations=1 (full 0):
 garbage-first heap   total 63488K, used 5020K [0x00000000c3000000, 0x0000000100000000)
  region size 1024K, 2 young (2048K), 2 survivors (2048K)
 Metaspace       used 5199K, capacity 6023K, committed 6144K, reserved 1056768K
  class space    used 567K, capacity 651K, committed 768K, reserved 1048576K
}
Event: 2.071 GC heap before
{Heap before GC invocations=1 (full 0):
 garbage-first heap   total 63488K, used 17308K [0x00000000c3000000, 0x0000000100000000)
  region size 1024K, 14 young (14336K), 2 survivors (2048K)
 Metaspace       used 7790K, capacity 8348K, committed 8576K, reserved 1056768K
  class space    used 778K, capacity 857K, committed 896K, reserved 1048576K
}
Event: 2.077 GC heap after
{Heap after GC invocations=2 (full 0):
 garbage-first heap   total 63488K, used 5210K [0x00000000c3000000, 0x0000000100000000)
  region size 1024K, 1 young (1024K), 1 survivors (1024K)
 Metaspace       used 7790K, capacity 8348K, committed 8576K, reserved 1056768K
  class space    used 778K, capacity 857K, committed 896K, reserved 1048576K
}
Event: 3.069 GC heap before
{Heap before GC invocations=2 (full 0):
 garbage-first heap   total 63488K, used 26714K [0x00000000c3000000, 0x0000000100000000)
  region size 1024K, 22 young (22528K), 1 survivors (1024K)
 Metaspace       used 12175K, capacity 12519K, committed 12672K, reserved 1060864K
  class space    used 1283K, capacity 1388K, committed 1408K, reserved 1048576K
}
Event: 3.076 GC heap after
{Heap after GC invocations=3 (full 0):
 garbage-first heap   total 63488K, used 6996K [0x00000000c3000000, 0x0000000100000000)
  region size 1024K, 3 young (3072K), 3 survivors (3072K)
 Metaspace       used 12175K, capacity 12519K, committed 12672K, reserved 1060864K
  class space    used 1283K, capacity 1388K, committed 1408K, reserved 1048576K
}
Event: 4.450 GC heap before
{Heap before GC invocations=3 (full 0):
 garbage-first heap   total 63488K, used 38740K [0x00000000c3000000, 0x0000000100000000)
  region size 1024K, 34 young (34816K), 3 survivors (3072K)
 Metaspace       used 17697K, capacity 18222K, committed 18432K, reserved 1064960K
  class space    used 2022K, capacity 2236K, committed 2304K, reserved 1048576K
}
Event: 4.456 GC heap after
{Heap after GC invocations=4 (full 0):
 garbage-first heap   total 63488K, used 8240K [0x00000000c3000000, 0x0000000100000000)
  region size 1024K, 4 young (4096K), 4 survivors (4096K)
 Metaspace       used 17697K, capacity 18222K, committed 18432K, reserved 1064960K
  class space    used 2022K, capacity 2236K, committed 2304K, reserved 1048576K
}

Deoptimization events (20 events):
Event: 3.634 Thread 0x000001f2dd5b2000 Uncommon trap: trap_request=0xffffff45 fr.pc=0x000001f2cfd4b488 relative=0x0000000000000068
Event: 3.634 Thread 0x000001f2dd5b2000 Uncommon trap: reason=unstable_if action=reinterpret pc=0x000001f2cfd4b488 method=java.lang.AbstractStringBuilder.isLatin1()Z @ 10 c2
Event: 3.634 Thread 0x000001f2dd5b2000 DEOPT PACKING pc=0x000001f2cfd4b488 sp=0x00000022eeffee50
Event: 3.634 Thread 0x000001f2dd5b2000 DEOPT UNPACKING pc=0x000001f2c82a9429 sp=0x00000022eeffede0 mode 2
Event: 3.634 Thread 0x000001f2dd5b2000 Uncommon trap: trap_request=0xffffff45 fr.pc=0x000001f2cfd58330 relative=0x00000000000000f0
Event: 3.634 Thread 0x000001f2dd5b2000 Uncommon trap: reason=unstable_if action=reinterpret pc=0x000001f2cfd58330 method=java.lang.String.getBytes([BIB)V @ 5 c2
Event: 3.635 Thread 0x000001f2dd5b2000 DEOPT PACKING pc=0x000001f2cfd58330 sp=0x00000022eeffed90
Event: 3.635 Thread 0x000001f2dd5b2000 DEOPT UNPACKING pc=0x000001f2c82a9429 sp=0x00000022eeffed38 mode 2
Event: 3.635 Thread 0x000001f2dd5b2000 Uncommon trap: trap_request=0xffffff45 fr.pc=0x000001f2cfd46534 relative=0x00000000000003b4
Event: 3.635 Thread 0x000001f2dd5b2000 Uncommon trap: reason=unstable_if action=reinterpret pc=0x000001f2cfd46534 method=java.lang.AbstractStringBuilder.isLatin1()Z @ 10 c2
Event: 3.635 Thread 0x000001f2dd5b2000 DEOPT PACKING pc=0x000001f2cfd46534 sp=0x00000022eeffee70
Event: 3.635 Thread 0x000001f2dd5b2000 DEOPT UNPACKING pc=0x000001f2c82a9429 sp=0x00000022eeffedf0 mode 2
Event: 3.648 Thread 0x000001f2dd6f9800 Uncommon trap: trap_request=0xffffff45 fr.pc=0x000001f2cfdb361c relative=0x000000000000013c
Event: 3.648 Thread 0x000001f2dd6f9800 Uncommon trap: reason=unstable_if action=reinterpret pc=0x000001f2cfdb361c method=java.lang.CharacterDataLatin1.digit(II)I @ 12 c2
Event: 3.648 Thread 0x000001f2dd6f9800 DEOPT PACKING pc=0x000001f2cfdb361c sp=0x00000022ef2fe4a0
Event: 3.648 Thread 0x000001f2dd6f9800 DEOPT UNPACKING pc=0x000001f2c82a9429 sp=0x00000022ef2fe358 mode 2
Event: 4.286 Thread 0x000001f2bf80a800 Uncommon trap: trap_request=0xffffff45 fr.pc=0x000001f2cfdb7334 relative=0x00000000000003d4
Event: 4.286 Thread 0x000001f2bf80a800 Uncommon trap: reason=unstable_if action=reinterpret pc=0x000001f2cfdb7334 method=java.io.ByteArrayInputStream.read([BII)I @ 35 c2
Event: 4.286 Thread 0x000001f2bf80a800 DEOPT PACKING pc=0x000001f2cfdb7334 sp=0x00000022ed6fd280
Event: 4.286 Thread 0x000001f2bf80a800 DEOPT UNPACKING pc=0x000001f2c82a9429 sp=0x00000022ed6fd240 mode 2

Classes unloaded (0 events):
No events

Classes redefined (0 events):
No events

Internal exceptions (20 events):
Event: 2.210 Thread 0x000001f2bf80a800 Exception <a 'java/lang/NoClassDefFoundError'{0x00000000c6879000}: org/apache/log4j/Priority> (0x00000000c6879000) 
thrown [./src/hotspot/share/classfile/systemDictionary.cpp, line 215]
Event: 2.295 Thread 0x000001f2bf80a800 Exception <a 'java/lang/NoSuchMethodError'{0x00000000c6592a40}: 'int java.lang.invoke.DirectMethodHandle$Holder.invokeSpecialIFC(java.lang.Object, java.lang.Object, int)'> (0x00000000c6592a40) 
thrown [./src/hotspot/share/interpreter/linkResolver.cpp, line 766]
Event: 2.589 Thread 0x000001f2bf80a800 Exception <a 'sun/nio/fs/WindowsException'{0x00000000c5d01fe0}> (0x00000000c5d01fe0) 
thrown [./src/hotspot/share/prims/jni.cpp, line 599]
Event: 2.620 Thread 0x000001f2bf80a800 Exception <a 'java/lang/NoSuchMethodError'{0x00000000c5d21848}: 'int java.lang.invoke.DirectMethodHandle$Holder.invokeStaticInit(java.lang.Object, java.lang.Object, java.lang.Object, java.lang.Object)'> (0x00000000c5d21848) 
thrown [./src/hotspot/share/interpreter/linkResolver.cpp, line 766]
Event: 2.621 Thread 0x000001f2bf80a800 Exception <a 'java/lang/IncompatibleClassChangeError'{0x00000000c5d2a1f0}: Found class java.lang.Object, but interface was expected> (0x00000000c5d2a1f0) 
thrown [./src/hotspot/share/interpreter/linkResolver.cpp, line 832]
Event: 2.622 Thread 0x000001f2bf80a800 Exception <a 'java/lang/NoSuchMethodError'{0x00000000c5d2d260}: 'void java.lang.invoke.DirectMethodHandle$Holder.invokeStaticInit(java.lang.Object, java.lang.Object)'> (0x00000000c5d2d260) 
thrown [./src/hotspot/share/interpreter/linkResolver.cpp, line 766]
Event: 3.422 Thread 0x000001f2bf80a800 Exception <a 'java/lang/NoSuchMethodError'{0x00000000c62e4b08}: 'java.lang.Object java.lang.invoke.DirectMethodHandle$Holder.invokeSpecialIFC(java.lang.Object, java.lang.Object, java.lang.Object, java.lang.Object)'> (0x00000000c62e4b08) 
thrown [./src/hotspot/share/interpreter/linkResolver.cpp, line 766]
Event: 3.664 Thread 0x000001f2dd5b2000 Exception <a 'java/lang/NoSuchMethodError'{0x00000000c5c24b90}: 'void java.lang.invoke.DirectMethodHandle$Holder.invokeStatic(java.lang.Object, long)'> (0x00000000c5c24b90) 
thrown [./src/hotspot/share/interpreter/linkResolver.cpp, line 766]
Event: 3.670 Thread 0x000001f2dd5b2000 Exception <a 'java/lang/NoSuchMethodError'{0x00000000c5c2eca0}: 'java.lang.Object java.lang.invoke.DirectMethodHandle$Holder.invokeStaticInit(java.lang.Object, java.lang.Object, long, java.lang.Object)'> (0x00000000c5c2eca0) 
thrown [./src/hotspot/share/interpreter/linkResolver.cpp, line 766]
Event: 3.675 Thread 0x000001f2dd5b2000 Exception <a 'java/lang/NoSuchMethodError'{0x00000000c5c34100}: 'java.lang.Object java.lang.invoke.Invokers$Holder.linkToTargetMethod(java.lang.Object, long, java.lang.Object)'> (0x00000000c5c34100) 
thrown [./src/hotspot/share/interpreter/linkResolver.cpp, line 766]
Event: 4.189 Thread 0x000001f2bf80a800 Exception <a 'java/lang/NoSuchMethodError'{0x00000000c5ad67a0}: 'java.lang.Object java.lang.invoke.DirectMethodHandle$Holder.invokeInterface(java.lang.Object, java.lang.Object, java.lang.Object)'> (0x00000000c5ad67a0) 
thrown [./src/hotspot/share/interpreter/linkResolver.cpp, line 766]
Event: 4.190 Thread 0x000001f2bf80a800 Exception <a 'java/lang/IncompatibleClassChangeError'{0x00000000c5ad9400}: Found class java.lang.Object, but interface was expected> (0x00000000c5ad9400) 
thrown [./src/hotspot/share/interpreter/linkResolver.cpp, line 832]
Event: 4.192 Thread 0x000001f2bf80a800 Exception <a 'java/lang/NoSuchMethodError'{0x00000000c5ae1300}: 'int java.lang.invoke.DirectMethodHandle$Holder.invokeSpecialIFC(java.lang.Object, java.lang.Object, java.lang.Object, java.lang.Object)'> (0x00000000c5ae1300) 
thrown [./src/hotspot/share/interpreter/linkResolver.cpp, line 766]
Event: 4.193 Thread 0x000001f2bf80a800 Exception <a 'java/lang/NoSuchMethodError'{0x00000000c5ae9040}: 'java.lang.Object java.lang.invoke.DirectMethodHandle$Holder.invokeInterface(java.lang.Object, java.lang.Object, java.lang.Object, java.lang.Object)'> (0x00000000c5ae9040) 
thrown [./src/hotspot/share/interpreter/linkResolver.cpp, line 766]
Event: 4.207 Thread 0x000001f2bf80a800 Exception <a 'java/lang/NoSuchMethodError'{0x00000000c5942dc8}: 'double java.lang.invoke.DirectMethodHandle$Holder.invokeVirtual(java.lang.Object, java.lang.Object)'> (0x00000000c5942dc8) 
thrown [./src/hotspot/share/interpreter/linkResolver.cpp, line 766]
Event: 4.208 Thread 0x000001f2bf80a800 Exception <a 'java/lang/NoSuchMethodError'{0x00000000c59485b0}: 'float java.lang.invoke.DirectMethodHandle$Holder.invokeVirtual(java.lang.Object, java.lang.Object)'> (0x00000000c59485b0) 
thrown [./src/hotspot/share/interpreter/linkResolver.cpp, line 766]
Event: 4.210 Thread 0x000001f2bf80a800 Exception <a 'java/lang/NoSuchMethodError'{0x00000000c594ffb8}: 'long java.lang.invoke.DirectMethodHandle$Holder.invokeVirtual(java.lang.Object, java.lang.Object)'> (0x00000000c594ffb8) 
thrown [./src/hotspot/share/interpreter/linkResolver.cpp, line 766]
Event: 4.218 Thread 0x000001f2bf80a800 Exception <a 'java/lang/NoSuchMethodError'{0x00000000c598db80}: 'java.lang.Object java.lang.invoke.DirectMethodHandle$Holder.invokeVirtual(java.lang.Object, java.lang.Object, java.lang.Object)'> (0x00000000c598db80) 
thrown [./src/hotspot/share/interpreter/linkResolver.cpp, line 766]
Event: 4.236 Thread 0x000001f2bf80a800 Exception <a 'java/lang/NoSuchMethodError'{0x00000000c58169d0}: 'void java.lang.invoke.DirectMethodHandle$Holder.invokeSpecial(java.lang.Object, java.lang.Object, java.lang.Object, java.lang.Object)'> (0x00000000c58169d0) 
thrown [./src/hotspot/share/interpreter/linkResolver.cpp, line 766]
Event: 4.259 Thread 0x000001f2bf80a800 Exception <a 'java/lang/NoSuchMethodError'{0x00000000c54170a8}: 'void java.lang.invoke.DirectMethodHandle$Holder.invokeSpecial(java.lang.Object, java.lang.Object, java.lang.Object, java.lang.Object, java.lang.Object)'> (0x00000000c54170a8) 
thrown [./src/hotspot/share/interpreter/linkResolver.cpp, line 766]

Events (20 events):
Event: 4.457 Executing VM operation: HandshakeOneThread
Event: 4.457 Executing VM operation: HandshakeOneThread done
Event: 4.457 Executing VM operation: HandshakeOneThread
Event: 4.457 Executing VM operation: HandshakeOneThread done
Event: 4.457 Executing VM operation: HandshakeOneThread
Event: 4.458 Executing VM operation: HandshakeOneThread done
Event: 4.458 Executing VM operation: HandshakeOneThread
Event: 4.458 Executing VM operation: HandshakeOneThread done
Event: 4.458 Executing VM operation: HandshakeOneThread
Event: 4.458 Executing VM operation: HandshakeOneThread done
Event: 4.458 Executing VM operation: HandshakeOneThread
Event: 4.458 Executing VM operation: HandshakeOneThread done
Event: 4.458 Executing VM operation: HandshakeOneThread
Event: 4.458 Executing VM operation: HandshakeOneThread done
Event: 4.466 loading class java/util/DualPivotQuicksort
Event: 4.466 loading class java/util/DualPivotQuicksort done
Event: 4.530 loading class java/net/UnknownHostException
Event: 4.530 loading class java/net/UnknownHostException done
Event: 4.540 loading class java/text/ParseException
Event: 4.540 loading class java/text/ParseException done


Dynamic libraries:
0x00007ff7f7020000 - 0x00007ff7f702d000 	C:\Program Files\AdoptOpenJDK\jdk-14.0.1.7-hotspot\bin\java.exe
0x00007ffd6ed40000 - 0x00007ffd6ef30000 	C:\Windows\SYSTEM32\ntdll.dll
0x00007ffd6dfa0000 - 0x00007ffd6e052000 	C:\Windows\System32\KERNEL32.DLL
0x00007ffd6c0c0000 - 0x00007ffd6c365000 	C:\Windows\System32\KERNELBASE.dll
0x00007ffd6c4c0000 - 0x00007ffd6c5ba000 	C:\Windows\System32\ucrtbase.dll
0x00007ffd5bdc0000 - 0x00007ffd5bdd8000 	C:\Program Files\AdoptOpenJDK\jdk-14.0.1.7-hotspot\bin\jli.dll
0x00007ffd6eb60000 - 0x00007ffd6ecf5000 	C:\Windows\System32\USER32.dll
0x00007ffd6bd20000 - 0x00007ffd6bd41000 	C:\Windows\System32\win32u.dll
0x00007ffd6dec0000 - 0x00007ffd6dee6000 	C:\Windows\System32\GDI32.dll
0x00007ffd6bd50000 - 0x00007ffd6bee6000 	C:\Windows\System32\gdi32full.dll
0x00007ffd6c3a0000 - 0x00007ffd6c43e000 	C:\Windows\System32\msvcp_win.dll
0x00007ffd533c0000 - 0x00007ffd533d5000 	C:\Program Files\AdoptOpenJDK\jdk-14.0.1.7-hotspot\bin\VCRUNTIME140.dll
0x00007ffd57640000 - 0x00007ffd578c4000 	C:\Windows\WinSxS\amd64_microsoft.windows.common-controls_6595b64144ccf1df_6.0.18362.1082_none_9e8193e1e45b25c1\COMCTL32.dll
0x00007ffd6def0000 - 0x00007ffd6df8e000 	C:\Windows\System32\msvcrt.dll
0x00007ffd6d0e0000 - 0x00007ffd6d415000 	C:\Windows\System32\combase.dll
0x00007ffd6cdf0000 - 0x00007ffd6cf10000 	C:\Windows\System32\RPCRT4.dll
0x00007ffd6c440000 - 0x00007ffd6c4c0000 	C:\Windows\System32\bcryptPrimitives.dll
0x00007ffd6e080000 - 0x00007ffd6e0ae000 	C:\Windows\System32\IMM32.DLL
0x00007ffd53320000 - 0x00007ffd533bb000 	C:\Program Files\AdoptOpenJDK\jdk-14.0.1.7-hotspot\bin\msvcp140.dll
0x00007ffd52770000 - 0x00007ffd5331c000 	C:\Program Files\AdoptOpenJDK\jdk-14.0.1.7-hotspot\bin\server\jvm.dll
0x00007ffd6cfb0000 - 0x00007ffd6d053000 	C:\Windows\System32\ADVAPI32.dll
0x00007ffd6cf10000 - 0x00007ffd6cfa7000 	C:\Windows\System32\sechost.dll
0x00007ffd6e070000 - 0x00007ffd6e078000 	C:\Windows\System32\PSAPI.DLL
0x00007ffd66f30000 - 0x00007ffd66f39000 	C:\Windows\SYSTEM32\WSOCK32.dll
0x00007ffd6de50000 - 0x00007ffd6debf000 	C:\Windows\System32\WS2_32.dll
0x00007ffd68720000 - 0x00007ffd68744000 	C:\Windows\SYSTEM32\WINMM.dll
0x00007ffd63020000 - 0x00007ffd6302a000 	C:\Windows\SYSTEM32\VERSION.dll
0x00007ffd686f0000 - 0x00007ffd6871d000 	C:\Windows\SYSTEM32\winmmbase.dll
0x00007ffd6bcd0000 - 0x00007ffd6bd1a000 	C:\Windows\System32\cfgmgr32.dll
0x00007ffd6bcb0000 - 0x00007ffd6bcc1000 	C:\Windows\System32\kernel.appcore.dll
0x00007ffd5c730000 - 0x00007ffd5c73a000 	C:\Program Files\AdoptOpenJDK\jdk-14.0.1.7-hotspot\bin\jimage.dll
0x00007ffd6a520000 - 0x00007ffd6a714000 	C:\Windows\SYSTEM32\DBGHELP.DLL
0x00007ffd578d0000 - 0x00007ffd578fa000 	C:\Windows\SYSTEM32\dbgcore.DLL
0x00007ffd66f90000 - 0x00007ffd66f9e000 	C:\Program Files\AdoptOpenJDK\jdk-14.0.1.7-hotspot\bin\instrument.dll
0x00007ffd52740000 - 0x00007ffd52765000 	C:\Program Files\AdoptOpenJDK\jdk-14.0.1.7-hotspot\bin\java.dll
0x00007ffd52720000 - 0x00007ffd52736000 	C:\Program Files\AdoptOpenJDK\jdk-14.0.1.7-hotspot\bin\zip.dll
0x00007ffd6e1a0000 - 0x00007ffd6e887000 	C:\Windows\System32\SHELL32.dll
0x00007ffd6e910000 - 0x00007ffd6e9b9000 	C:\Windows\System32\shcore.dll
0x00007ffd6c670000 - 0x00007ffd6cdf0000 	C:\Windows\System32\windows.storage.dll
0x00007ffd6bc80000 - 0x00007ffd6bca3000 	C:\Windows\System32\profapi.dll
0x00007ffd6bc30000 - 0x00007ffd6bc7a000 	C:\Windows\System32\powrprof.dll
0x00007ffd6bc00000 - 0x00007ffd6bc10000 	C:\Windows\System32\UMPDC.dll
0x00007ffd6d940000 - 0x00007ffd6d992000 	C:\Windows\System32\shlwapi.dll
0x00007ffd6c0a0000 - 0x00007ffd6c0b7000 	C:\Windows\System32\cryptsp.dll
0x00007ffd52700000 - 0x00007ffd52719000 	C:\Program Files\AdoptOpenJDK\jdk-14.0.1.7-hotspot\bin\net.dll
0x00007ffd5d4e0000 - 0x00007ffd5d5d0000 	C:\Windows\SYSTEM32\WINHTTP.dll
0x00007ffd6b3f0000 - 0x00007ffd6b457000 	C:\Windows\system32\mswsock.dll
0x00007ffd526e0000 - 0x00007ffd526f2000 	C:\Program Files\AdoptOpenJDK\jdk-14.0.1.7-hotspot\bin\nio.dll
0x00007ffd5c660000 - 0x00007ffd5c670000 	C:\Program Files\AdoptOpenJDK\jdk-14.0.1.7-hotspot\bin\verify.dll
0x00007ffd5ccf0000 - 0x00007ffd5cd0a000 	C:\Program Files\JetBrains\IntelliJ IDEA Community Edition 2020.1.2\bin\breakgen64.dll
0x00007ffd6af60000 - 0x00007ffd6af93000 	C:\Windows\system32\rsaenh.dll
0x00007ffd6c370000 - 0x00007ffd6c396000 	C:\Windows\System32\bcrypt.dll
0x00007ffd6bae0000 - 0x00007ffd6bb05000 	C:\Windows\SYSTEM32\USERENV.dll
0x00007ffd6ba30000 - 0x00007ffd6ba3c000 	C:\Windows\SYSTEM32\CRYPTBASE.dll
0x00007ffd6b100000 - 0x00007ffd6b13a000 	C:\Windows\SYSTEM32\IPHLPAPI.DLL
0x00007ffd6e060000 - 0x00007ffd6e068000 	C:\Windows\System32\NSI.dll
0x00007ffd5dea0000 - 0x00007ffd5deb6000 	C:\Windows\SYSTEM32\dhcpcsvc6.DLL
0x00007ffd5e200000 - 0x00007ffd5e21c000 	C:\Windows\SYSTEM32\dhcpcsvc.DLL
0x00007ffd6b140000 - 0x00007ffd6b20b000 	C:\Windows\SYSTEM32\DNSAPI.dll
0x00007ffd64020000 - 0x00007ffd6402a000 	C:\Windows\System32\rasadhlp.dll
0x00007ffd5ddc0000 - 0x00007ffd5de37000 	C:\Windows\System32\fwpuclnt.dll
0x00007ffd5bdb0000 - 0x00007ffd5bdb9000 	C:\Program Files\AdoptOpenJDK\jdk-14.0.1.7-hotspot\bin\management.dll
0x00007ffd5bc40000 - 0x00007ffd5bc4b000 	C:\Program Files\AdoptOpenJDK\jdk-14.0.1.7-hotspot\bin\management_ext.dll
0x00007ffd65d70000 - 0x00007ffd65d7e000 	C:\Program Files\AdoptOpenJDK\jdk-14.0.1.7-hotspot\bin\sunmscapi.dll
0x00007ffd6bf50000 - 0x00007ffd6c099000 	C:\Windows\System32\CRYPT32.dll
0x00007ffd6bc10000 - 0x00007ffd6bc22000 	C:\Windows\System32\MSASN1.dll
0x00007ffd6b6b0000 - 0x00007ffd6b6d6000 	C:\Windows\SYSTEM32\ncrypt.dll
0x00007ffd6b670000 - 0x00007ffd6b6ab000 	C:\Windows\SYSTEM32\NTASN1.dll
0x00007ffd5ccc0000 - 0x00007ffd5cce5000 	C:\Program Files\AdoptOpenJDK\jdk-14.0.1.7-hotspot\bin\sunec.dll

dbghelp: loaded successfully - version: 4.0.5 - missing functions: none
symbol engine: initialized successfully - sym options: 0x614 - pdb path: .;C:\Program Files\AdoptOpenJDK\jdk-14.0.1.7-hotspot\bin;C:\Windows\SYSTEM32;C:\Windows\WinSxS\amd64_microsoft.windows.common-controls_6595b64144ccf1df_6.0.18362.1082_none_9e8193e1e45b25c1;C:\Program Files\AdoptOpenJDK\jdk-14.0.1.7-hotspot\bin\server;C:\Program Files\JetBrains\IntelliJ IDEA Community Edition 2020.1.2\bin

VM Arguments:
jvm_args: -ea -Dtestng.dtd.http=true -Didea.test.cyclic.buffer.size=1048576 -javaagent:C:\Program Files\JetBrains\IntelliJ IDEA Community Edition 2020.1.2\lib\idea_rt.jar=63748:C:\Program Files\JetBrains\IntelliJ IDEA Community Edition 2020.1.2\bin -Dfile.encoding=UTF-8 
java_command: com.intellij.rt.testng.RemoteTestNGStarter -usedefaultlisteners false -socket63747 @w@C:\Users\galit\AppData\Local\Temp\idea_working_dirs_testng.tmp -temp C:\Users\galit\AppData\Local\Temp\idea_testng.tmp
java_class_path (initial): C:\Program Files\JetBrains\IntelliJ IDEA Community Edition 2020.1.2\lib\idea_rt.jar;C:\Program Files\JetBrains\IntelliJ IDEA Community Edition 2020.1.2\plugins\testng\lib\testng-rt.jar;C:\Users\galit\IdeaProjects\BuyMeProject\target\test-classes;C:\Users\galit\.m2\repository\org\testng\testng\7.1.0\testng-7.1.0.jar;C:\Users\galit\.m2\repository\com\beust\jcommander\1.72\jcommander-1.72.jar;C:\Users\galit\.m2\repository\com\google\inject\guice\4.1.0\guice-4.1.0-no_aop.jar;C:\Users\galit\.m2\repository\javax\inject\javax.inject\1\javax.inject-1.jar;C:\Users\galit\.m2\repository\aopalliance\aopalliance\1.0\aopalliance-1.0.jar;C:\Users\galit\.m2\repository\org\yaml\snakeyaml\1.21\snakeyaml-1.21.jar;C:\Users\galit\.m2\repository\org\seleniumhq\selenium\selenium-java\4.0.0-alpha-6\selenium-java-4.0.0-alpha-6.jar;C:\Users\galit\.m2\repository\org\seleniumhq\selenium\selenium-api\4.0.0-alpha-6\selenium-api-4.0.0-alpha-6.jar;C:\Users\galit\.m2\repository\org\seleniumhq\selenium\selenium-chrome-driver\4.0.0-alpha-6\selenium-chrome-driver-4.0.0-alpha-6.jar;C:\Users\galit\.m2\repository\com\google\auto\service\auto-service-annotations\1.0-rc6\auto-service-annotations-1.0-rc6.jar;C:\Users\galit\.m2\repository\com\google\auto\service\auto-service\1.0-rc6\auto-service-1.0-rc6.jar;C:\Users\galit\.m2\repository\com\google\auto\auto-common\0.10\auto-common-0.10.jar;C:\Users\galit\.m2\repository\org\seleniumhq\selenium\selenium-chromium-driver\4.0.0-alpha-6\selenium-chromium-driver-4.0.0-alpha-6.jar;C:\Users\galit\.m2\repository\org\seleniumhq\selenium\selenium-devtools\4.0.0-alpha-6\selenium-devtools-4.0.0-alpha-6.jar;C:\Users\galit\.m2\repository\org\seleniumhq\selenium\selenium-http\4.0.0-alpha-6\selenium-http-4.0.0-alpha-6.jar;C:\Users\galit\.m2\repository\org\seleniumhq\selenium\selenium-json\4.0.0-alpha-6\selenium-json-4.0.0-alpha-6.jar;C:\Users\galit\.m2\repository\org\seleniumhq\selenium\selenium-edge-driver\4.0.0-alpha-6\selenium-edge-driver-4.0.0
Launcher Type: SUN_STANDARD

[Global flags]
     intx CICompilerCount                          = 3                                         {product} {ergonomic}
     uint ConcGCThreads                            = 1                                         {product} {ergonomic}
     uint G1ConcRefinementThreads                  = 4                                         {product} {ergonomic}
   size_t G1HeapRegionSize                         = 1048576                                   {product} {ergonomic}
    uintx GCDrainStackTargetSize                   = 64                                        {product} {ergonomic}
   size_t InitialHeapSize                          = 65011712                                  {product} {ergonomic}
   size_t MarkStackSize                            = 4194304                                   {product} {ergonomic}
   size_t MaxHeapSize                              = 1023410176                                {product} {ergonomic}
   size_t MaxNewSize                               = 613416960                                 {product} {ergonomic}
   size_t MinHeapDeltaBytes                        = 1048576                                   {product} {ergonomic}
   size_t MinHeapSize                              = 8388608                                   {product} {ergonomic}
    uintx NonNMethodCodeHeapSize                   = 5832780                                {pd product} {ergonomic}
    uintx NonProfiledCodeHeapSize                  = 122912730                              {pd product} {ergonomic}
    uintx ProfiledCodeHeapSize                     = 122912730                              {pd product} {ergonomic}
    uintx ReservedCodeCacheSize                    = 251658240                              {pd product} {ergonomic}
     bool SegmentedCodeCache                       = true                                      {product} {ergonomic}
   size_t SoftMaxHeapSize                          = 1023410176                             {manageable} {ergonomic}
     bool UseCompressedClassPointers               = true                                 {lp64_product} {ergonomic}
     bool UseCompressedOops                        = true                                 {lp64_product} {ergonomic}
     bool UseG1GC                                  = true                                      {product} {ergonomic}
     bool UseLargePagesIndividualAllocation        = false                                  {pd product} {ergonomic}

Logging:
Log output configuration:
 #0: stdout all=warning uptime,level,tags
 #1: stderr all=off uptime,level,tags

Environment Variables:
PATH=C:\Program Files\AdoptOpenJDK\jdk-14.0.1.7-hotspot\bin;C:\Windows\system32;C:\Windows;C:\Windows\System32\Wbem;C:\Windows\System32\WindowsPowerShell\v1.0\;C:\Windows\System32\OpenSSH\;C:\Users\galit\Desktop\גלית\אוטומציה;C:\Users\galit\Desktop\גלית\אוטומציה\apache-maven-3.6.3\bin;C:\Program Files\Git\cmd;C:\Program Files\Git\mingw64\bin;C:\Program Files\Git\usr\bin;C:\Users\galit\AppData\Local\Microsoft\WindowsApps;
USERNAME=galit
OS=Windows_NT
PROCESSOR_IDENTIFIER=Intel64 Family 6 Model 122 Stepping 1, GenuineIntel



---------------  S Y S T E M  ---------------

OS: Windows 10 , 64 bit Build 18362 (10.0.18362.1082)
OS uptime: 2 days 4:06 hours

CPU:total 4 (initial active 4) (4 cores per cpu, 1 threads per core) family 6 model 122 stepping 1, cmov, cx8, fxsr, mmx, sse, sse2, sse3, ssse3, sse4.1, sse4.2, popcnt, aes, clmul, erms, 3dnowpref, tsc, tscinvbit, sha

Memory: 4k page, system-wide physical 3903M (296M free)
TotalPageFile size 15679M (AvailPageFile size 1M)
current process WorkingSet (physical memory assigned to process): 117M, peak: 117M
current process commit charge ("private bytes"): 172M, peak: 172M

vm_info: OpenJDK 64-Bit Server VM (14.0.1+7) for windows-amd64 JRE (14.0.1+7), built on Apr 22 2020 14:10:56 by "" with MS VC++ 15.9 (VS2017)

END.
