#
# There is insufficient memory for the Java Runtime Environment to continue.
# Native memory allocation (malloc) failed to allocate 32744 bytes for ChunkPool::allocate
# Possible reasons:
#   The system is out of physical RAM or swap space
#   The process is running with CompressedOops enabled, and the Java Heap may be blocking the growth of the native heap
# Possible solutions:
#   Reduce memory load on the system
#   Increase physical memory or swap space
#   Check if swap backing store is full
#   Decrease Java heap size (-Xmx/-Xms)
#   Decrease number of Java threads
Out of Memory Error (./src/hotspot/share/memory/arena.cpp:79), pid=44476, tid=18600
#
# JRE version: OpenJDK Runtime Environment AdoptOpenJDK (14.0.1+7) (build 14.0.1+7)
# Java VM: OpenJDK 64-Bit Server VM AdoptOpenJDK (14.0.1+7, mixed mode, sharing, tiered, compressed oops, g1 gc, windows-amd64)
# No core dump will be written. Minidumps are not enabled by default on client versions of Windows
#

---------------  S U M M A R Y ------------

Command Line: -ea -Dtestng.dtd.http=true -Didea.test.cyclic.buffer.size=1048576 -javaagent:C:\Program Files\JetBrains\IntelliJ IDEA Community Edition 2020.1.2\lib\idea_rt.jar=64018:C:\Program Files\JetBrains\IntelliJ IDEA Community Edition 2020.1.2\bin -Dfile.encoding=UTF-8 com.intellij.rt.testng.RemoteTestNGStarter -usedefaultlisteners false -socket64017 @w@C:\Users\galit\AppData\Local\Temp\idea_working_dirs_testng.tmp -temp C:\Users\galit\AppData\Local\Temp\idea_testng.tmp

Host: Intel(R) Pentium(R) Silver N5000 CPU @ 1.10GHz, 4 cores, 3G,  Windows 10 , 64 bit Build 18362 (10.0.18362.1082)
Time: Sat Sep 19 17:36:08 2020 ???? ÷?? ??????? elapsed time: 69 seconds (0d 0h 1m 9s)

---------------  T H R E A D  ---------------

Current thread (0x00000212bf868800):  JavaThread "main" [_thread_in_vm, id=18600, stack(0x000000ec40400000,0x000000ec40500000)]

Stack: [0x000000ec40400000,0x000000ec40500000]
Native frames: (J=compiled Java code, j=interpreted, Vv=VM code, C=native code)
V  [jvm.dll+0x5fd4fa]
V  [jvm.dll+0x7a965a]
V  [jvm.dll+0x7aae0f]
V  [jvm.dll+0x7ab453]
V  [jvm.dll+0x20f0c8]
V  [jvm.dll+0xad236]
V  [jvm.dll+0xad58c]
V  [jvm.dll+0x347e4b]
V  [jvm.dll+0x34969f]
V  [jvm.dll+0x3c86ca]
C  0x00000212c82cf242

Java frames: (J=compiled Java code, j=interpreted, Vv=VM code)
j  java.lang.StackTraceElement.initStackTraceElements([Ljava/lang/StackTraceElement;Ljava/lang/Throwable;)V+0 java.base@14.0.1
j  java.lang.StackTraceElement.of(Ljava/lang/Throwable;I)[Ljava/lang/StackTraceElement;+30 java.base@14.0.1
j  java.lang.Throwable.getOurStackTrace()[Ljava/lang/StackTraceElement;+30 java.base@14.0.1
j  java.lang.Throwable.getStackTrace()[Ljava/lang/StackTraceElement;+1 java.base@14.0.1
j  org.openqa.selenium.WebDriverException.lambda$getAdditionalInformation$4(Ljava/lang/String;)Ljava/lang/String;+13
j  org.openqa.selenium.WebDriverException$$Lambda$383.apply(Ljava/lang/Object;)Ljava/lang/Object;+8
J 963 c1 java.util.HashMap.computeIfAbsent(Ljava/lang/Object;Ljava/util/function/Function;)Ljava/lang/Object; java.base@14.0.1 (330 bytes) @ 0x00000212c8a0bdd4 [0x00000212c8a0b280+0x0000000000000b54]
j  org.openqa.selenium.WebDriverException.getAdditionalInformation()Ljava/lang/String;+12
j  org.openqa.selenium.WebDriverException.createMessage(Ljava/lang/String;)Ljava/lang/String;+76
j  org.openqa.selenium.WebDriverException.getMessage()Ljava/lang/String;+22
j  org.testng.internal.ConfigInvoker.handleConfigurationFailure(Ljava/lang/Throwable;Lorg/testng/ITestNGMethod;Lorg/testng/ITestResult;Lorg/testng/annotations/IConfigurationAnnotation;Lorg/testng/ITestNGMethod;Ljava/lang/Object;Lorg/testng/xml/XmlSuite;)V+80
j  org.testng.internal.ConfigInvoker.invokeConfigurations(Lorg/testng/internal/ConfigMethodArguments;)V+621
j  org.testng.internal.TestMethodWorker.invokeBeforeClassMethods(Lorg/testng/ITestClass;Lorg/testng/IMethodInstance;)V+159
j  org.testng.internal.TestMethodWorker.run()V+102
j  org.testng.TestRunner$$Lambda$97.accept(Ljava/lang/Object;)V+7
j  java.util.ArrayList.forEach(Ljava/util/function/Consumer;)V+46 java.base@14.0.1
j  org.testng.TestRunner.privateRun(Lorg/testng/xml/XmlTest;)V+356
j  org.testng.TestRunner.run()V+25
j  org.testng.SuiteRunner.runTest(Lorg/testng/TestRunner;)V+21
j  org.testng.SuiteRunner.runSequentially()V+31
j  org.testng.SuiteRunner.privateRun()V+296
j  org.testng.SuiteRunner.run()V+6
j  org.testng.SuiteRunnerWorker.runSuite(Lorg/testng/internal/SuiteRunnerMap;Lorg/testng/xml/XmlSuite;)V+87
j  org.testng.SuiteRunnerWorker.run()V+12
j  org.testng.TestNG.runSuitesSequentially(Lorg/testng/xml/XmlSuite;Lorg/testng/internal/SuiteRunnerMap;ILjava/lang/String;)V+66
j  org.testng.TestNG.runSuitesLocally()Ljava/util/List;+156
j  org.testng.TestNG.runSuites()Ljava/util/List;+1
j  org.testng.TestNG.run()V+25
j  com.intellij.rt.testng.IDEARemoteTestNG.run()V+270
j  com.intellij.rt.testng.RemoteTestNGStarter.main([Ljava/lang/String;)V+533
v  ~StubRoutines::call_stub

---------------  P R O C E S S  ---------------

Threads class SMR info:
_java_thread_list=0x00000212df7cedc0, length=22, elements={
0x00000212bf868800, 0x00000212dbb93800, 0x00000212dbb95800, 0x00000212dbbb8800,
0x00000212dbbb9800, 0x00000212dbbbc800, 0x00000212dbbc3000, 0x00000212dbbc5000,
0x00000212dbc3e800, 0x00000212dc5e8800, 0x00000212dc69d800, 0x00000212dc641000,
0x00000212dcf5c800, 0x00000212dd4d9800, 0x00000212dd721000, 0x00000212dd0b0000,
0x00000212dd71d000, 0x00000212dd747800, 0x00000212dd748000, 0x00000212dd74b800,
0x00000212dd74a800, 0x00000212dd74c000
}

Java Threads: ( => current thread )
=>0x00000212bf868800 JavaThread "main" [_thread_in_vm, id=18600, stack(0x000000ec40400000,0x000000ec40500000)]
  0x00000212dbb93800 JavaThread "Reference Handler" daemon [_thread_blocked, id=16208, stack(0x000000ec40b00000,0x000000ec40c00000)]
  0x00000212dbb95800 JavaThread "Finalizer" daemon [_thread_blocked, id=29536, stack(0x000000ec40c00000,0x000000ec40d00000)]
  0x00000212dbbb8800 JavaThread "Signal Dispatcher" daemon [_thread_blocked, id=47428, stack(0x000000ec40d00000,0x000000ec40e00000)]
  0x00000212dbbb9800 JavaThread "Attach Listener" daemon [_thread_blocked, id=43772, stack(0x000000ec40e00000,0x000000ec40f00000)]
  0x00000212dbbbc800 JavaThread "Service Thread" daemon [_thread_blocked, id=20452, stack(0x000000ec40f00000,0x000000ec41000000)]
  0x00000212dbbc3000 JavaThread "C2 CompilerThread0" daemon [_thread_in_native, id=9524, stack(0x000000ec41000000,0x000000ec41100000)]
  0x00000212dbbc5000 JavaThread "C1 CompilerThread0" daemon [_thread_blocked, id=38972, stack(0x000000ec41100000,0x000000ec41200000)]
  0x00000212dbc3e800 JavaThread "Sweeper thread" daemon [_thread_blocked, id=4004, stack(0x000000ec41200000,0x000000ec41300000)]
  0x00000212dc5e8800 JavaThread "Common-Cleaner" daemon [_thread_blocked, id=47464, stack(0x000000ec41300000,0x000000ec41400000)]
  0x00000212dc69d800 JavaThread "Monitor Ctrl-Break" daemon [_thread_in_native, id=27728, stack(0x000000ec41400000,0x000000ec41500000)]
  0x00000212dc641000 JavaThread "Notification Thread" daemon [_thread_blocked, id=41424, stack(0x000000ec41500000,0x000000ec41600000)]
  0x00000212dcf5c800 JavaThread "ForkJoinPool.commonPool-worker-3" daemon [_thread_blocked, id=44404, stack(0x000000ec41900000,0x000000ec41a00000)]
  0x00000212dd4d9800 JavaThread "AsyncHttpClient-timer-1-1" [_thread_blocked, id=45020, stack(0x000000ec41a00000,0x000000ec41b00000)]
  0x00000212dd721000 JavaThread "Exec Default Executor" daemon [_thread_in_native, id=45528, stack(0x000000ec41d00000,0x000000ec41e00000)]
  0x00000212dd0b0000 JavaThread "ForkJoinPool.commonPool-worker-5" daemon [_thread_blocked, id=10632, stack(0x000000ec41e00000,0x000000ec41f00000)]
  0x00000212dd71d000 JavaThread "ForkJoinPool.commonPool-worker-7" daemon [_thread_blocked, id=34784, stack(0x000000ec41f00000,0x000000ec42000000)]
  0x00000212dd747800 JavaThread "Exec Stream Pumper" daemon [_thread_in_native, id=45196, stack(0x000000ec42200000,0x000000ec42300000)]
  0x00000212dd748000 JavaThread "Exec Stream Pumper" daemon [_thread_in_native, id=7440, stack(0x000000ec42300000,0x000000ec42400000)]
  0x00000212dd74b800 JavaThread "AsyncHttpClient-3-1" [_thread_in_native, id=6660, stack(0x000000ec42500000,0x000000ec42600000)]
  0x00000212dd74a800 JavaThread "AsyncHttpClient-3-2" [_thread_in_native, id=39464, stack(0x000000ec42400000,0x000000ec42500000)]
  0x00000212dd74c000 JavaThread "AsyncHttpClient-3-3" [_thread_in_native, id=45340, stack(0x000000ec42600000,0x000000ec42700000)]

Other Threads:
  0x00000212dbb90800 VMThread "VM Thread" [stack: 0x000000ec40a00000,0x000000ec40b00000] [id=1872]
  0x00000212dc646000 WatcherThread [stack: 0x000000ec41600000,0x000000ec41700000] [id=25064]
  0x00000212bf89a800 GCTaskThread "GC Thread#0" [stack: 0x000000ec40500000,0x000000ec40600000] [id=48088]
  0x00000212dcc2b000 GCTaskThread "GC Thread#1" [stack: 0x000000ec41700000,0x000000ec41800000] [id=32380]
  0x00000212dd60d800 GCTaskThread "GC Thread#2" [stack: 0x000000ec41b00000,0x000000ec41c00000] [id=4232]
  0x00000212dd60e000 GCTaskThread "GC Thread#3" [stack: 0x000000ec41c00000,0x000000ec41d00000] [id=47200]
  0x00000212bf8a4800 ConcurrentGCThread "G1 Main Marker" [stack: 0x000000ec40600000,0x000000ec40700000] [id=4176]
  0x00000212bf8a6000 ConcurrentGCThread "G1 Conc#0" [stack: 0x000000ec40700000,0x000000ec40800000] [id=10068]
  0x00000212bf8e8800 ConcurrentGCThread "G1 Refine#0" [stack: 0x000000ec40800000,0x000000ec40900000] [id=47852]
  0x00000212dc735000 ConcurrentGCThread "G1 Refine#1" [stack: 0x000000ec41800000,0x000000ec41900000] [id=47172]
  0x00000212bf8e9800 ConcurrentGCThread "G1 Young RemSet Sampling" [stack: 0x000000ec40900000,0x000000ec40a00000] [id=1304]

Threads with active compile tasks:
C2 CompilerThread0    70010 2021       4       java.lang.StringBuilder::append (8 bytes)

VM state:not at safepoint (normal execution)

VM Mutex/Monitor currently owned by a thread: None

Heap address: 0x00000000c3000000, size: 976 MB, Compressed Oops mode: 32-bit
Narrow klass base: 0x0000000800000000, Narrow klass shift: 3
Compressed class space size: 1073741824 Address: 0x0000000800b30000

Heap:
 garbage-first heap   total 63488K, used 31263K [0x00000000c3000000, 0x0000000100000000)
  region size 1024K, 9 young (9216K), 3 survivors (3072K)
 Metaspace       used 21267K, capacity 21904K, committed 22140K, reserved 1069056K
  class space    used 2534K, capacity 2762K, committed 2764K, reserved 1048576K
Heap Regions: E=young(eden), S=young(survivor), O=old, HS=humongous(starts), HC=humongous(continues), CS=collection set, F=free, OA=open archive, CA=closed archive, TAMS=top-at-mark-start (previous, next)
|   0|0x00000000c3000000, 0x00000000c3100000, 0x00000000c3100000|100%| O|  |TAMS 0x00000000c3100000, 0x00000000c3000000| Untracked 
|   1|0x00000000c3100000, 0x00000000c3200000, 0x00000000c3200000|100%| O|  |TAMS 0x00000000c3200000, 0x00000000c3100000| Untracked 
|   2|0x00000000c3200000, 0x00000000c3300000, 0x00000000c3300000|100%| O|  |TAMS 0x00000000c3300000, 0x00000000c3200000| Untracked 
|   3|0x00000000c3300000, 0x00000000c3400000, 0x00000000c3400000|100%| O|  |TAMS 0x00000000c3300000, 0x00000000c3300000| Untracked 
|   4|0x00000000c3400000, 0x00000000c3500000, 0x00000000c3500000|100%| O|  |TAMS 0x00000000c3500000, 0x00000000c3400000| Untracked 
|   5|0x00000000c3500000, 0x00000000c3600000, 0x00000000c3600000|100%| O|  |TAMS 0x00000000c352ee00, 0x00000000c3500000| Untracked 
|   6|0x00000000c3600000, 0x00000000c3700000, 0x00000000c3700000|100%|HS|  |TAMS 0x00000000c3700000, 0x00000000c3600000| Complete 
|   7|0x00000000c3700000, 0x00000000c3800000, 0x00000000c3800000|100%|HC|  |TAMS 0x00000000c3800000, 0x00000000c3700000| Complete 
|   8|0x00000000c3800000, 0x00000000c3900000, 0x00000000c3900000|100%|HC|  |TAMS 0x00000000c3900000, 0x00000000c3800000| Complete 
|   9|0x00000000c3900000, 0x00000000c3a00000, 0x00000000c3a00000|100%|HC|  |TAMS 0x00000000c3a00000, 0x00000000c3900000| Complete 
|  10|0x00000000c3a00000, 0x00000000c3b00000, 0x00000000c3b00000|100%|HC|  |TAMS 0x00000000c3b00000, 0x00000000c3a00000| Complete 
|  11|0x00000000c3b00000, 0x00000000c3c00000, 0x00000000c3c00000|100%|HC|  |TAMS 0x00000000c3c00000, 0x00000000c3b00000| Complete 
|  12|0x00000000c3c00000, 0x00000000c3d00000, 0x00000000c3d00000|100%|HC|  |TAMS 0x00000000c3d00000, 0x00000000c3c00000| Complete 
|  13|0x00000000c3d00000, 0x00000000c3e00000, 0x00000000c3e00000|100%|HC|  |TAMS 0x00000000c3e00000, 0x00000000c3d00000| Complete 
|  14|0x00000000c3e00000, 0x00000000c3f00000, 0x00000000c3f00000|100%|HC|  |TAMS 0x00000000c3f00000, 0x00000000c3e00000| Complete 
|  15|0x00000000c3f00000, 0x00000000c4000000, 0x00000000c4000000|100%|HC|  |TAMS 0x00000000c4000000, 0x00000000c3f00000| Complete 
|  16|0x00000000c4000000, 0x00000000c4100000, 0x00000000c4100000|100%|HC|  |TAMS 0x00000000c4100000, 0x00000000c4000000| Complete 
|  17|0x00000000c4100000, 0x00000000c4200000, 0x00000000c4200000|100%|HC|  |TAMS 0x00000000c4200000, 0x00000000c4100000| Complete 
|  18|0x00000000c4200000, 0x00000000c4300000, 0x00000000c4300000|100%|HC|  |TAMS 0x00000000c4300000, 0x00000000c4200000| Complete 
|  19|0x00000000c4300000, 0x00000000c4400000, 0x00000000c4400000|100%|HC|  |TAMS 0x00000000c4400000, 0x00000000c4300000| Complete 
|  20|0x00000000c4400000, 0x00000000c4500000, 0x00000000c4500000|100%|HC|  |TAMS 0x00000000c4500000, 0x00000000c4400000| Complete 
|  21|0x00000000c4500000, 0x00000000c4600000, 0x00000000c4600000|100%|HC|  |TAMS 0x00000000c4600000, 0x00000000c4500000| Complete 
|  22|0x00000000c4600000, 0x00000000c4700000, 0x00000000c4700000|100%|HC|  |TAMS 0x00000000c4700000, 0x00000000c4600000| Complete 
|  23|0x00000000c4700000, 0x00000000c4700000, 0x00000000c4800000|  0%| F|  |TAMS 0x00000000c4700000, 0x00000000c4700000| Untracked 
|  24|0x00000000c4800000, 0x00000000c4800000, 0x00000000c4900000|  0%| F|  |TAMS 0x00000000c4800000, 0x00000000c4800000| Untracked 
|  25|0x00000000c4900000, 0x00000000c4900000, 0x00000000c4a00000|  0%| F|  |TAMS 0x00000000c4900000, 0x00000000c4900000| Untracked 
|  26|0x00000000c4a00000, 0x00000000c4a00000, 0x00000000c4b00000|  0%| F|  |TAMS 0x00000000c4a00000, 0x00000000c4a00000| Untracked 
|  27|0x00000000c4b00000, 0x00000000c4b64600, 0x00000000c4c00000| 39%| O|  |TAMS 0x00000000c4b00000, 0x00000000c4b00000| Untracked 
|  28|0x00000000c4c00000, 0x00000000c4c00000, 0x00000000c4d00000|  0%| F|  |TAMS 0x00000000c4c00000, 0x00000000c4c00000| Untracked 
|  29|0x00000000c4d00000, 0x00000000c4d00000, 0x00000000c4e00000|  0%| F|  |TAMS 0x00000000c4d00000, 0x00000000c4d00000| Untracked 
|  30|0x00000000c4e00000, 0x00000000c4e00000, 0x00000000c4f00000|  0%| F|  |TAMS 0x00000000c4e00000, 0x00000000c4e00000| Untracked 
|  31|0x00000000c4f00000, 0x00000000c4f00000, 0x00000000c5000000|  0%| F|  |TAMS 0x00000000c4f00000, 0x00000000c4f00000| Untracked 
|  32|0x00000000c5000000, 0x00000000c5000000, 0x00000000c5100000|  0%| F|  |TAMS 0x00000000c5000000, 0x00000000c5000000| Untracked 
|  33|0x00000000c5100000, 0x00000000c5100000, 0x00000000c5200000|  0%| F|  |TAMS 0x00000000c5100000, 0x00000000c5100000| Untracked 
|  34|0x00000000c5200000, 0x00000000c5200000, 0x00000000c5300000|  0%| F|  |TAMS 0x00000000c5200000, 0x00000000c5200000| Untracked 
|  35|0x00000000c5300000, 0x00000000c5300000, 0x00000000c5400000|  0%| F|  |TAMS 0x00000000c5300000, 0x00000000c5300000| Untracked 
|  36|0x00000000c5400000, 0x00000000c5423650, 0x00000000c5500000| 13%| S|CS|TAMS 0x00000000c5400000, 0x00000000c5400000| Complete 
|  37|0x00000000c5500000, 0x00000000c5600000, 0x00000000c5600000|100%| S|CS|TAMS 0x00000000c5500000, 0x00000000c5500000| Complete 
|  38|0x00000000c5600000, 0x00000000c5700000, 0x00000000c5700000|100%| S|CS|TAMS 0x00000000c5600000, 0x00000000c5600000| Complete 
|  39|0x00000000c5700000, 0x00000000c5700000, 0x00000000c5800000|  0%| F|  |TAMS 0x00000000c5700000, 0x00000000c5700000| Untracked 
|  40|0x00000000c5800000, 0x00000000c5800000, 0x00000000c5900000|  0%| F|  |TAMS 0x00000000c5800000, 0x00000000c5800000| Untracked 
|  41|0x00000000c5900000, 0x00000000c5900000, 0x00000000c5a00000|  0%| F|  |TAMS 0x00000000c5900000, 0x00000000c5900000| Untracked 
|  42|0x00000000c5a00000, 0x00000000c5a00000, 0x00000000c5b00000|  0%| F|  |TAMS 0x00000000c5a00000, 0x00000000c5a00000| Untracked 
|  43|0x00000000c5b00000, 0x00000000c5b00000, 0x00000000c5c00000|  0%| F|  |TAMS 0x00000000c5b00000, 0x00000000c5b00000| Untracked 
|  44|0x00000000c5c00000, 0x00000000c5c00000, 0x00000000c5d00000|  0%| F|  |TAMS 0x00000000c5c00000, 0x00000000c5c00000| Untracked 
|  45|0x00000000c5d00000, 0x00000000c5d00000, 0x00000000c5e00000|  0%| F|  |TAMS 0x00000000c5d00000, 0x00000000c5d00000| Untracked 
|  46|0x00000000c5e00000, 0x00000000c5e00000, 0x00000000c5f00000|  0%| F|  |TAMS 0x00000000c5e00000, 0x00000000c5e00000| Untracked 
|  47|0x00000000c5f00000, 0x00000000c5f00000, 0x00000000c6000000|  0%| F|  |TAMS 0x00000000c5f00000, 0x00000000c5f00000| Untracked 
|  48|0x00000000c6000000, 0x00000000c6000000, 0x00000000c6100000|  0%| F|  |TAMS 0x00000000c6000000, 0x00000000c6000000| Untracked 
|  49|0x00000000c6100000, 0x00000000c6100000, 0x00000000c6200000|  0%| F|  |TAMS 0x00000000c6100000, 0x00000000c6100000| Untracked 
|  50|0x00000000c6200000, 0x00000000c6200000, 0x00000000c6300000|  0%| F|  |TAMS 0x00000000c6200000, 0x00000000c6200000| Untracked 
|  51|0x00000000c6300000, 0x00000000c6300000, 0x00000000c6400000|  0%| F|  |TAMS 0x00000000c6300000, 0x00000000c6300000| Untracked 
|  52|0x00000000c6400000, 0x00000000c6400000, 0x00000000c6500000|  0%| F|  |TAMS 0x00000000c6400000, 0x00000000c6400000| Untracked 
|  53|0x00000000c6500000, 0x00000000c6500000, 0x00000000c6600000|  0%| F|  |TAMS 0x00000000c6500000, 0x00000000c6500000| Untracked 
|  54|0x00000000c6600000, 0x00000000c6600000, 0x00000000c6700000|  0%| F|  |TAMS 0x00000000c6600000, 0x00000000c6600000| Untracked 
|  55|0x00000000c6700000, 0x00000000c6700000, 0x00000000c6800000|  0%| F|  |TAMS 0x00000000c6700000, 0x00000000c6700000| Untracked 
|  56|0x00000000c6800000, 0x00000000c684d3c0, 0x00000000c6900000| 30%| E|  |TAMS 0x00000000c6800000, 0x00000000c6800000| Complete 
|  57|0x00000000c6900000, 0x00000000c6a00000, 0x00000000c6a00000|100%| E|CS|TAMS 0x00000000c6900000, 0x00000000c6900000| Complete 
|  58|0x00000000c6a00000, 0x00000000c6b00000, 0x00000000c6b00000|100%| E|CS|TAMS 0x00000000c6a00000, 0x00000000c6a00000| Complete 
|  59|0x00000000c6b00000, 0x00000000c6c00000, 0x00000000c6c00000|100%| E|CS|TAMS 0x00000000c6b00000, 0x00000000c6b00000| Complete 
|  60|0x00000000c6c00000, 0x00000000c6d00000, 0x00000000c6d00000|100%| E|CS|TAMS 0x00000000c6c00000, 0x00000000c6c00000| Complete 
|  61|0x00000000c6d00000, 0x00000000c6e00000, 0x00000000c6e00000|100%| E|CS|TAMS 0x00000000c6d00000, 0x00000000c6d00000| Complete 

Card table byte_map: [0x00000212d74b0000,0x00000212d76a0000] _byte_map_base: 0x00000212d6e98000

Marking Bits (Prev, Next): (CMBitMap*) 0x00000212bf89c2c8, (CMBitMap*) 0x00000212bf89c288
 Prev Bits: [0x00000212d87d0000, 0x00000212d9710000)
 Next Bits: [0x00000212d7890000, 0x00000212d87d0000)

Polling page: 0x00000212bf030000

Metaspace:

Usage:
  Non-class:     18.69 MB capacity,    18.29 MB ( 98%) used,   341.55 KB (  2%) free+waste,    67.06 KB ( <1%) overhead. 
      Class:      2.70 MB capacity,     2.47 MB ( 92%) used,   194.31 KB (  7%) free+waste,    33.63 KB (  1%) overhead. 
       Both:     21.39 MB capacity,    20.77 MB ( 97%) used,   535.86 KB (  2%) free+waste,   100.69 KB ( <1%) overhead. 

Virtual space:
  Non-class space:       20.00 MB reserved,      18.92 MB ( 95%) committed 
      Class space:        1.00 GB reserved,       2.70 MB ( <1%) committed 
             Both:        1.02 GB reserved,      21.62 MB (  2%) committed 

Chunk freelists:
   Non-Class:  0 bytes
       Class:  0 bytes
        Both:  0 bytes

MaxMetaspaceSize: 17179869184.00 GB
CompressedClassSpaceSize: 1.00 GB

CodeHeap 'non-profiled nmethods': size=120000Kb used=814Kb max_used=814Kb free=119185Kb
 bounds [0x00000212cfd90000, 0x00000212d0000000, 0x00000212d72c0000]
CodeHeap 'profiled nmethods': size=120000Kb used=4013Kb max_used=4013Kb free=115986Kb
 bounds [0x00000212c8860000, 0x00000212c8c50000, 0x00000212cfd90000]
CodeHeap 'non-nmethods': size=5760Kb used=1283Kb max_used=1330Kb free=4476Kb
 bounds [0x00000212c82c0000, 0x00000212c8530000, 0x00000212c8860000]
 total_blobs=3284 nmethods=2021 adapters=471
 compilation: enabled
              stopped_count=0, restarted_count=0
 full_count=0

Compilation events (20 events):
Event: 40.034 Thread 0x00000212dbbc5000 nmethod 2011 0x00000212cfe5ae90 code [0x00000212cfe5b020, 0x00000212cfe5b0f8]
Event: 41.235 Thread 0x00000212dbbc5000 2012       3       io.netty.util.HashedWheelTimer::access$600 (4 bytes)
Event: 41.235 Thread 0x00000212dbbc5000 nmethod 2012 0x00000212c8c47810 code [0x00000212c8c479a0, 0x00000212c8c47a98]
Event: 41.334 Thread 0x00000212dbbc5000 2013       3       io.netty.util.HashedWheelTimer$HashedWheelBucket::expireTimeouts (115 bytes)
Event: 41.338 Thread 0x00000212dbbc5000 nmethod 2013 0x00000212c8c47b10 code [0x00000212c8c47e00, 0x00000212c8c48f38]
Event: 43.334 Thread 0x00000212dbbc5000 2014       1       io.netty.channel.nio.AbstractNioChannel::javaChannel (5 bytes)
Event: 43.334 Thread 0x00000212dbbc5000 nmethod 2014 0x00000212cfe5b190 code [0x00000212cfe5b320, 0x00000212cfe5b3f8]
Event: 62.034 Thread 0x00000212dbbc5000 2015       3       jdk.internal.misc.Unsafe::weakCompareAndSetLong (11 bytes)
Event: 62.034 Thread 0x00000212dbbc5000 nmethod 2015 0x00000212c8c49490 code [0x00000212c8c49620, 0x00000212c8c49758]
Event: 64.646 Thread 0x00000212dbbc5000 2017       3       jdk.internal.misc.Unsafe::getAndAddLong (27 bytes)
Event: 64.646 Thread 0x00000212dbbc5000 nmethod 2017 0x00000212c8c49810 code [0x00000212c8c499c0, 0x00000212c8c49c38]
Event: 69.940 Thread 0x00000212dbbc5000 2018       3       java.lang.invoke.BoundMethodHandle::bindArgumentL (11 bytes)
Event: 69.940 Thread 0x00000212dbbc5000 nmethod 2018 0x00000212c8c49d90 code [0x00000212c8c49f80, 0x00000212c8c4a498]
Event: 69.940 Thread 0x00000212dbbc5000 2019       3       java.lang.invoke.LambdaFormEditor::bindArgumentL (59 bytes)
Event: 69.941 Thread 0x00000212dbbc5000 nmethod 2019 0x00000212c8c4a690 code [0x00000212c8c4a860, 0x00000212c8c4ab28]
Event: 69.942 Thread 0x00000212dbbc5000 2020       3       java.util.stream.ReferencePipeline::<init> (7 bytes)
Event: 69.942 Thread 0x00000212dbbc5000 nmethod 2020 0x00000212c8c4ac90 code [0x00000212c8c4ae40, 0x00000212c8c4af88]
Event: 69.944 Thread 0x00000212dbbc3000 2021       4       java.lang.StringBuilder::append (8 bytes)
Event: 69.944 Thread 0x00000212dbbc5000 2022       3       java.util.StringJoiner::getChars (15 bytes)
Event: 69.945 Thread 0x00000212dbbc5000 nmethod 2022 0x00000212c8c4b010 code [0x00000212c8c4b1c0, 0x00000212c8c4b408]

GC Heap History (10 events):
Event: 1.743 GC heap before
{Heap before GC invocations=0 (full 0):
 garbage-first heap   total 63488K, used 12288K [0x00000000c3000000, 0x0000000100000000)
  region size 1024K, 13 young (13312K), 0 survivors (0K)
 Metaspace       used 5360K, capacity 6165K, committed 6400K, reserved 1056768K
  class space    used 583K, capacity 656K, committed 768K, reserved 1048576K
}
Event: 1.754 GC heap after
{Heap after GC invocations=1 (full 0):
 garbage-first heap   total 63488K, used 4161K [0x00000000c3000000, 0x0000000100000000)
  region size 1024K, 2 young (2048K), 2 survivors (2048K)
 Metaspace       used 5360K, capacity 6165K, committed 6400K, reserved 1056768K
  class space    used 583K, capacity 656K, committed 768K, reserved 1048576K
}
Event: 2.556 GC heap before
{Heap before GC invocations=1 (full 0):
 garbage-first heap   total 63488K, used 16449K [0x00000000c3000000, 0x0000000100000000)
  region size 1024K, 14 young (14336K), 2 survivors (2048K)
 Metaspace       used 7926K, capacity 8381K, committed 8576K, reserved 1056768K
  class space    used 794K, capacity 889K, committed 896K, reserved 1048576K
}
Event: 2.563 GC heap after
{Heap after GC invocations=2 (full 0):
 garbage-first heap   total 63488K, used 4606K [0x00000000c3000000, 0x0000000100000000)
  region size 1024K, 1 young (1024K), 1 survivors (1024K)
 Metaspace       used 7926K, capacity 8381K, committed 8576K, reserved 1056768K
  class space    used 794K, capacity 889K, committed 896K, reserved 1048576K
}
Event: 3.740 GC heap before
{Heap before GC invocations=2 (full 0):
 garbage-first heap   total 63488K, used 27134K [0x00000000c3000000, 0x0000000100000000)
  region size 1024K, 23 young (23552K), 1 survivors (1024K)
 Metaspace       used 13133K, capacity 13482K, committed 13568K, reserved 1060864K
  class space    used 1393K, capacity 1516K, committed 1536K, reserved 1048576K
}
Event: 3.746 GC heap after
{Heap after GC invocations=3 (full 0):
 garbage-first heap   total 63488K, used 6636K [0x00000000c3000000, 0x0000000100000000)
  region size 1024K, 3 young (3072K), 3 survivors (3072K)
 Metaspace       used 13133K, capacity 13482K, committed 13568K, reserved 1060864K
  class space    used 1393K, capacity 1516K, committed 1536K, reserved 1048576K
}
Event: 4.943 GC heap before
{Heap before GC invocations=3 (full 0):
 garbage-first heap   total 63488K, used 39404K [0x00000000c3000000, 0x0000000100000000)
  region size 1024K, 35 young (35840K), 3 survivors (3072K)
 Metaspace       used 17929K, capacity 18446K, committed 18688K, reserved 1064960K
  class space    used 2063K, capacity 2268K, committed 2304K, reserved 1048576K
}
Event: 4.949 GC heap after
{Heap after GC invocations=4 (full 0):
 garbage-first heap   total 63488K, used 7849K [0x00000000c3000000, 0x0000000100000000)
  region size 1024K, 4 young (4096K), 4 survivors (4096K)
 Metaspace       used 17929K, capacity 18446K, committed 18688K, reserved 1064960K
  class space    used 2063K, capacity 2268K, committed 2304K, reserved 1048576K
}
Event: 9.721 GC heap before
{Heap before GC invocations=4 (full 0):
 garbage-first heap   total 63488K, used 47785K [0x00000000c3000000, 0x0000000100000000)
  region size 1024K, 27 young (27648K), 4 survivors (4096K)
 Metaspace       used 20721K, capacity 21258K, committed 21296K, reserved 1069056K
  class space    used 2454K, capacity 2675K, committed 2688K, reserved 1048576K
}
Event: 9.729 GC heap after
{Heap after GC invocations=5 (full 0):
 garbage-first heap   total 63488K, used 26143K [0x00000000c3000000, 0x0000000100000000)
  region size 1024K, 3 young (3072K), 3 survivors (3072K)
 Metaspace       used 20721K, capacity 21258K, committed 21296K, reserved 1069056K
  class space    used 2454K, capacity 2675K, committed 2688K, reserved 1048576K
}

Deoptimization events (20 events):
Event: 9.657 Thread 0x00000212bf868800 Uncommon trap: trap_request=0xffffffde fr.pc=0x00000212cfe2a178 relative=0x00000000000004d8
Event: 9.657 Thread 0x00000212bf868800 Uncommon trap: reason=class_check action=maybe_recompile pc=0x00000212cfe2a178 method=org.openqa.selenium.json.Input.init()V @ 18 c2
Event: 9.657 Thread 0x00000212bf868800 DEOPT PACKING pc=0x00000212cfe2a178 sp=0x000000ec404fd270
Event: 9.657 Thread 0x00000212bf868800 DEOPT UNPACKING pc=0x00000212c8309429 sp=0x000000ec404fd248 mode 2
Event: 9.657 Thread 0x00000212bf868800 Uncommon trap: trap_request=0xffffffde fr.pc=0x00000212cfe2a178 relative=0x00000000000004d8
Event: 9.657 Thread 0x00000212bf868800 Uncommon trap: reason=class_check action=maybe_recompile pc=0x00000212cfe2a178 method=org.openqa.selenium.json.Input.init()V @ 18 c2
Event: 9.657 Thread 0x00000212bf868800 DEOPT PACKING pc=0x00000212cfe2a178 sp=0x000000ec404fcca0
Event: 9.657 Thread 0x00000212bf868800 DEOPT UNPACKING pc=0x00000212c8309429 sp=0x000000ec404fcc78 mode 2
Event: 9.657 Thread 0x00000212bf868800 Uncommon trap: trap_request=0xffffffde fr.pc=0x00000212cfe2a178 relative=0x00000000000004d8
Event: 9.657 Thread 0x00000212bf868800 Uncommon trap: reason=class_check action=maybe_recompile pc=0x00000212cfe2a178 method=org.openqa.selenium.json.Input.init()V @ 18 c2
Event: 9.657 Thread 0x00000212bf868800 DEOPT PACKING pc=0x00000212cfe2a178 sp=0x000000ec404fcca0
Event: 9.657 Thread 0x00000212bf868800 DEOPT UNPACKING pc=0x00000212c8309429 sp=0x000000ec404fcc78 mode 2
Event: 9.695 Thread 0x00000212bf868800 Uncommon trap: trap_request=0xffffff45 fr.pc=0x00000212cfe01fd0 relative=0x00000000000011f0
Event: 9.695 Thread 0x00000212bf868800 Uncommon trap: reason=unstable_if action=reinterpret pc=0x00000212cfe01fd0 method=java.util.concurrent.ConcurrentHashMap.putVal(Ljava/lang/Object;Ljava/lang/Object;Z)Ljava/lang/Object; @ 256 c2
Event: 9.695 Thread 0x00000212bf868800 DEOPT PACKING pc=0x00000212cfe01fd0 sp=0x000000ec404fd2d0
Event: 9.695 Thread 0x00000212bf868800 DEOPT UNPACKING pc=0x00000212c8309429 sp=0x000000ec404fd268 mode 2
Event: 9.916 Thread 0x00000212dd74b800 Uncommon trap: trap_request=0xffffff45 fr.pc=0x00000212cfe117a0 relative=0x0000000000000260
Event: 9.916 Thread 0x00000212dd74b800 Uncommon trap: reason=unstable_if action=reinterpret pc=0x00000212cfe117a0 method=java.io.ByteArrayInputStream.read()I @ 8 c2
Event: 9.916 Thread 0x00000212dd74b800 DEOPT PACKING pc=0x00000212cfe117a0 sp=0x000000ec425fee40
Event: 9.916 Thread 0x00000212dd74b800 DEOPT UNPACKING pc=0x00000212c8309429 sp=0x000000ec425fedf8 mode 2

Classes unloaded (1 events):
Event: 9.743 Thread 0x00000212dbb90800 Unloading class 0x0000000800b94c40 'sun/nio/ch/NioSocketImpl$$Lambda$16'

Classes redefined (0 events):
No events

Internal exceptions (20 events):
Event: 3.985 Thread 0x00000212bf868800 Exception <a 'java/lang/NoSuchMethodError'{0x00000000c636ddf8}: 'java.lang.Object java.lang.invoke.DirectMethodHandle$Holder.invokeSpecialIFC(java.lang.Object, java.lang.Object, java.lang.Object, java.lang.Object)'> (0x00000000c636ddf8) 
thrown [./src/hotspot/share/interpreter/linkResolver.cpp, line 766]
Event: 4.123 Thread 0x00000212dd721000 Exception <a 'java/lang/NoSuchMethodError'{0x00000000c5ea52c0}: 'void java.lang.invoke.DirectMethodHandle$Holder.invokeStatic(java.lang.Object, long)'> (0x00000000c5ea52c0) 
thrown [./src/hotspot/share/interpreter/linkResolver.cpp, line 766]
Event: 4.127 Thread 0x00000212dd721000 Exception <a 'java/lang/NoSuchMethodError'{0x00000000c5eaf3d0}: 'java.lang.Object java.lang.invoke.DirectMethodHandle$Holder.invokeStaticInit(java.lang.Object, java.lang.Object, long, java.lang.Object)'> (0x00000000c5eaf3d0) 
thrown [./src/hotspot/share/interpreter/linkResolver.cpp, line 766]
Event: 4.129 Thread 0x00000212dd721000 Exception <a 'java/lang/NoSuchMethodError'{0x00000000c5eb4830}: 'java.lang.Object java.lang.invoke.Invokers$Holder.linkToTargetMethod(java.lang.Object, long, java.lang.Object)'> (0x00000000c5eb4830) 
thrown [./src/hotspot/share/interpreter/linkResolver.cpp, line 766]
Event: 4.664 Thread 0x00000212bf868800 Exception <a 'java/lang/NoSuchMethodError'{0x00000000c5cff740}: 'java.lang.Object java.lang.invoke.DirectMethodHandle$Holder.invokeInterface(java.lang.Object, java.lang.Object, java.lang.Object)'> (0x00000000c5cff740) 
thrown [./src/hotspot/share/interpreter/linkResolver.cpp, line 766]
Event: 4.665 Thread 0x00000212bf868800 Exception <a 'java/lang/IncompatibleClassChangeError'{0x00000000c5b02850}: Found class java.lang.Object, but interface was expected> (0x00000000c5b02850) 
thrown [./src/hotspot/share/interpreter/linkResolver.cpp, line 832]
Event: 4.667 Thread 0x00000212bf868800 Exception <a 'java/lang/NoSuchMethodError'{0x00000000c5b0a750}: 'int java.lang.invoke.DirectMethodHandle$Holder.invokeSpecialIFC(java.lang.Object, java.lang.Object, java.lang.Object, java.lang.Object)'> (0x00000000c5b0a750) 
thrown [./src/hotspot/share/interpreter/linkResolver.cpp, line 766]
Event: 4.668 Thread 0x00000212bf868800 Exception <a 'java/lang/NoSuchMethodError'{0x00000000c5b12490}: 'java.lang.Object java.lang.invoke.DirectMethodHandle$Holder.invokeInterface(java.lang.Object, java.lang.Object, java.lang.Object, java.lang.Object)'> (0x00000000c5b12490) 
thrown [./src/hotspot/share/interpreter/linkResolver.cpp, line 766]
Event: 4.683 Thread 0x00000212bf868800 Exception <a 'java/lang/NoSuchMethodError'{0x00000000c5b6bd70}: 'double java.lang.invoke.DirectMethodHandle$Holder.invokeVirtual(java.lang.Object, java.lang.Object)'> (0x00000000c5b6bd70) 
thrown [./src/hotspot/share/interpreter/linkResolver.cpp, line 766]
Event: 4.684 Thread 0x00000212bf868800 Exception <a 'java/lang/NoSuchMethodError'{0x00000000c5b71558}: 'float java.lang.invoke.DirectMethodHandle$Holder.invokeVirtual(java.lang.Object, java.lang.Object)'> (0x00000000c5b71558) 
thrown [./src/hotspot/share/interpreter/linkResolver.cpp, line 766]
Event: 4.685 Thread 0x00000212bf868800 Exception <a 'java/lang/NoSuchMethodError'{0x00000000c5b78f60}: 'long java.lang.invoke.DirectMethodHandle$Holder.invokeVirtual(java.lang.Object, java.lang.Object)'> (0x00000000c5b78f60) 
thrown [./src/hotspot/share/interpreter/linkResolver.cpp, line 766]
Event: 4.691 Thread 0x00000212bf868800 Exception <a 'java/lang/NoSuchMethodError'{0x00000000c5bd9530}: 'java.lang.Object java.lang.invoke.DirectMethodHandle$Holder.invokeVirtual(java.lang.Object, java.lang.Object, java.lang.Object)'> (0x00000000c5bd9530) 
thrown [./src/hotspot/share/interpreter/linkResolver.cpp, line 766]
Event: 4.708 Thread 0x00000212bf868800 Exception <a 'java/lang/NoSuchMethodError'{0x00000000c5a5a470}: 'void java.lang.invoke.DirectMethodHandle$Holder.invokeSpecial(java.lang.Object, java.lang.Object, java.lang.Object, java.lang.Object)'> (0x00000000c5a5a470) 
thrown [./src/hotspot/share/interpreter/linkResolver.cpp, line 766]
Event: 4.731 Thread 0x00000212bf868800 Exception <a 'java/lang/NoSuchMethodError'{0x00000000c595aa88}: 'void java.lang.invoke.DirectMethodHandle$Holder.invokeSpecial(java.lang.Object, java.lang.Object, java.lang.Object, java.lang.Object, java.lang.Object)'> (0x00000000c595aa88) 
thrown [./src/hotspot/share/interpreter/linkResolver.cpp, line 766]
Event: 5.106 Thread 0x00000212bf868800 Exception <a 'java/lang/NoSuchMethodError'{0x00000000c677efc8}: 'void java.lang.invoke.DirectMethodHandle$Holder.invokeSpecial(java.lang.Object, java.lang.Object, java.lang.Object, java.lang.Object, java.lang.Object, java.lang.Object)'> (0x00000000c677efc8) 
thrown [./src/hotspot/share/interpreter/linkResolver.cpp, line 766]
Event: 9.668 Thread 0x00000212bf868800 Exception <a 'java/lang/NoSuchMethodError'{0x00000000c581b8f0}: 'java.lang.Object java.lang.invoke.DirectMethodHandle$Holder.invokeSpecialIFC(java.lang.Object, java.lang.Object, java.lang.Object)'> (0x00000000c581b8f0) 
thrown [./src/hotspot/share/interpreter/linkResolver.cpp, line 766]
Event: 9.697 Thread 0x00000212bf868800 Exception <a 'java/lang/NoSuchMethodError'{0x00000000c58a9e58}: 'java.lang.Object java.lang.invoke.DirectMethodHandle$Holder.invokeStatic(java.lang.Object, int, java.lang.Object)'> (0x00000000c58a9e58) 
thrown [./src/hotspot/share/interpreter/linkResolver.cpp, line 766]
Event: 9.707 Thread 0x00000212bf868800 Exception <a 'java/lang/ClassNotFoundException'{0x00000000c58d46e0}: sun/util/logging/resources/spi/loggingProvider> (0x00000000c58d46e0) 
thrown [./src/hotspot/share/classfile/systemDictionary.cpp, line 226]
Event: 69.939 Thread 0x00000212bf868800 Exception <a 'java/lang/ClassNotFoundException'{0x00000000c69cba28}: sun/misc/SharedSecrets> (0x00000000c69cba28) 
thrown [./src/hotspot/share/classfile/systemDictionary.cpp, line 226]
Event: 69.944 Thread 0x00000212bf868800 Exception <a 'java/lang/reflect/InvocationTargetException'{0x00000000c69dcf30}> (0x00000000c69dcf30) 
thrown [./src/hotspot/share/runtime/reflection.cpp, line 1188]

Events (20 events):
Event: 12.731 Loaded shared library C:\Program Files\AdoptOpenJDK\jdk-14.0.1.7-hotspot\bin\java.dll
Event: 24.114 loading class java/util/concurrent/CompletionException
Event: 24.114 loading class java/util/concurrent/CompletionException done
Event: 24.116 loading class java/lang/StackTraceElement$HashedModules
Event: 24.116 loading class java/lang/StackTraceElement$HashedModules done
Event: 64.646 Executing VM operation: HandshakeOneThread
Event: 64.646 Executing VM operation: HandshakeOneThread done
Event: 64.646 Thread 0x00000212dd752000 Thread exited: 0x00000212dd752000
Event: 69.939 loading class sun/misc/SharedSecrets
Event: 69.939 loading class sun/misc/SharedSecrets done
Event: 69.939 Executing VM operation: HandshakeOneThread
Event: 69.939 Executing VM operation: HandshakeOneThread done
Event: 69.940 loading class java/util/stream/SortedOps
Event: 69.941 loading class java/util/stream/SortedOps done
Event: 69.941 loading class java/util/stream/SortedOps$OfRef
Event: 69.942 loading class java/util/stream/SortedOps$OfRef done
Event: 69.943 loading class java/util/stream/SortedOps$SizedRefSortingSink
Event: 69.943 loading class java/util/stream/SortedOps$AbstractRefSortingSink
Event: 69.943 loading class java/util/stream/SortedOps$AbstractRefSortingSink done
Event: 69.943 loading class java/util/stream/SortedOps$SizedRefSortingSink done


Dynamic libraries:
0x00007ff67ff00000 - 0x00007ff67ff0d000 	C:\Program Files\AdoptOpenJDK\jdk-14.0.1.7-hotspot\bin\java.exe
0x00007ffa6e860000 - 0x00007ffa6ea50000 	C:\Windows\SYSTEM32\ntdll.dll
0x00007ffa6d510000 - 0x00007ffa6d5c2000 	C:\Windows\System32\KERNEL32.DLL
0x00007ffa6bba0000 - 0x00007ffa6be45000 	C:\Windows\System32\KERNELBASE.dll
0x00007ffa6ba10000 - 0x00007ffa6bb0a000 	C:\Windows\System32\ucrtbase.dll
0x00007ffa617c0000 - 0x00007ffa617d8000 	C:\Program Files\AdoptOpenJDK\jdk-14.0.1.7-hotspot\bin\jli.dll
0x00007ffa60d30000 - 0x00007ffa60d45000 	C:\Program Files\AdoptOpenJDK\jdk-14.0.1.7-hotspot\bin\VCRUNTIME140.dll
0x00007ffa54730000 - 0x00007ffa549b4000 	C:\Windows\WinSxS\amd64_microsoft.windows.common-controls_6595b64144ccf1df_6.0.18362.1082_none_9e8193e1e45b25c1\COMCTL32.dll
0x00007ffa6e4e0000 - 0x00007ffa6e57e000 	C:\Windows\System32\msvcrt.dll
0x00007ffa6d640000 - 0x00007ffa6d7d5000 	C:\Windows\System32\USER32.dll
0x00007ffa6df30000 - 0x00007ffa6e265000 	C:\Windows\System32\combase.dll
0x00007ffa6d8c0000 - 0x00007ffa6d9e0000 	C:\Windows\System32\RPCRT4.dll
0x00007ffa6c7d0000 - 0x00007ffa6c850000 	C:\Windows\System32\bcryptPrimitives.dll
0x00007ffa6e320000 - 0x00007ffa6e346000 	C:\Windows\System32\GDI32.dll
0x00007ffa6b7f0000 - 0x00007ffa6b811000 	C:\Windows\System32\win32u.dll
0x00007ffa6b870000 - 0x00007ffa6ba06000 	C:\Windows\System32\gdi32full.dll
0x00007ffa6c870000 - 0x00007ffa6c90e000 	C:\Windows\System32\msvcp_win.dll
0x00007ffa6e350000 - 0x00007ffa6e37e000 	C:\Windows\System32\IMM32.DLL
0x00007ffa5ba80000 - 0x00007ffa5bb1b000 	C:\Program Files\AdoptOpenJDK\jdk-14.0.1.7-hotspot\bin\msvcp140.dll
0x00007ffa2c530000 - 0x00007ffa2d0dc000 	C:\Program Files\AdoptOpenJDK\jdk-14.0.1.7-hotspot\bin\server\jvm.dll
0x00007ffa6e380000 - 0x00007ffa6e423000 	C:\Windows\System32\ADVAPI32.dll
0x00007ffa6de60000 - 0x00007ffa6def7000 	C:\Windows\System32\sechost.dll
0x00007ffa6c9e0000 - 0x00007ffa6c9e8000 	C:\Windows\System32\PSAPI.DLL
0x00007ffa684a0000 - 0x00007ffa684a9000 	C:\Windows\SYSTEM32\WSOCK32.dll
0x00007ffa6d5d0000 - 0x00007ffa6d63f000 	C:\Windows\System32\WS2_32.dll
0x00007ffa683f0000 - 0x00007ffa68414000 	C:\Windows\SYSTEM32\WINMM.dll
0x00007ffa63170000 - 0x00007ffa6317a000 	C:\Windows\SYSTEM32\VERSION.dll
0x00007ffa682c0000 - 0x00007ffa682ed000 	C:\Windows\SYSTEM32\WINMMBASE.dll
0x00007ffa6b820000 - 0x00007ffa6b86a000 	C:\Windows\System32\cfgmgr32.dll
0x00007ffa6b750000 - 0x00007ffa6b761000 	C:\Windows\System32\kernel.appcore.dll
0x00007ffa68510000 - 0x00007ffa6851a000 	C:\Program Files\AdoptOpenJDK\jdk-14.0.1.7-hotspot\bin\jimage.dll
0x00007ffa6a040000 - 0x00007ffa6a234000 	C:\Windows\SYSTEM32\DBGHELP.DLL
0x00007ffa609b0000 - 0x00007ffa609da000 	C:\Windows\SYSTEM32\dbgcore.DLL
0x00007ffa68550000 - 0x00007ffa6855e000 	C:\Program Files\AdoptOpenJDK\jdk-14.0.1.7-hotspot\bin\instrument.dll
0x00007ffa60c80000 - 0x00007ffa60ca5000 	C:\Program Files\AdoptOpenJDK\jdk-14.0.1.7-hotspot\bin\java.dll
0x00007ffa5c260000 - 0x00007ffa5c276000 	C:\Program Files\AdoptOpenJDK\jdk-14.0.1.7-hotspot\bin\zip.dll
0x00007ffa6ce20000 - 0x00007ffa6d507000 	C:\Windows\System32\SHELL32.dll
0x00007ffa6e270000 - 0x00007ffa6e319000 	C:\Windows\System32\shcore.dll
0x00007ffa6bfa0000 - 0x00007ffa6c720000 	C:\Windows\System32\windows.storage.dll
0x00007ffa6b7c0000 - 0x00007ffa6b7e3000 	C:\Windows\System32\profapi.dll
0x00007ffa6b770000 - 0x00007ffa6b7ba000 	C:\Windows\System32\powrprof.dll
0x00007ffa6b720000 - 0x00007ffa6b730000 	C:\Windows\System32\UMPDC.dll
0x00007ffa6cc60000 - 0x00007ffa6ccb2000 	C:\Windows\System32\shlwapi.dll
0x00007ffa6c850000 - 0x00007ffa6c867000 	C:\Windows\System32\cryptsp.dll
0x00007ffa5c240000 - 0x00007ffa5c259000 	C:\Program Files\AdoptOpenJDK\jdk-14.0.1.7-hotspot\bin\net.dll
0x00007ffa5c530000 - 0x00007ffa5c620000 	C:\Windows\SYSTEM32\WINHTTP.dll
0x00007ffa6af10000 - 0x00007ffa6af77000 	C:\Windows\system32\mswsock.dll
0x00007ffa5c1f0000 - 0x00007ffa5c202000 	C:\Program Files\AdoptOpenJDK\jdk-14.0.1.7-hotspot\bin\nio.dll
0x00007ffa616d0000 - 0x00007ffa616e0000 	C:\Program Files\AdoptOpenJDK\jdk-14.0.1.7-hotspot\bin\verify.dll
0x00007ffa66070000 - 0x00007ffa6608a000 	C:\Program Files\JetBrains\IntelliJ IDEA Community Edition 2020.1.2\bin\breakgen64.dll
0x00007ffa6aa80000 - 0x00007ffa6aab3000 	C:\Windows\system32\rsaenh.dll
0x00007ffa6bb70000 - 0x00007ffa6bb96000 	C:\Windows\System32\bcrypt.dll
0x00007ffa6b600000 - 0x00007ffa6b625000 	C:\Windows\SYSTEM32\USERENV.dll
0x00007ffa6b0e0000 - 0x00007ffa6b0ec000 	C:\Windows\SYSTEM32\CRYPTBASE.dll
0x00007ffa6ac20000 - 0x00007ffa6ac5a000 	C:\Windows\SYSTEM32\IPHLPAPI.DLL
0x00007ffa6df00000 - 0x00007ffa6df08000 	C:\Windows\System32\NSI.dll
0x00007ffa60b20000 - 0x00007ffa60b36000 	C:\Windows\SYSTEM32\dhcpcsvc6.DLL
0x00007ffa60ed0000 - 0x00007ffa60eec000 	C:\Windows\SYSTEM32\dhcpcsvc.DLL
0x00007ffa6ac60000 - 0x00007ffa6ad2b000 	C:\Windows\SYSTEM32\DNSAPI.dll
0x00007ffa63010000 - 0x00007ffa6301a000 	C:\Windows\System32\rasadhlp.dll
0x00007ffa60a40000 - 0x00007ffa60ab7000 	C:\Windows\System32\fwpuclnt.dll
0x00007ffa5c370000 - 0x00007ffa5c379000 	C:\Program Files\AdoptOpenJDK\jdk-14.0.1.7-hotspot\bin\management.dll
0x00007ffa5c180000 - 0x00007ffa5c18b000 	C:\Program Files\AdoptOpenJDK\jdk-14.0.1.7-hotspot\bin\management_ext.dll
0x00007ffa68530000 - 0x00007ffa6853e000 	C:\Program Files\AdoptOpenJDK\jdk-14.0.1.7-hotspot\bin\sunmscapi.dll
0x00007ffa6be50000 - 0x00007ffa6bf99000 	C:\Windows\System32\CRYPT32.dll
0x00007ffa6b730000 - 0x00007ffa6b742000 	C:\Windows\System32\MSASN1.dll
0x00007ffa6b1e0000 - 0x00007ffa6b206000 	C:\Windows\SYSTEM32\ncrypt.dll
0x00007ffa6b1a0000 - 0x00007ffa6b1db000 	C:\Windows\SYSTEM32\NTASN1.dll
0x00007ffa659f0000 - 0x00007ffa65a15000 	C:\Program Files\AdoptOpenJDK\jdk-14.0.1.7-hotspot\bin\sunec.dll
0x00007ffa43360000 - 0x00007ffa43376000 	C:\Windows\system32\napinsp.dll
0x00007ffa43060000 - 0x00007ffa4307a000 	C:\Windows\system32\pnrpnsp.dll
0x00007ffa4b1c0000 - 0x00007ffa4b1ce000 	C:\Windows\System32\winrnr.dll
0x00007ffa60bf0000 - 0x00007ffa60c0c000 	C:\Windows\system32\NLAapi.dll
0x00007ffa66250000 - 0x00007ffa66265000 	C:\Windows\system32\wshbth.dll

dbghelp: loaded successfully - version: 4.0.5 - missing functions: none
symbol engine: initialized successfully - sym options: 0x614 - pdb path: .;C:\Program Files\AdoptOpenJDK\jdk-14.0.1.7-hotspot\bin;C:\Windows\SYSTEM32;C:\Windows\WinSxS\amd64_microsoft.windows.common-controls_6595b64144ccf1df_6.0.18362.1082_none_9e8193e1e45b25c1;C:\Program Files\AdoptOpenJDK\jdk-14.0.1.7-hotspot\bin\server;C:\Program Files\JetBrains\IntelliJ IDEA Community Edition 2020.1.2\bin

VM Arguments:
jvm_args: -ea -Dtestng.dtd.http=true -Didea.test.cyclic.buffer.size=1048576 -javaagent:C:\Program Files\JetBrains\IntelliJ IDEA Community Edition 2020.1.2\lib\idea_rt.jar=64018:C:\Program Files\JetBrains\IntelliJ IDEA Community Edition 2020.1.2\bin -Dfile.encoding=UTF-8 
java_command: com.intellij.rt.testng.RemoteTestNGStarter -usedefaultlisteners false -socket64017 @w@C:\Users\galit\AppData\Local\Temp\idea_working_dirs_testng.tmp -temp C:\Users\galit\AppData\Local\Temp\idea_testng.tmp
java_class_path (initial): C:\Program Files\JetBrains\IntelliJ IDEA Community Edition 2020.1.2\lib\idea_rt.jar;C:\Program Files\JetBrains\IntelliJ IDEA Community Edition 2020.1.2\plugins\testng\lib\testng-rt.jar;C:\Users\galit\IdeaProjects\BuyMeProject\target\test-classes;C:\Users\galit\.m2\repository\org\testng\testng\7.1.0\testng-7.1.0.jar;C:\Users\galit\.m2\repository\com\beust\jcommander\1.72\jcommander-1.72.jar;C:\Users\galit\.m2\repository\com\google\inject\guice\4.1.0\guice-4.1.0-no_aop.jar;C:\Users\galit\.m2\repository\javax\inject\javax.inject\1\javax.inject-1.jar;C:\Users\galit\.m2\repository\aopalliance\aopalliance\1.0\aopalliance-1.0.jar;C:\Users\galit\.m2\repository\org\yaml\snakeyaml\1.21\snakeyaml-1.21.jar;C:\Users\galit\.m2\repository\org\seleniumhq\selenium\selenium-java\4.0.0-alpha-6\selenium-java-4.0.0-alpha-6.jar;C:\Users\galit\.m2\repository\org\seleniumhq\selenium\selenium-api\4.0.0-alpha-6\selenium-api-4.0.0-alpha-6.jar;C:\Users\galit\.m2\repository\org\seleniumhq\selenium\selenium-chrome-driver\4.0.0-alpha-6\selenium-chrome-driver-4.0.0-alpha-6.jar;C:\Users\galit\.m2\repository\com\google\auto\service\auto-service-annotations\1.0-rc6\auto-service-annotations-1.0-rc6.jar;C:\Users\galit\.m2\repository\com\google\auto\service\auto-service\1.0-rc6\auto-service-1.0-rc6.jar;C:\Users\galit\.m2\repository\com\google\auto\auto-common\0.10\auto-common-0.10.jar;C:\Users\galit\.m2\repository\org\seleniumhq\selenium\selenium-chromium-driver\4.0.0-alpha-6\selenium-chromium-driver-4.0.0-alpha-6.jar;C:\Users\galit\.m2\repository\org\seleniumhq\selenium\selenium-devtools\4.0.0-alpha-6\selenium-devtools-4.0.0-alpha-6.jar;C:\Users\galit\.m2\repository\org\seleniumhq\selenium\selenium-http\4.0.0-alpha-6\selenium-http-4.0.0-alpha-6.jar;C:\Users\galit\.m2\repository\org\seleniumhq\selenium\selenium-json\4.0.0-alpha-6\selenium-json-4.0.0-alpha-6.jar;C:\Users\galit\.m2\repository\org\seleniumhq\selenium\selenium-edge-driver\4.0.0-alpha-6\selenium-edge-driver-4.0.0
Launcher Type: SUN_STANDARD

[Global flags]
     intx CICompilerCount                          = 3                                         {product} {ergonomic}
     uint ConcGCThreads                            = 1                                         {product} {ergonomic}
     uint G1ConcRefinementThreads                  = 4                                         {product} {ergonomic}
   size_t G1HeapRegionSize                         = 1048576                                   {product} {ergonomic}
    uintx GCDrainStackTargetSize                   = 64                                        {product} {ergonomic}
   size_t InitialHeapSize                          = 65011712                                  {product} {ergonomic}
   size_t MarkStackSize                            = 4194304                                   {product} {ergonomic}
   size_t MaxHeapSize                              = 1023410176                                {product} {ergonomic}
   size_t MaxNewSize                               = 613416960                                 {product} {ergonomic}
   size_t MinHeapDeltaBytes                        = 1048576                                   {product} {ergonomic}
   size_t MinHeapSize                              = 8388608                                   {product} {ergonomic}
    uintx NonNMethodCodeHeapSize                   = 5832780                                {pd product} {ergonomic}
    uintx NonProfiledCodeHeapSize                  = 122912730                              {pd product} {ergonomic}
    uintx ProfiledCodeHeapSize                     = 122912730                              {pd product} {ergonomic}
    uintx ReservedCodeCacheSize                    = 251658240                              {pd product} {ergonomic}
     bool SegmentedCodeCache                       = true                                      {product} {ergonomic}
   size_t SoftMaxHeapSize                          = 1023410176                             {manageable} {ergonomic}
     bool UseCompressedClassPointers               = true                                 {lp64_product} {ergonomic}
     bool UseCompressedOops                        = true                                 {lp64_product} {ergonomic}
     bool UseG1GC                                  = true                                      {product} {ergonomic}
     bool UseLargePagesIndividualAllocation        = false                                  {pd product} {ergonomic}

Logging:
Log output configuration:
 #0: stdout all=warning uptime,level,tags
 #1: stderr all=off uptime,level,tags

Environment Variables:
PATH=C:\Program Files\AdoptOpenJDK\jdk-14.0.1.7-hotspot\bin;C:\Windows\system32;C:\Windows;C:\Windows\System32\Wbem;C:\Windows\System32\WindowsPowerShell\v1.0\;C:\Windows\System32\OpenSSH\;C:\Users\galit\Desktop\גלית\אוטומציה;C:\Users\galit\Desktop\גלית\אוטומציה\apache-maven-3.6.3\bin;C:\Program Files\Git\cmd;C:\Program Files\Git\mingw64\bin;C:\Program Files\Git\usr\bin;C:\Users\galit\AppData\Local\Microsoft\WindowsApps;
USERNAME=galit
OS=Windows_NT
PROCESSOR_IDENTIFIER=Intel64 Family 6 Model 122 Stepping 1, GenuineIntel



---------------  S Y S T E M  ---------------

OS: Windows 10 , 64 bit Build 18362 (10.0.18362.1082)
OS uptime: 4 days 17:48 hours

CPU:total 4 (initial active 4) (4 cores per cpu, 1 threads per core) family 6 model 122 stepping 1, cmov, cx8, fxsr, mmx, sse, sse2, sse3, ssse3, sse4.1, sse4.2, popcnt, aes, clmul, erms, 3dnowpref, tsc, tscinvbit, sha

Memory: 4k page, system-wide physical 3903M (204M free)
TotalPageFile size 15679M (AvailPageFile size 0M)
current process WorkingSet (physical memory assigned to process): 177M, peak: 202M
current process commit charge ("private bytes"): 217M, peak: 239M

vm_info: OpenJDK 64-Bit Server VM (14.0.1+7) for windows-amd64 JRE (14.0.1+7), built on Apr 22 2020 14:10:56 by "" with MS VC++ 15.9 (VS2017)

END.
