#
# There is insufficient memory for the Java Runtime Environment to continue.
# Native memory allocation (malloc) failed to allocate 1628112 bytes for Chunk::new
# Possible reasons:
#   The system is out of physical RAM or swap space
#   The process is running with CompressedOops enabled, and the Java Heap may be blocking the growth of the native heap
# Possible solutions:
#   Reduce memory load on the system
#   Increase physical memory or swap space
#   Check if swap backing store is full
#   Decrease Java heap size (-Xmx/-Xms)
#   Decrease number of Java threads
#   Decrease Java thread stack sizes (-Xss)
#   Set larger code cache with -XX:ReservedCodeCacheSize=
#   JVM is running with Unscaled Compressed Oops mode in which the Java heap is
#     placed in the first 4GB address space. The Java Heap base address is the
#     maximum limit for the native heap growth. Please use -XX:HeapBaseMinAddress
#     to set the Java Heap base and to place the Java Heap above 4GB virtual address.
# This output file may be truncated or incomplete.
#
#  Out of Memory Error (./src/hotspot/share/memory/arena.cpp:195), pid=7648, tid=46900
#
# JRE version: OpenJDK Runtime Environment AdoptOpenJDK (14.0.1+7) (build 14.0.1+7)
# Java VM: OpenJDK 64-Bit Server VM AdoptOpenJDK (14.0.1+7, mixed mode, sharing, tiered, compressed oops, g1 gc, windows-amd64)
# No core dump will be written. Minidumps are not enabled by default on client versions of Windows
#

---------------  S U M M A R Y ------------

Command Line: -ea -Dtestng.dtd.http=true -Didea.test.cyclic.buffer.size=1048576 -javaagent:C:\Program Files\JetBrains\IntelliJ IDEA Community Edition 2020.1.2\lib\idea_rt.jar=50943:C:\Program Files\JetBrains\IntelliJ IDEA Community Edition 2020.1.2\bin -Dfile.encoding=UTF-8 com.intellij.rt.testng.RemoteTestNGStarter -usedefaultlisteners false -socket50942 @w@C:\Users\galit\AppData\Local\Temp\idea_working_dirs_testng.tmp -temp C:\Users\galit\AppData\Local\Temp\idea_testng.tmp

Host: Intel(R) Pentium(R) Silver N5000 CPU @ 1.10GHz, 4 cores, 3G,  Windows 10 , 64 bit Build 18362 (10.0.18362.1082)
Time: Mon Sep 14 22:45:16 2020 ???? ÷?? ??????? elapsed time: 4 seconds (0d 0h 0m 4s)

---------------  T H R E A D  ---------------

Current thread (0x0000021145d27800):  JavaThread "C2 CompilerThread0" daemon [_thread_in_native, id=46900, stack(0x000000aeaa700000,0x000000aeaa800000)]


Current CompileTask:
C2:   4674 1736   !   4       jdk.internal.loader.URLClassPath$JarLoader::getResource (354 bytes)

Stack: [0x000000aeaa700000,0x000000aeaa800000]
Native frames: (J=compiled Java code, j=interpreted, Vv=VM code, C=native code)
V  [jvm.dll+0x5fd4fa]
V  [jvm.dll+0x7a965a]
V  [jvm.dll+0x7aae0f]
V  [jvm.dll+0x7ab453]
V  [jvm.dll+0x20f0c8]
V  [jvm.dll+0xace97]
V  [jvm.dll+0xad58c]
V  [jvm.dll+0x31f0b5]
V  [jvm.dll+0x18e350]
V  [jvm.dll+0x1e7d0a]
V  [jvm.dll+0x1e6ec8]
V  [jvm.dll+0x179d5c]
V  [jvm.dll+0x1f5f15]
V  [jvm.dll+0x1f40fb]
V  [jvm.dll+0x76e1ad]
V  [jvm.dll+0x766fca]
V  [jvm.dll+0x5fc3b6]
C  [ucrtbase.dll+0x20e82]
C  [KERNEL32.DLL+0x17bd4]
C  [ntdll.dll+0x6ce51]


---------------  P R O C E S S  ---------------

Threads class SMR info:
_java_thread_list=0x0000021147a51620, length=22, elements={
0x0000021127ab9000, 0x0000021145d02800, 0x0000021145d04000, 0x0000021145d1f800,
0x0000021145d22800, 0x0000021145d23800, 0x0000021145d27800, 0x0000021145d29800,
0x0000021145d94800, 0x0000021145ced800, 0x000002114679b800, 0x00000211467a0800,
0x0000021146edc800, 0x00000211476b6000, 0x0000021147828800, 0x0000021147844800,
0x000002114729c000, 0x00000211477e2800, 0x000002114792d000, 0x00000211479e6800,
0x00000211479e7800, 0x00000211479ea000
}

Java Threads: ( => current thread )
  0x0000021127ab9000 JavaThread "Forwarding newSession on session null to remote" [_thread_blocked, id=42148, stack(0x000000aea9b00000,0x000000aea9c00000)]
  0x0000021145d02800 JavaThread "Reference Handler" daemon [_thread_blocked, id=19260, stack(0x000000aeaa200000,0x000000aeaa300000)]
  0x0000021145d04000 JavaThread "Finalizer" daemon [_thread_blocked, id=46520, stack(0x000000aeaa300000,0x000000aeaa400000)]
  0x0000021145d1f800 JavaThread "Signal Dispatcher" daemon [_thread_blocked, id=45504, stack(0x000000aeaa400000,0x000000aeaa500000)]
  0x0000021145d22800 JavaThread "Attach Listener" daemon [_thread_blocked, id=46412, stack(0x000000aeaa500000,0x000000aeaa600000)]
  0x0000021145d23800 JavaThread "Service Thread" daemon [_thread_blocked, id=46720, stack(0x000000aeaa600000,0x000000aeaa700000)]
=>0x0000021145d27800 JavaThread "C2 CompilerThread0" daemon [_thread_in_native, id=46900, stack(0x000000aeaa700000,0x000000aeaa800000)]
  0x0000021145d29800 JavaThread "C1 CompilerThread0" daemon [_thread_blocked, id=42128, stack(0x000000aeaa800000,0x000000aeaa900000)]
  0x0000021145d94800 JavaThread "Sweeper thread" daemon [_thread_blocked, id=18708, stack(0x000000aeaa900000,0x000000aeaaa00000)]
  0x0000021145ced800 JavaThread "Common-Cleaner" daemon [_thread_blocked, id=32656, stack(0x000000aeaaa00000,0x000000aeaab00000)]
  0x000002114679b800 JavaThread "Monitor Ctrl-Break" daemon [_thread_in_native, id=45268, stack(0x000000aeaab00000,0x000000aeaac00000)]
  0x00000211467a0800 JavaThread "Notification Thread" daemon [_thread_blocked, id=26956, stack(0x000000aeaac00000,0x000000aeaad00000)]
  0x0000021146edc800 JavaThread "ForkJoinPool.commonPool-worker-3" daemon [_thread_blocked, id=30644, stack(0x000000aeab000000,0x000000aeab100000)]
  0x00000211476b6000 JavaThread "AsyncHttpClient-timer-1-1" [_thread_blocked, id=15868, stack(0x000000aeab100000,0x000000aeab200000)]
  0x0000021147828800 JavaThread "Exec Default Executor" daemon [_thread_in_native, id=36264, stack(0x000000aeab400000,0x000000aeab500000)]
  0x0000021147844800 JavaThread "ForkJoinPool.commonPool-worker-5" daemon [_thread_blocked, id=42492, stack(0x000000aeab500000,0x000000aeab600000)]
  0x000002114729c000 JavaThread "ForkJoinPool.commonPool-worker-7" daemon [_thread_blocked, id=23340, stack(0x000000aeab600000,0x000000aeab700000)]
  0x00000211477e2800 JavaThread "UrlChecker-2" daemon [_thread_blocked, id=31276, stack(0x000000aeab700000,0x000000aeab800000)]
  0x000002114792d000 JavaThread "Exec Stream Pumper" daemon [_thread_in_native, id=42792, stack(0x000000aeab900000,0x000000aeaba00000)]
  0x00000211479e6800 JavaThread "Exec Stream Pumper" daemon [_thread_in_native, id=47048, stack(0x000000aeaba00000,0x000000aeabb00000)]
  0x00000211479e7800 JavaThread "Keep-Alive-Timer" daemon [_thread_blocked, id=45836, stack(0x000000aeabb00000,0x000000aeabc00000)]
  0x00000211479ea000 JavaThread "AsyncHttpClient-3-1" [_thread_in_vm, id=46468, stack(0x000000aeabc00000,0x000000aeabd00000)]

Other Threads:
  0x0000021145d00800 VMThread "VM Thread" [stack: 0x000000aeaa100000,0x000000aeaa200000] [id=39868]
  0x00000211467a5000 WatcherThread [stack: 0x000000aeaad00000,0x000000aeaae00000] [id=47064]
  0x0000021127aea000 GCTaskThread "GC Thread#0" [stack: 0x000000aea9c00000,0x000000aea9d00000] [id=45332]
  0x000002114702f800 GCTaskThread "GC Thread#1" [stack: 0x000000aeaae00000,0x000000aeaaf00000] [id=46384]
  0x00000211477e1800 GCTaskThread "GC Thread#2" [stack: 0x000000aeab200000,0x000000aeab300000] [id=45748]
  0x00000211477e2000 GCTaskThread "GC Thread#3" [stack: 0x000000aeab300000,0x000000aeab400000] [id=41504]
  0x0000021127af4000 ConcurrentGCThread "G1 Main Marker" [stack: 0x000000aea9d00000,0x000000aea9e00000] [id=42552]
  0x0000021127af5000 ConcurrentGCThread "G1 Conc#0" [stack: 0x000000aea9e00000,0x000000aea9f00000] [id=42648]
  0x0000021127b38000 ConcurrentGCThread "G1 Refine#0" [stack: 0x000000aea9f00000,0x000000aeaa000000] [id=46528]
  0x00000211468ef000 ConcurrentGCThread "G1 Refine#1" [stack: 0x000000aeaaf00000,0x000000aeab000000] [id=45500]
  0x0000021127b39000 ConcurrentGCThread "G1 Young RemSet Sampling" [stack: 0x000000aeaa000000,0x000000aeaa100000] [id=42660]

Threads with active compile tasks:
C2 CompilerThread0     4733 1736   !   4       jdk.internal.loader.URLClassPath$JarLoader::getResource (354 bytes)

VM state:not at safepoint (normal execution)

VM Mutex/Monitor currently owned by a thread: None

Heap address: 0x00000000c3000000, size: 976 MB, Compressed Oops mode: 32-bit
Narrow klass base: 0x0000000800000000, Narrow klass shift: 3
Compressed class space size: 1073741824 Address: 0x0000000800b30000

Heap:
 garbage-first heap   total 63488K, used 24264K [0x00000000c3000000, 0x0000000100000000)
  region size 1024K, 21 young (21504K), 4 survivors (4096K)
 Metaspace       used 19694K, capacity 20265K, committed 20480K, reserved 1067008K
  class space    used 2302K, capacity 2513K, committed 2560K, reserved 1048576K
Heap Regions: E=young(eden), S=young(survivor), O=old, HS=humongous(starts), HC=humongous(continues), CS=collection set, F=free, OA=open archive, CA=closed archive, TAMS=top-at-mark-start (previous, next)
|   0|0x00000000c3000000, 0x00000000c3100000, 0x00000000c3100000|100%| O|  |TAMS 0x00000000c3000000, 0x00000000c3000000| Untracked 
|   1|0x00000000c3100000, 0x00000000c3200000, 0x00000000c3200000|100%| O|  |TAMS 0x00000000c3100000, 0x00000000c3100000| Untracked 
|   2|0x00000000c3200000, 0x00000000c3300000, 0x00000000c3300000|100%| O|  |TAMS 0x00000000c3200000, 0x00000000c3200000| Untracked 
|   3|0x00000000c3300000, 0x00000000c3300000, 0x00000000c3400000|  0%| F|  |TAMS 0x00000000c3300000, 0x00000000c3300000| Untracked 
|   4|0x00000000c3400000, 0x00000000c3500000, 0x00000000c3500000|100%| O|  |TAMS 0x00000000c3400000, 0x00000000c3400000| Untracked 
|   5|0x00000000c3500000, 0x00000000c3540000, 0x00000000c3600000| 25%| O|  |TAMS 0x00000000c3500000, 0x00000000c3500000| Untracked 
|   6|0x00000000c3600000, 0x00000000c3600000, 0x00000000c3700000|  0%| F|  |TAMS 0x00000000c3600000, 0x00000000c3600000| Untracked 
|   7|0x00000000c3700000, 0x00000000c3700000, 0x00000000c3800000|  0%| F|  |TAMS 0x00000000c3700000, 0x00000000c3700000| Untracked 
|   8|0x00000000c3800000, 0x00000000c3800000, 0x00000000c3900000|  0%| F|  |TAMS 0x00000000c3800000, 0x00000000c3800000| Untracked 
|   9|0x00000000c3900000, 0x00000000c3900000, 0x00000000c3a00000|  0%| F|  |TAMS 0x00000000c3900000, 0x00000000c3900000| Untracked 
|  10|0x00000000c3a00000, 0x00000000c3a00000, 0x00000000c3b00000|  0%| F|  |TAMS 0x00000000c3a00000, 0x00000000c3a00000| Untracked 
|  11|0x00000000c3b00000, 0x00000000c3b00000, 0x00000000c3c00000|  0%| F|  |TAMS 0x00000000c3b00000, 0x00000000c3b00000| Untracked 
|  12|0x00000000c3c00000, 0x00000000c3c00000, 0x00000000c3d00000|  0%| F|  |TAMS 0x00000000c3c00000, 0x00000000c3c00000| Untracked 
|  13|0x00000000c3d00000, 0x00000000c3d00000, 0x00000000c3e00000|  0%| F|  |TAMS 0x00000000c3d00000, 0x00000000c3d00000| Untracked 
|  14|0x00000000c3e00000, 0x00000000c3e00000, 0x00000000c3f00000|  0%| F|  |TAMS 0x00000000c3e00000, 0x00000000c3e00000| Untracked 
|  15|0x00000000c3f00000, 0x00000000c3f00000, 0x00000000c4000000|  0%| F|  |TAMS 0x00000000c3f00000, 0x00000000c3f00000| Untracked 
|  16|0x00000000c4000000, 0x00000000c4000000, 0x00000000c4100000|  0%| F|  |TAMS 0x00000000c4000000, 0x00000000c4000000| Untracked 
|  17|0x00000000c4100000, 0x00000000c4100000, 0x00000000c4200000|  0%| F|  |TAMS 0x00000000c4100000, 0x00000000c4100000| Untracked 
|  18|0x00000000c4200000, 0x00000000c4200000, 0x00000000c4300000|  0%| F|  |TAMS 0x00000000c4200000, 0x00000000c4200000| Untracked 
|  19|0x00000000c4300000, 0x00000000c4300000, 0x00000000c4400000|  0%| F|  |TAMS 0x00000000c4300000, 0x00000000c4300000| Untracked 
|  20|0x00000000c4400000, 0x00000000c4400000, 0x00000000c4500000|  0%| F|  |TAMS 0x00000000c4400000, 0x00000000c4400000| Untracked 
|  21|0x00000000c4500000, 0x00000000c4500000, 0x00000000c4600000|  0%| F|  |TAMS 0x00000000c4500000, 0x00000000c4500000| Untracked 
|  22|0x00000000c4600000, 0x00000000c4600000, 0x00000000c4700000|  0%| F|  |TAMS 0x00000000c4600000, 0x00000000c4600000| Untracked 
|  23|0x00000000c4700000, 0x00000000c4772270, 0x00000000c4800000| 44%| S|CS|TAMS 0x00000000c4700000, 0x00000000c4700000| Complete 
|  24|0x00000000c4800000, 0x00000000c4900000, 0x00000000c4900000|100%| S|CS|TAMS 0x00000000c4800000, 0x00000000c4800000| Complete 
|  25|0x00000000c4900000, 0x00000000c4a00000, 0x00000000c4a00000|100%| S|CS|TAMS 0x00000000c4900000, 0x00000000c4900000| Complete 
|  26|0x00000000c4a00000, 0x00000000c4b00000, 0x00000000c4b00000|100%| S|CS|TAMS 0x00000000c4a00000, 0x00000000c4a00000| Complete 
|  27|0x00000000c4b00000, 0x00000000c4b00000, 0x00000000c4c00000|  0%| F|  |TAMS 0x00000000c4b00000, 0x00000000c4b00000| Untracked 
|  28|0x00000000c4c00000, 0x00000000c4c00000, 0x00000000c4d00000|  0%| F|  |TAMS 0x00000000c4c00000, 0x00000000c4c00000| Untracked 
|  29|0x00000000c4d00000, 0x00000000c4d00000, 0x00000000c4e00000|  0%| F|  |TAMS 0x00000000c4d00000, 0x00000000c4d00000| Untracked 
|  30|0x00000000c4e00000, 0x00000000c4e00000, 0x00000000c4f00000|  0%| F|  |TAMS 0x00000000c4e00000, 0x00000000c4e00000| Untracked 
|  31|0x00000000c4f00000, 0x00000000c4f00000, 0x00000000c5000000|  0%| F|  |TAMS 0x00000000c4f00000, 0x00000000c4f00000| Untracked 
|  32|0x00000000c5000000, 0x00000000c5000000, 0x00000000c5100000|  0%| F|  |TAMS 0x00000000c5000000, 0x00000000c5000000| Untracked 
|  33|0x00000000c5100000, 0x00000000c5100000, 0x00000000c5200000|  0%| F|  |TAMS 0x00000000c5100000, 0x00000000c5100000| Untracked 
|  34|0x00000000c5200000, 0x00000000c5200000, 0x00000000c5300000|  0%| F|  |TAMS 0x00000000c5200000, 0x00000000c5200000| Untracked 
|  35|0x00000000c5300000, 0x00000000c5300000, 0x00000000c5400000|  0%| F|  |TAMS 0x00000000c5300000, 0x00000000c5300000| Untracked 
|  36|0x00000000c5400000, 0x00000000c5400000, 0x00000000c5500000|  0%| F|  |TAMS 0x00000000c5400000, 0x00000000c5400000| Untracked 
|  37|0x00000000c5500000, 0x00000000c5500000, 0x00000000c5600000|  0%| F|  |TAMS 0x00000000c5500000, 0x00000000c5500000| Untracked 
|  38|0x00000000c5600000, 0x00000000c5600000, 0x00000000c5700000|  0%| F|  |TAMS 0x00000000c5600000, 0x00000000c5600000| Untracked 
|  39|0x00000000c5700000, 0x00000000c5700000, 0x00000000c5800000|  0%| F|  |TAMS 0x00000000c5700000, 0x00000000c5700000| Untracked 
|  40|0x00000000c5800000, 0x00000000c5800000, 0x00000000c5900000|  0%| F|  |TAMS 0x00000000c5800000, 0x00000000c5800000| Untracked 
|  41|0x00000000c5900000, 0x00000000c5900000, 0x00000000c5a00000|  0%| F|  |TAMS 0x00000000c5900000, 0x00000000c5900000| Untracked 
|  42|0x00000000c5a00000, 0x00000000c5a00000, 0x00000000c5b00000|  0%| F|  |TAMS 0x00000000c5a00000, 0x00000000c5a00000| Untracked 
|  43|0x00000000c5b00000, 0x00000000c5b00000, 0x00000000c5c00000|  0%| F|  |TAMS 0x00000000c5b00000, 0x00000000c5b00000| Untracked 
|  44|0x00000000c5c00000, 0x00000000c5c00000, 0x00000000c5d00000|  0%| F|  |TAMS 0x00000000c5c00000, 0x00000000c5c00000| Untracked 
|  45|0x00000000c5d00000, 0x00000000c5d68180, 0x00000000c5e00000| 40%| E|  |TAMS 0x00000000c5d00000, 0x00000000c5d00000| Complete 
|  46|0x00000000c5e00000, 0x00000000c5f00000, 0x00000000c5f00000|100%| E|CS|TAMS 0x00000000c5e00000, 0x00000000c5e00000| Complete 
|  47|0x00000000c5f00000, 0x00000000c6000000, 0x00000000c6000000|100%| E|CS|TAMS 0x00000000c5f00000, 0x00000000c5f00000| Complete 
|  48|0x00000000c6000000, 0x00000000c6100000, 0x00000000c6100000|100%| E|CS|TAMS 0x00000000c6000000, 0x00000000c6000000| Complete 
|  49|0x00000000c6100000, 0x00000000c6200000, 0x00000000c6200000|100%| E|CS|TAMS 0x00000000c6100000, 0x00000000c6100000| Complete 
|  50|0x00000000c6200000, 0x00000000c6300000, 0x00000000c6300000|100%| E|CS|TAMS 0x00000000c6200000, 0x00000000c6200000| Complete 
|  51|0x00000000c6300000, 0x00000000c6400000, 0x00000000c6400000|100%| E|CS|TAMS 0x00000000c6300000, 0x00000000c6300000| Complete 
|  52|0x00000000c6400000, 0x00000000c6500000, 0x00000000c6500000|100%| E|CS|TAMS 0x00000000c6400000, 0x00000000c6400000| Complete 
|  53|0x00000000c6500000, 0x00000000c6600000, 0x00000000c6600000|100%| E|CS|TAMS 0x00000000c6500000, 0x00000000c6500000| Complete 
|  54|0x00000000c6600000, 0x00000000c6700000, 0x00000000c6700000|100%| E|CS|TAMS 0x00000000c6600000, 0x00000000c6600000| Complete 
|  55|0x00000000c6700000, 0x00000000c6800000, 0x00000000c6800000|100%| E|CS|TAMS 0x00000000c6700000, 0x00000000c6700000| Complete 
|  56|0x00000000c6800000, 0x00000000c6900000, 0x00000000c6900000|100%| E|CS|TAMS 0x00000000c6800000, 0x00000000c6800000| Complete 
|  57|0x00000000c6900000, 0x00000000c6a00000, 0x00000000c6a00000|100%| E|CS|TAMS 0x00000000c6900000, 0x00000000c6900000| Complete 
|  58|0x00000000c6a00000, 0x00000000c6b00000, 0x00000000c6b00000|100%| E|CS|TAMS 0x00000000c6a00000, 0x00000000c6a00000| Complete 
|  59|0x00000000c6b00000, 0x00000000c6c00000, 0x00000000c6c00000|100%| E|CS|TAMS 0x00000000c6b00000, 0x00000000c6b00000| Complete 
|  60|0x00000000c6c00000, 0x00000000c6d00000, 0x00000000c6d00000|100%| E|CS|TAMS 0x00000000c6c00000, 0x00000000c6c00000| Complete 
|  61|0x00000000c6d00000, 0x00000000c6e00000, 0x00000000c6e00000|100%| E|CS|TAMS 0x00000000c6d00000, 0x00000000c6d00000| Complete 

Card table byte_map: [0x00000211414e0000,0x00000211416d0000] _byte_map_base: 0x0000021140ec8000

Marking Bits (Prev, Next): (CMBitMap*) 0x0000021127aeb938, (CMBitMap*) 0x0000021127aeb978
 Prev Bits: [0x00000211418c0000, 0x0000021142800000)
 Next Bits: [0x0000021142800000, 0x0000021143740000)

Polling page: 0x0000021127860000

Metaspace:

Usage:
  Non-class:     17.40 MB capacity,    17.02 MB ( 98%) used,   328.91 KB (  2%) free+waste,    59.19 KB ( <1%) overhead. 
      Class:      2.45 MB capacity,     2.26 MB ( 92%) used,   173.97 KB (  7%) free+waste,    29.69 KB (  1%) overhead. 
       Both:     19.85 MB capacity,    19.27 MB ( 97%) used,   502.88 KB (  2%) free+waste,    88.88 KB ( <1%) overhead. 

Virtual space:
  Non-class space:       18.00 MB reserved,      17.50 MB ( 97%) committed 
      Class space:        1.00 GB reserved,       2.50 MB ( <1%) committed 
             Both:        1.02 GB reserved,      20.00 MB (  2%) committed 

Chunk freelists:
   Non-Class:  40.00 KB
       Class:  15.00 KB
        Both:  55.00 KB

MaxMetaspaceSize: 17179869184.00 GB
CompressedClassSpaceSize: 1.00 GB

CodeHeap 'non-profiled nmethods': size=120000Kb used=658Kb max_used=658Kb free=119341Kb
 bounds [0x00000211397a0000, 0x0000021139a10000, 0x0000021140cd0000]
CodeHeap 'profiled nmethods': size=120000Kb used=3575Kb max_used=3575Kb free=116424Kb
 bounds [0x0000021132270000, 0x00000211325f0000, 0x00000211397a0000]
CodeHeap 'non-nmethods': size=5760Kb used=1269Kb max_used=1278Kb free=4490Kb
 bounds [0x0000021131cd0000, 0x0000021131f40000, 0x0000021132270000]
 total_blobs=2986 nmethods=1777 adapters=455
 compilation: enabled
              stopped_count=0, restarted_count=0
 full_count=0

Compilation events (20 events):
Event: 4.637 Thread 0x0000021145d29800 1772   !   3       java.util.zip.ZipFile::entries (35 bytes)
Event: 4.638 Thread 0x0000021145d29800 nmethod 1772 0x00000211325e9e10 code [0x00000211325e9fe0, 0x00000211325ea508]
Event: 4.638 Thread 0x0000021145d29800 1773       3       java.util.zip.ZipFile$ZipEntryIterator::<init> (25 bytes)
Event: 4.638 Thread 0x0000021145d29800 nmethod 1773 0x00000211325ea710 code [0x00000211325ea8c0, 0x00000211325eaaf8]
Event: 4.642 Thread 0x0000021145d29800 1774       3       jdk.internal.org.objectweb.asm.SymbolTable::addTypeInternal (85 bytes)
Event: 4.642 Thread 0x0000021145d29800 nmethod 1774 0x00000211325eac10 code [0x00000211325eae00, 0x00000211325eb478]
Event: 4.643 Thread 0x0000021145d29800 1775       3       jdk.internal.org.objectweb.asm.SymbolTable::addConstantString (8 bytes)
Event: 4.643 Thread 0x0000021145d29800 nmethod 1775 0x00000211325eb610 code [0x00000211325eb7c0, 0x00000211325eb908]
Event: 4.644 Thread 0x0000021145d29800 1776       3       jdk.internal.reflect.ConstantPool::getUTF8At (10 bytes)
Event: 4.644 Thread 0x0000021145d29800 nmethod 1776 0x00000211325eb990 code [0x00000211325ebb40, 0x00000211325ebc88]
Event: 4.644 Thread 0x0000021145d29800 1778       3       java.lang.PublicMethods$MethodList::<init> (10 bytes)
Event: 4.644 Thread 0x0000021145d29800 nmethod 1778 0x00000211325ebd10 code [0x00000211325ebea0, 0x00000211325ec078]
Event: 4.645 Thread 0x0000021145d29800 1779       1       java.lang.Class::getAnnotationType (5 bytes)
Event: 4.646 Thread 0x0000021145d29800 nmethod 1779 0x0000021139844590 code [0x0000021139844720, 0x00000211398447f8]
Event: 4.646 Thread 0x0000021145d29800 1780       1       java.util.Collections$1::hasNext (5 bytes)
Event: 4.647 Thread 0x0000021145d29800 nmethod 1780 0x0000021139844890 code [0x0000021139844a20, 0x0000021139844af8]
Event: 4.648 Thread 0x0000021145d29800 1781       3       java.lang.PublicMethods$MethodList::filter (104 bytes)
Event: 4.650 Thread 0x0000021145d29800 nmethod 1781 0x00000211325ec110 code [0x00000211325ec360, 0x00000211325ecdd8]
Event: 4.650 Thread 0x0000021145d29800 1782       3       java.lang.Class::privateGetDeclaredMethods (64 bytes)
Event: 4.650 Thread 0x0000021145d29800 nmethod 1782 0x00000211325ed290 code [0x00000211325ed4a0, 0x00000211325edc98]

GC Heap History (8 events):
Event: 1.411 GC heap before
{Heap before GC invocations=0 (full 0):
 garbage-first heap   total 63488K, used 12288K [0x00000000c3000000, 0x0000000100000000)
  region size 1024K, 13 young (13312K), 0 survivors (0K)
 Metaspace       used 5418K, capacity 6180K, committed 6400K, reserved 1056768K
  class space    used 589K, capacity 661K, committed 768K, reserved 1048576K
}
Event: 1.422 GC heap after
{Heap after GC invocations=1 (full 0):
 garbage-first heap   total 63488K, used 4365K [0x00000000c3000000, 0x0000000100000000)
  region size 1024K, 2 young (2048K), 2 survivors (2048K)
 Metaspace       used 5418K, capacity 6180K, committed 6400K, reserved 1056768K
  class space    used 589K, capacity 661K, committed 768K, reserved 1048576K
}
Event: 1.829 GC heap before
{Heap before GC invocations=1 (full 0):
 garbage-first heap   total 63488K, used 16653K [0x00000000c3000000, 0x0000000100000000)
  region size 1024K, 14 young (14336K), 2 survivors (2048K)
 Metaspace       used 7925K, capacity 8445K, committed 8576K, reserved 1056768K
  class space    used 792K, capacity 889K, committed 896K, reserved 1048576K
}
Event: 1.835 GC heap after
{Heap after GC invocations=2 (full 0):
 garbage-first heap   total 63488K, used 4691K [0x00000000c3000000, 0x0000000100000000)
  region size 1024K, 1 young (1024K), 1 survivors (1024K)
 Metaspace       used 7925K, capacity 8445K, committed 8576K, reserved 1056768K
  class space    used 792K, capacity 889K, committed 896K, reserved 1048576K
}
Event: 2.715 GC heap before
{Heap before GC invocations=2 (full 0):
 garbage-first heap   total 63488K, used 27219K [0x00000000c3000000, 0x0000000100000000)
  region size 1024K, 23 young (23552K), 1 survivors (1024K)
 Metaspace       used 12716K, capacity 13130K, committed 13312K, reserved 1060864K
  class space    used 1341K, capacity 1484K, committed 1536K, reserved 1048576K
}
Event: 2.726 GC heap after
{Heap after GC invocations=3 (full 0):
 garbage-first heap   total 63488K, used 6542K [0x00000000c3000000, 0x0000000100000000)
  region size 1024K, 3 young (3072K), 3 survivors (3072K)
 Metaspace       used 12716K, capacity 13130K, committed 13312K, reserved 1060864K
  class space    used 1341K, capacity 1484K, committed 1536K, reserved 1048576K
}
Event: 4.190 GC heap before
{Heap before GC invocations=3 (full 0):
 garbage-first heap   total 63488K, used 39310K [0x00000000c3000000, 0x0000000100000000)
  region size 1024K, 35 young (35840K), 3 survivors (3072K)
 Metaspace       used 17793K, capacity 18318K, committed 18432K, reserved 1064960K
  class space    used 2042K, capacity 2268K, committed 2304K, reserved 1048576K
}
Event: 4.198 GC heap after
{Heap after GC invocations=4 (full 0):
 garbage-first heap   total 63488K, used 7880K [0x00000000c3000000, 0x0000000100000000)
  region size 1024K, 4 young (4096K), 4 survivors (4096K)
 Metaspace       used 17793K, capacity 18318K, committed 18432K, reserved 1064960K
  class space    used 2042K, capacity 2268K, committed 2304K, reserved 1048576K
}

Deoptimization events (20 events):
Event: 4.086 Thread 0x0000021127ab9000 Uncommon trap: trap_request=0xffffffde fr.pc=0x0000021139838be0 relative=0x0000000000000820
Event: 4.086 Thread 0x0000021127ab9000 Uncommon trap: reason=class_check action=maybe_recompile pc=0x0000021139838be0 method=java.util.regex.Matcher.search(I)Z @ 121 c2
Event: 4.086 Thread 0x0000021127ab9000 DEOPT PACKING pc=0x0000021139838be0 sp=0x000000aea9bfbf50
Event: 4.086 Thread 0x0000021127ab9000 DEOPT UNPACKING pc=0x0000021131d19429 sp=0x000000aea9bfbf30 mode 2
Event: 4.086 Thread 0x0000021127ab9000 Uncommon trap: trap_request=0xffffffde fr.pc=0x0000021139838be0 relative=0x0000000000000820
Event: 4.086 Thread 0x0000021127ab9000 Uncommon trap: reason=class_check action=maybe_recompile pc=0x0000021139838be0 method=java.util.regex.Matcher.search(I)Z @ 121 c2
Event: 4.086 Thread 0x0000021127ab9000 DEOPT PACKING pc=0x0000021139838be0 sp=0x000000aea9bfc030
Event: 4.086 Thread 0x0000021127ab9000 DEOPT UNPACKING pc=0x0000021131d19429 sp=0x000000aea9bfc010 mode 2
Event: 4.086 Thread 0x0000021127ab9000 Uncommon trap: trap_request=0xffffffde fr.pc=0x0000021139838be0 relative=0x0000000000000820
Event: 4.086 Thread 0x0000021127ab9000 Uncommon trap: reason=class_check action=maybe_recompile pc=0x0000021139838be0 method=java.util.regex.Matcher.search(I)Z @ 121 c2
Event: 4.086 Thread 0x0000021127ab9000 DEOPT PACKING pc=0x0000021139838be0 sp=0x000000aea9bfc100
Event: 4.086 Thread 0x0000021127ab9000 DEOPT UNPACKING pc=0x0000021131d19429 sp=0x000000aea9bfc0e0 mode 2
Event: 4.086 Thread 0x0000021127ab9000 Uncommon trap: trap_request=0xffffffde fr.pc=0x0000021139838be0 relative=0x0000000000000820
Event: 4.086 Thread 0x0000021127ab9000 Uncommon trap: reason=class_check action=maybe_recompile pc=0x0000021139838be0 method=java.util.regex.Matcher.search(I)Z @ 121 c2
Event: 4.086 Thread 0x0000021127ab9000 DEOPT PACKING pc=0x0000021139838be0 sp=0x000000aea9bfbf50
Event: 4.086 Thread 0x0000021127ab9000 DEOPT UNPACKING pc=0x0000021131d19429 sp=0x000000aea9bfbf30 mode 2
Event: 4.221 Thread 0x0000021127ab9000 DEOPT PACKING pc=0x00000211325728e5 sp=0x000000aea9bf5590
Event: 4.221 Thread 0x0000021127ab9000 DEOPT UNPACKING pc=0x0000021131d1993f sp=0x000000aea9bf4ab0 mode 0
Event: 4.600 Thread 0x0000021127ab9000 DEOPT PACKING pc=0x00000211325728e5 sp=0x000000aea9bf7110
Event: 4.600 Thread 0x0000021127ab9000 DEOPT UNPACKING pc=0x0000021131d1993f sp=0x000000aea9bf6630 mode 0

Classes unloaded (0 events):
No events

Classes redefined (0 events):
No events

Internal exceptions (20 events):
Event: 2.324 Thread 0x0000021127ab9000 Exception <a 'sun/nio/fs/WindowsException'{0x00000000c5d5ee98}> (0x00000000c5d5ee98) 
thrown [./src/hotspot/share/prims/jni.cpp, line 599]
Event: 2.368 Thread 0x0000021127ab9000 Exception <a 'java/lang/NoSuchMethodError'{0x00000000c5d7f3c8}: 'int java.lang.invoke.DirectMethodHandle$Holder.invokeStaticInit(java.lang.Object, java.lang.Object, java.lang.Object, java.lang.Object)'> (0x00000000c5d7f3c8) 
thrown [./src/hotspot/share/interpreter/linkResolver.cpp, line 766]
Event: 2.371 Thread 0x0000021127ab9000 Exception <a 'java/lang/IncompatibleClassChangeError'{0x00000000c5d87d70}: Found class java.lang.Object, but interface was expected> (0x00000000c5d87d70) 
thrown [./src/hotspot/share/interpreter/linkResolver.cpp, line 832]
Event: 2.372 Thread 0x0000021127ab9000 Exception <a 'java/lang/NoSuchMethodError'{0x00000000c5d8ad00}: 'void java.lang.invoke.DirectMethodHandle$Holder.invokeStaticInit(java.lang.Object, java.lang.Object)'> (0x00000000c5d8ad00) 
thrown [./src/hotspot/share/interpreter/linkResolver.cpp, line 766]
Event: 3.094 Thread 0x0000021127ab9000 Exception <a 'java/lang/NoSuchMethodError'{0x00000000c628eb40}: 'java.lang.Object java.lang.invoke.DirectMethodHandle$Holder.invokeSpecialIFC(java.lang.Object, java.lang.Object, java.lang.Object, java.lang.Object)'> (0x00000000c628eb40) 
thrown [./src/hotspot/share/interpreter/linkResolver.cpp, line 766]
Event: 3.291 Thread 0x0000021147828800 Exception <a 'java/lang/NoSuchMethodError'{0x00000000c5c4e8a8}: 'void java.lang.invoke.DirectMethodHandle$Holder.invokeStatic(java.lang.Object, long)'> (0x00000000c5c4e8a8) 
thrown [./src/hotspot/share/interpreter/linkResolver.cpp, line 766]
Event: 3.295 Thread 0x0000021147828800 Exception <a 'java/lang/NoSuchMethodError'{0x00000000c5c58938}: 'java.lang.Object java.lang.invoke.DirectMethodHandle$Holder.invokeStaticInit(java.lang.Object, java.lang.Object, long, java.lang.Object)'> (0x00000000c5c58938) 
thrown [./src/hotspot/share/interpreter/linkResolver.cpp, line 766]
Event: 3.295 Thread 0x0000021147828800 Exception <a 'java/lang/NoSuchMethodError'{0x00000000c5c5dd98}: 'java.lang.Object java.lang.invoke.Invokers$Holder.linkToTargetMethod(java.lang.Object, long, java.lang.Object)'> (0x00000000c5c5dd98) 
thrown [./src/hotspot/share/interpreter/linkResolver.cpp, line 766]
Event: 3.771 Thread 0x00000211477e2800 Exception <a 'java/net/SocketException'{0x00000000c5ce5798}: Socket is not connected: shutdown> (0x00000000c5ce5798) 
thrown [./src/hotspot/share/prims/jni.cpp, line 620]
Event: 3.823 Thread 0x0000021127ab9000 Exception <a 'java/lang/NoSuchMethodError'{0x00000000c5a61328}: 'java.lang.Object java.lang.invoke.DirectMethodHandle$Holder.invokeInterface(java.lang.Object, java.lang.Object, java.lang.Object)'> (0x00000000c5a61328) 
thrown [./src/hotspot/share/interpreter/linkResolver.cpp, line 766]
Event: 3.824 Thread 0x0000021127ab9000 Exception <a 'java/lang/IncompatibleClassChangeError'{0x00000000c5a63f88}: Found class java.lang.Object, but interface was expected> (0x00000000c5a63f88) 
thrown [./src/hotspot/share/interpreter/linkResolver.cpp, line 832]
Event: 3.827 Thread 0x0000021127ab9000 Exception <a 'java/lang/NoSuchMethodError'{0x00000000c5a6bd80}: 'int java.lang.invoke.DirectMethodHandle$Holder.invokeSpecialIFC(java.lang.Object, java.lang.Object, java.lang.Object, java.lang.Object)'> (0x00000000c5a6bd80) 
thrown [./src/hotspot/share/interpreter/linkResolver.cpp, line 766]
Event: 3.828 Thread 0x0000021127ab9000 Exception <a 'java/lang/NoSuchMethodError'{0x00000000c5a73ac0}: 'java.lang.Object java.lang.invoke.DirectMethodHandle$Holder.invokeInterface(java.lang.Object, java.lang.Object, java.lang.Object, java.lang.Object)'> (0x00000000c5a73ac0) 
thrown [./src/hotspot/share/interpreter/linkResolver.cpp, line 766]
Event: 3.851 Thread 0x0000021127ab9000 Exception <a 'java/lang/NoSuchMethodError'{0x00000000c5acd320}: 'double java.lang.invoke.DirectMethodHandle$Holder.invokeVirtual(java.lang.Object, java.lang.Object)'> (0x00000000c5acd320) 
thrown [./src/hotspot/share/interpreter/linkResolver.cpp, line 766]
Event: 3.852 Thread 0x0000021127ab9000 Exception <a 'java/lang/NoSuchMethodError'{0x00000000c5ad2b08}: 'float java.lang.invoke.DirectMethodHandle$Holder.invokeVirtual(java.lang.Object, java.lang.Object)'> (0x00000000c5ad2b08) 
thrown [./src/hotspot/share/interpreter/linkResolver.cpp, line 766]
Event: 3.855 Thread 0x0000021127ab9000 Exception <a 'java/lang/NoSuchMethodError'{0x00000000c5ada510}: 'long java.lang.invoke.DirectMethodHandle$Holder.invokeVirtual(java.lang.Object, java.lang.Object)'> (0x00000000c5ada510) 
thrown [./src/hotspot/share/interpreter/linkResolver.cpp, line 766]
Event: 3.863 Thread 0x0000021127ab9000 Exception <a 'java/lang/NoSuchMethodError'{0x00000000c5941d10}: 'java.lang.Object java.lang.invoke.DirectMethodHandle$Holder.invokeVirtual(java.lang.Object, java.lang.Object, java.lang.Object)'> (0x00000000c5941d10) 
thrown [./src/hotspot/share/interpreter/linkResolver.cpp, line 766]
Event: 3.899 Thread 0x0000021127ab9000 Exception <a 'java/lang/NoSuchMethodError'{0x00000000c59c2de8}: 'void java.lang.invoke.DirectMethodHandle$Holder.invokeSpecial(java.lang.Object, java.lang.Object, java.lang.Object, java.lang.Object)'> (0x00000000c59c2de8) 
thrown [./src/hotspot/share/interpreter/linkResolver.cpp, line 766]
Event: 3.939 Thread 0x0000021127ab9000 Exception <a 'java/lang/NoSuchMethodError'{0x00000000c58c32e8}: 'void java.lang.invoke.DirectMethodHandle$Holder.invokeSpecial(java.lang.Object, java.lang.Object, java.lang.Object, java.lang.Object, java.lang.Object)'> (0x00000000c58c32e8) 
thrown [./src/hotspot/share/interpreter/linkResolver.cpp, line 766]
Event: 4.432 Thread 0x0000021127ab9000 Exception <a 'java/lang/NoSuchMethodError'{0x00000000c66aaae0}: 'void java.lang.invoke.DirectMethodHandle$Holder.invokeSpecial(java.lang.Object, java.lang.Object, java.lang.Object, java.lang.Object, java.lang.Object, java.lang.Object)'> (0x00000000c66aaae0) 
thrown [./src/hotspot/share/interpreter/linkResolver.cpp, line 766]

Events (20 events):
Event: 4.360 loading class java/io/UnsupportedEncodingException done
Event: 4.383 loading class java/lang/ThreadLocal$SuppliedThreadLocal
Event: 4.384 loading class java/lang/ThreadLocal$SuppliedThreadLocal done
Event: 4.450 loading class java/nio/channels/ClosedChannelException
Event: 4.450 loading class java/nio/channels/ClosedChannelException done
Event: 4.483 loading class java/net/InetAddress$CachedLocalHost
Event: 4.483 loading class java/net/InetAddress$CachedLocalHost done
Event: 4.576 loading class java/net/NoRouteToHostException
Event: 4.577 loading class java/net/NoRouteToHostException done
Event: 4.578 loading class java/nio/channels/NotYetConnectedException
Event: 4.579 loading class java/nio/channels/NotYetConnectedException done
Event: 4.579 loading class java/nio/channels/ConnectionPendingException
Event: 4.579 loading class java/nio/channels/ConnectionPendingException done
Event: 4.583 loading class java/util/concurrent/atomic/AtomicLongFieldUpdater
Event: 4.584 loading class java/util/concurrent/atomic/AtomicLongFieldUpdater done
Event: 4.584 loading class java/util/concurrent/atomic/AtomicLongFieldUpdater$CASUpdater
Event: 4.584 loading class java/util/concurrent/atomic/AtomicLongFieldUpdater$CASUpdater done
Event: 4.584 loading class java/util/concurrent/atomic/AtomicLongFieldUpdater$CASUpdater$1
Event: 4.584 loading class java/util/concurrent/atomic/AtomicLongFieldUpdater$CASUpdater$1 done
Event: 4.655 Thread 0x00000211479ea000 Thread added: 0x00000211479ea000


Dynamic libraries:
0x00007ff7150b0000 - 0x00007ff7150bd000 	C:\Program Files\AdoptOpenJDK\jdk-14.0.1.7-hotspot\bin\java.exe
0x00007ffc88560000 - 0x00007ffc88750000 	C:\Windows\SYSTEM32\ntdll.dll
0x00007ffc86a50000 - 0x00007ffc86b02000 	C:\Windows\System32\KERNEL32.DLL
0x00007ffc85ec0000 - 0x00007ffc86165000 	C:\Windows\System32\KERNELBASE.dll
0x00007ffc86510000 - 0x00007ffc8660a000 	C:\Windows\System32\ucrtbase.dll
0x00007ffc7c920000 - 0x00007ffc7c938000 	C:\Program Files\AdoptOpenJDK\jdk-14.0.1.7-hotspot\bin\jli.dll
0x00007ffc86b10000 - 0x00007ffc86ca5000 	C:\Windows\System32\USER32.dll
0x00007ffc86480000 - 0x00007ffc864a1000 	C:\Windows\System32\win32u.dll
0x00007ffc86a20000 - 0x00007ffc86a46000 	C:\Windows\System32\GDI32.dll
0x00007ffc86210000 - 0x00007ffc863a6000 	C:\Windows\System32\gdi32full.dll
0x00007ffc86170000 - 0x00007ffc8620e000 	C:\Windows\System32\msvcp_win.dll
0x00007ffc7c820000 - 0x00007ffc7c835000 	C:\Program Files\AdoptOpenJDK\jdk-14.0.1.7-hotspot\bin\VCRUNTIME140.dll
0x00007ffc6da20000 - 0x00007ffc6dca4000 	C:\Windows\WinSxS\amd64_microsoft.windows.common-controls_6595b64144ccf1df_6.0.18362.1082_none_9e8193e1e45b25c1\COMCTL32.dll
0x00007ffc86710000 - 0x00007ffc867ae000 	C:\Windows\System32\msvcrt.dll
0x00007ffc87f70000 - 0x00007ffc882a5000 	C:\Windows\System32\combase.dll
0x00007ffc88400000 - 0x00007ffc88520000 	C:\Windows\System32\RPCRT4.dll
0x00007ffc856c0000 - 0x00007ffc85740000 	C:\Windows\System32\bcryptPrimitives.dll
0x00007ffc86610000 - 0x00007ffc8663e000 	C:\Windows\System32\IMM32.DLL
0x00007ffc79c60000 - 0x00007ffc79cfb000 	C:\Program Files\AdoptOpenJDK\jdk-14.0.1.7-hotspot\bin\msvcp140.dll
0x00007ffc47df0000 - 0x00007ffc4899c000 	C:\Program Files\AdoptOpenJDK\jdk-14.0.1.7-hotspot\bin\server\jvm.dll
0x00007ffc87cb0000 - 0x00007ffc87d53000 	C:\Windows\System32\ADVAPI32.dll
0x00007ffc87d60000 - 0x00007ffc87df7000 	C:\Windows\System32\sechost.dll
0x00007ffc87ca0000 - 0x00007ffc87ca8000 	C:\Windows\System32\PSAPI.DLL
0x00007ffc777c0000 - 0x00007ffc777c9000 	C:\Windows\SYSTEM32\WSOCK32.dll
0x00007ffc87910000 - 0x00007ffc8797f000 	C:\Windows\System32\WS2_32.dll
0x00007ffc77b60000 - 0x00007ffc77b84000 	C:\Windows\SYSTEM32\WINMM.dll
0x00007ffc7ee50000 - 0x00007ffc7ee5a000 	C:\Windows\SYSTEM32\VERSION.dll
0x00007ffc77b30000 - 0x00007ffc77b5d000 	C:\Windows\SYSTEM32\WINMMBASE.dll
0x00007ffc85520000 - 0x00007ffc8556a000 	C:\Windows\System32\cfgmgr32.dll
0x00007ffc85430000 - 0x00007ffc85441000 	C:\Windows\System32\kernel.appcore.dll
0x00007ffc7dcf0000 - 0x00007ffc7dcfa000 	C:\Program Files\AdoptOpenJDK\jdk-14.0.1.7-hotspot\bin\jimage.dll
0x00007ffc83d40000 - 0x00007ffc83f34000 	C:\Windows\SYSTEM32\DBGHELP.DLL
0x00007ffc7d4f0000 - 0x00007ffc7d51a000 	C:\Windows\SYSTEM32\dbgcore.DLL
0x00007ffc7fee0000 - 0x00007ffc7feee000 	C:\Program Files\AdoptOpenJDK\jdk-14.0.1.7-hotspot\bin\instrument.dll
0x00007ffc7b630000 - 0x00007ffc7b655000 	C:\Program Files\AdoptOpenJDK\jdk-14.0.1.7-hotspot\bin\java.dll
0x00007ffc7b5d0000 - 0x00007ffc7b5e6000 	C:\Program Files\AdoptOpenJDK\jdk-14.0.1.7-hotspot\bin\zip.dll
0x00007ffc87200000 - 0x00007ffc878e7000 	C:\Windows\System32\SHELL32.dll
0x00007ffc868f0000 - 0x00007ffc86999000 	C:\Windows\System32\shcore.dll
0x00007ffc85740000 - 0x00007ffc85ec0000 	C:\Windows\System32\windows.storage.dll
0x00007ffc854a0000 - 0x00007ffc854c3000 	C:\Windows\System32\profapi.dll
0x00007ffc85450000 - 0x00007ffc8549a000 	C:\Windows\System32\powrprof.dll
0x00007ffc85420000 - 0x00007ffc85430000 	C:\Windows\System32\UMPDC.dll
0x00007ffc871a0000 - 0x00007ffc871f2000 	C:\Windows\System32\shlwapi.dll
0x00007ffc86460000 - 0x00007ffc86477000 	C:\Windows\System32\cryptsp.dll
0x00007ffc7b5b0000 - 0x00007ffc7b5c9000 	C:\Program Files\AdoptOpenJDK\jdk-14.0.1.7-hotspot\bin\net.dll
0x00007ffc78ee0000 - 0x00007ffc78fd0000 	C:\Windows\SYSTEM32\WINHTTP.dll
0x00007ffc84c10000 - 0x00007ffc84c77000 	C:\Windows\system32\mswsock.dll
0x00007ffc7b570000 - 0x00007ffc7b582000 	C:\Program Files\AdoptOpenJDK\jdk-14.0.1.7-hotspot\bin\nio.dll
0x00007ffc7d5f0000 - 0x00007ffc7d600000 	C:\Program Files\AdoptOpenJDK\jdk-14.0.1.7-hotspot\bin\verify.dll
0x00007ffc7dc90000 - 0x00007ffc7dcaa000 	C:\Program Files\JetBrains\IntelliJ IDEA Community Edition 2020.1.2\bin\breakgen64.dll
0x00007ffc84780000 - 0x00007ffc847b3000 	C:\Windows\system32\rsaenh.dll
0x00007ffc854f0000 - 0x00007ffc85516000 	C:\Windows\System32\bcrypt.dll
0x00007ffc85300000 - 0x00007ffc85325000 	C:\Windows\SYSTEM32\USERENV.dll
0x00007ffc84de0000 - 0x00007ffc84dec000 	C:\Windows\SYSTEM32\CRYPTBASE.dll
0x00007ffc84920000 - 0x00007ffc8495a000 	C:\Windows\SYSTEM32\IPHLPAPI.DLL
0x00007ffc87980000 - 0x00007ffc87988000 	C:\Windows\System32\NSI.dll
0x00007ffc7c7b0000 - 0x00007ffc7c7c6000 	C:\Windows\SYSTEM32\dhcpcsvc6.DLL
0x00007ffc7cc60000 - 0x00007ffc7cc7c000 	C:\Windows\SYSTEM32\dhcpcsvc.DLL
0x00007ffc84960000 - 0x00007ffc84a2b000 	C:\Windows\SYSTEM32\DNSAPI.dll
0x00007ffc7e3a0000 - 0x00007ffc7e3aa000 	C:\Windows\System32\rasadhlp.dll
0x00007ffc7bfc0000 - 0x00007ffc7c037000 	C:\Windows\System32\fwpuclnt.dll
0x00007ffc7c770000 - 0x00007ffc7c779000 	C:\Program Files\AdoptOpenJDK\jdk-14.0.1.7-hotspot\bin\management.dll
0x00007ffc7ad20000 - 0x00007ffc7ad2b000 	C:\Program Files\AdoptOpenJDK\jdk-14.0.1.7-hotspot\bin\management_ext.dll
0x00007ffc7ac80000 - 0x00007ffc7aca5000 	C:\Program Files\AdoptOpenJDK\jdk-14.0.1.7-hotspot\bin\sunec.dll
0x00007ffc7fed0000 - 0x00007ffc7fede000 	C:\Program Files\AdoptOpenJDK\jdk-14.0.1.7-hotspot\bin\sunmscapi.dll
0x00007ffc85570000 - 0x00007ffc856b9000 	C:\Windows\System32\CRYPT32.dll
0x00007ffc854d0000 - 0x00007ffc854e2000 	C:\Windows\System32\MSASN1.dll
0x00007ffc84ee0000 - 0x00007ffc84f06000 	C:\Windows\SYSTEM32\ncrypt.dll
0x00007ffc84ea0000 - 0x00007ffc84edb000 	C:\Windows\SYSTEM32\NTASN1.dll
0x00007ffc7ff00000 - 0x00007ffc7ff16000 	C:\Windows\system32\napinsp.dll
0x00007ffc78e30000 - 0x00007ffc78e4a000 	C:\Windows\system32\pnrpnsp.dll
0x00007ffc7fef0000 - 0x00007ffc7fefe000 	C:\Windows\System32\winrnr.dll
0x00007ffc7d760000 - 0x00007ffc7d77c000 	C:\Windows\system32\NLAapi.dll
0x00007ffc80200000 - 0x00007ffc80215000 	C:\Windows\system32\wshbth.dll

dbghelp: loaded successfully - version: 4.0.5 - missing functions: none
symbol engine: initialized successfully - sym options: 0x614 - pdb path: .;C:\Program Files\AdoptOpenJDK\jdk-14.0.1.7-hotspot\bin;C:\Windows\SYSTEM32;C:\Windows\WinSxS\amd64_microsoft.windows.common-controls_6595b64144ccf1df_6.0.18362.1082_none_9e8193e1e45b25c1;C:\Program Files\AdoptOpenJDK\jdk-14.0.1.7-hotspot\bin\server;C:\Program Files\JetBrains\IntelliJ IDEA Community Edition 2020.1.2\bin

VM Arguments:
jvm_args: -ea -Dtestng.dtd.http=true -Didea.test.cyclic.buffer.size=1048576 -javaagent:C:\Program Files\JetBrains\IntelliJ IDEA Community Edition 2020.1.2\lib\idea_rt.jar=50943:C:\Program Files\JetBrains\IntelliJ IDEA Community Edition 2020.1.2\bin -Dfile.encoding=UTF-8 
java_command: com.intellij.rt.testng.RemoteTestNGStarter -usedefaultlisteners false -socket50942 @w@C:\Users\galit\AppData\Local\Temp\idea_working_dirs_testng.tmp -temp C:\Users\galit\AppData\Local\Temp\idea_testng.tmp
java_class_path (initial): C:\Program Files\JetBrains\IntelliJ IDEA Community Edition 2020.1.2\lib\idea_rt.jar;C:\Program Files\JetBrains\IntelliJ IDEA Community Edition 2020.1.2\plugins\testng\lib\testng-rt.jar;C:\Users\galit\IdeaProjects\BuyMeProject\target\test-classes;C:\Users\galit\.m2\repository\org\testng\testng\7.1.0\testng-7.1.0.jar;C:\Users\galit\.m2\repository\com\beust\jcommander\1.72\jcommander-1.72.jar;C:\Users\galit\.m2\repository\com\google\inject\guice\4.1.0\guice-4.1.0-no_aop.jar;C:\Users\galit\.m2\repository\javax\inject\javax.inject\1\javax.inject-1.jar;C:\Users\galit\.m2\repository\aopalliance\aopalliance\1.0\aopalliance-1.0.jar;C:\Users\galit\.m2\repository\org\yaml\snakeyaml\1.21\snakeyaml-1.21.jar;C:\Users\galit\.m2\repository\org\seleniumhq\selenium\selenium-java\4.0.0-alpha-6\selenium-java-4.0.0-alpha-6.jar;C:\Users\galit\.m2\repository\org\seleniumhq\selenium\selenium-api\4.0.0-alpha-6\selenium-api-4.0.0-alpha-6.jar;C:\Users\galit\.m2\repository\org\seleniumhq\selenium\selenium-chrome-driver\4.0.0-alpha-6\selenium-chrome-driver-4.0.0-alpha-6.jar;C:\Users\galit\.m2\repository\com\google\auto\service\auto-service-annotations\1.0-rc6\auto-service-annotations-1.0-rc6.jar;C:\Users\galit\.m2\repository\com\google\auto\service\auto-service\1.0-rc6\auto-service-1.0-rc6.jar;C:\Users\galit\.m2\repository\com\google\auto\auto-common\0.10\auto-common-0.10.jar;C:\Users\galit\.m2\repository\org\seleniumhq\selenium\selenium-chromium-driver\4.0.0-alpha-6\selenium-chromium-driver-4.0.0-alpha-6.jar;C:\Users\galit\.m2\repository\org\seleniumhq\selenium\selenium-devtools\4.0.0-alpha-6\selenium-devtools-4.0.0-alpha-6.jar;C:\Users\galit\.m2\repository\org\seleniumhq\selenium\selenium-http\4.0.0-alpha-6\selenium-http-4.0.0-alpha-6.jar;C:\Users\galit\.m2\repository\org\seleniumhq\selenium\selenium-json\4.0.0-alpha-6\selenium-json-4.0.0-alpha-6.jar;C:\Users\galit\.m2\repository\org\seleniumhq\selenium\selenium-edge-driver\4.0.0-alpha-6\selenium-edge-driver-4.0.0
Launcher Type: SUN_STANDARD

[Global flags]
     intx CICompilerCount                          = 3                                         {product} {ergonomic}
     uint ConcGCThreads                            = 1                                         {product} {ergonomic}
     uint G1ConcRefinementThreads                  = 4                                         {product} {ergonomic}
   size_t G1HeapRegionSize                         = 1048576                                   {product} {ergonomic}
    uintx GCDrainStackTargetSize                   = 64                                        {product} {ergonomic}
   size_t InitialHeapSize                          = 65011712                                  {product} {ergonomic}
   size_t MarkStackSize                            = 4194304                                   {product} {ergonomic}
   size_t MaxHeapSize                              = 1023410176                                {product} {ergonomic}
   size_t MaxNewSize                               = 613416960                                 {product} {ergonomic}
   size_t MinHeapDeltaBytes                        = 1048576                                   {product} {ergonomic}
   size_t MinHeapSize                              = 8388608                                   {product} {ergonomic}
    uintx NonNMethodCodeHeapSize                   = 5832780                                {pd product} {ergonomic}
    uintx NonProfiledCodeHeapSize                  = 122912730                              {pd product} {ergonomic}
    uintx ProfiledCodeHeapSize                     = 122912730                              {pd product} {ergonomic}
    uintx ReservedCodeCacheSize                    = 251658240                              {pd product} {ergonomic}
     bool SegmentedCodeCache                       = true                                      {product} {ergonomic}
   size_t SoftMaxHeapSize                          = 1023410176                             {manageable} {ergonomic}
     bool UseCompressedClassPointers               = true                                 {lp64_product} {ergonomic}
     bool UseCompressedOops                        = true                                 {lp64_product} {ergonomic}
     bool UseG1GC                                  = true                                      {product} {ergonomic}
     bool UseLargePagesIndividualAllocation        = false                                  {pd product} {ergonomic}

Logging:
Log output configuration:
 #0: stdout all=warning uptime,level,tags
 #1: stderr all=off uptime,level,tags

Environment Variables:
PATH=C:\Program Files\AdoptOpenJDK\jdk-14.0.1.7-hotspot\bin;C:\Windows\system32;C:\Windows;C:\Windows\System32\Wbem;C:\Windows\System32\WindowsPowerShell\v1.0\;C:\Windows\System32\OpenSSH\;C:\Users\galit\Desktop\גלית\אוטומציה;C:\Users\galit\Desktop\גלית\אוטומציה\apache-maven-3.6.3\bin;C:\Program Files\Git\cmd;C:\Program Files\Git\mingw64\bin;C:\Program Files\Git\usr\bin;C:\Users\galit\AppData\Local\Microsoft\WindowsApps;
USERNAME=galit
OS=Windows_NT
PROCESSOR_IDENTIFIER=Intel64 Family 6 Model 122 Stepping 1, GenuineIntel



---------------  S Y S T E M  ---------------

OS: Windows 10 , 64 bit Build 18362 (10.0.18362.1082)
OS uptime: 4 days 6:03 hours

CPU:total 4 (initial active 4) (4 cores per cpu, 1 threads per core) family 6 model 122 stepping 1, cmov, cx8, fxsr, mmx, sse, sse2, sse3, ssse3, sse4.1, sse4.2, popcnt, aes, clmul, erms, 3dnowpref, tsc, tscinvbit, sha

Memory: 4k page, system-wide physical 3903M (259M free)
TotalPageFile size 15679M (AvailPageFile size 6M)
current process WorkingSet (physical memory assigned to process): 132M, peak: 133M
current process commit charge ("private bytes"): 189M, peak: 190M

vm_info: OpenJDK 64-Bit Server VM (14.0.1+7) for windows-amd64 JRE (14.0.1+7), built on Apr 22 2020 14:10:56 by "" with MS VC++ 15.9 (VS2017)

END.
