#
# There is insufficient memory for the Java Runtime Environment to continue.
# Native memory allocation (malloc) failed to allocate 2073648 bytes for Chunk::new
# Possible reasons:
#   The system is out of physical RAM or swap space
#   The process is running with CompressedOops enabled, and the Java Heap may be blocking the growth of the native heap
# Possible solutions:
#   Reduce memory load on the system
#   Increase physical memory or swap space
#   Check if swap backing store is full
#   Decrease Java heap size (-Xmx/-Xms)
#   Decrease number of Java threads
#   Decrease Java thread stack sizes (-Xss)
#   Set larger code cache with -XX:ReservedCodeCacheSize=
#   JVM is running with Unscaled Compressed Oops mode in which the Java heap is
#     placed in the first 4GB address space. The Java Heap base address is the
#     maximum limit for the native heap growth. Please use -XX:HeapBaseMinAddress
#     to set the Java Heap base and to place the Java Heap above 4GB virtual address.
# This output file may be truncated or incomplete.
#
#  Out of Memory Error (./src/hotspot/share/memory/arena.cpp:195), pid=11496, tid=41516
#
# JRE version: OpenJDK Runtime Environment AdoptOpenJDK (14.0.1+7) (build 14.0.1+7)
# Java VM: OpenJDK 64-Bit Server VM AdoptOpenJDK (14.0.1+7, mixed mode, sharing, tiered, compressed oops, g1 gc, windows-amd64)
# No core dump will be written. Minidumps are not enabled by default on client versions of Windows
#

---------------  S U M M A R Y ------------

Command Line: -ea -Dtestng.dtd.http=true -Didea.test.cyclic.buffer.size=1048576 -javaagent:C:\Program Files\JetBrains\IntelliJ IDEA Community Edition 2020.1.2\lib\idea_rt.jar=63699:C:\Program Files\JetBrains\IntelliJ IDEA Community Edition 2020.1.2\bin -Dfile.encoding=UTF-8 com.intellij.rt.testng.RemoteTestNGStarter -usedefaultlisteners false -socket63698 @w@C:\Users\galit\AppData\Local\Temp\idea_working_dirs_testng.tmp -temp C:\Users\galit\AppData\Local\Temp\idea_testng.tmp

Host: Intel(R) Pentium(R) Silver N5000 CPU @ 1.10GHz, 4 cores, 3G,  Windows 10 , 64 bit Build 18362 (10.0.18362.1082)
Time: Mon Sep 21 22:02:19 2020 ???? ÷?? ??????? elapsed time: 4 seconds (0d 0h 0m 4s)

---------------  T H R E A D  ---------------

Current thread (0x000002017a29b000):  JavaThread "C2 CompilerThread0" daemon [_thread_in_native, id=41516, stack(0x000000edb8b00000,0x000000edb8c00000)]


Current CompileTask:
C2:   4224 1737   !   4       jdk.internal.loader.URLClassPath$JarLoader::getResource (354 bytes)

Stack: [0x000000edb8b00000,0x000000edb8c00000]
Native frames: (J=compiled Java code, j=interpreted, Vv=VM code, C=native code)
V  [jvm.dll+0x5fd4fa]
V  [jvm.dll+0x7a965a]
V  [jvm.dll+0x7aae0f]
V  [jvm.dll+0x7ab453]
V  [jvm.dll+0x20f0c8]
V  [jvm.dll+0xace97]
V  [jvm.dll+0xad58c]
V  [jvm.dll+0x31f0b5]
V  [jvm.dll+0x2e95d8]
V  [jvm.dll+0x2e89da]
V  [jvm.dll+0x1e7c26]
V  [jvm.dll+0x1e6ec8]
V  [jvm.dll+0x179d5c]
V  [jvm.dll+0x1f5f15]
V  [jvm.dll+0x1f40fb]
V  [jvm.dll+0x76e1ad]
V  [jvm.dll+0x766fca]
V  [jvm.dll+0x5fc3b6]
C  [ucrtbase.dll+0x20e82]
C  [KERNEL32.DLL+0x17bd4]
C  [ntdll.dll+0x6ce51]


---------------  P R O C E S S  ---------------

Threads class SMR info:
_java_thread_list=0x000002017c39f5e0, length=21, elements={
0x000002016cf4c000, 0x000002017a278000, 0x000002017a279800, 0x000002017a292800,
0x000002017a293800, 0x000002017a296800, 0x000002017a29b000, 0x000002017a29d000,
0x000002017ac20800, 0x000002017acc3000, 0x000002017ad0d800, 0x000002017ad0e000,
0x000002017b688800, 0x000002017bc5c800, 0x000002017bf30000, 0x000002017bee2800,
0x000002017bee8800, 0x000002017be59800, 0x000002017bded800, 0x000002017b815800,
0x000002017b81a800
}

Java Threads: ( => current thread )
  0x000002016cf4c000 JavaThread "Forwarding newSession on session null to remote" [_thread_blocked, id=40572, stack(0x000000edb7f00000,0x000000edb8000000)]
  0x000002017a278000 JavaThread "Reference Handler" daemon [_thread_blocked, id=42368, stack(0x000000edb8600000,0x000000edb8700000)]
  0x000002017a279800 JavaThread "Finalizer" daemon [_thread_blocked, id=40848, stack(0x000000edb8700000,0x000000edb8800000)]
  0x000002017a292800 JavaThread "Signal Dispatcher" daemon [_thread_blocked, id=43196, stack(0x000000edb8800000,0x000000edb8900000)]
  0x000002017a293800 JavaThread "Attach Listener" daemon [_thread_blocked, id=44168, stack(0x000000edb8900000,0x000000edb8a00000)]
  0x000002017a296800 JavaThread "Service Thread" daemon [_thread_blocked, id=23428, stack(0x000000edb8a00000,0x000000edb8b00000)]
=>0x000002017a29b000 JavaThread "C2 CompilerThread0" daemon [_thread_in_native, id=41516, stack(0x000000edb8b00000,0x000000edb8c00000)]
  0x000002017a29d000 JavaThread "C1 CompilerThread0" daemon [_thread_blocked, id=43904, stack(0x000000edb8c00000,0x000000edb8d00000)]
  0x000002017ac20800 JavaThread "Sweeper thread" daemon [_thread_blocked, id=40408, stack(0x000000edb8d00000,0x000000edb8e00000)]
  0x000002017acc3000 JavaThread "Common-Cleaner" daemon [_thread_blocked, id=41272, stack(0x000000edb8e00000,0x000000edb8f00000)]
  0x000002017ad0d800 JavaThread "Monitor Ctrl-Break" daemon [_thread_in_native, id=37992, stack(0x000000edb8f00000,0x000000edb9000000)]
  0x000002017ad0e000 JavaThread "Notification Thread" daemon [_thread_blocked, id=41716, stack(0x000000edb9000000,0x000000edb9100000)]
  0x000002017b688800 JavaThread "ForkJoinPool.commonPool-worker-3" daemon [_thread_blocked, id=37668, stack(0x000000edb9400000,0x000000edb9500000)]
  0x000002017bc5c800 JavaThread "AsyncHttpClient-timer-1-1" [_thread_blocked, id=42080, stack(0x000000edb9500000,0x000000edb9600000)]
  0x000002017bf30000 JavaThread "Exec Default Executor" daemon [_thread_in_native, id=41692, stack(0x000000edb9800000,0x000000edb9900000)]
  0x000002017bee2800 JavaThread "ForkJoinPool.commonPool-worker-5" daemon [_thread_blocked, id=38180, stack(0x000000edb9900000,0x000000edb9a00000)]
  0x000002017bee8800 JavaThread "UrlChecker-2" daemon [_thread_blocked, id=30328, stack(0x000000edb9a00000,0x000000edb9b00000)]
  0x000002017be59800 JavaThread "Exec Stream Pumper" daemon [_thread_in_native, id=41288, stack(0x000000edb9c00000,0x000000edb9d00000)]
  0x000002017bded800 JavaThread "Exec Stream Pumper" daemon [_thread_in_native, id=43268, stack(0x000000edb9d00000,0x000000edb9e00000)]
  0x000002017b815800 JavaThread "Keep-Alive-Timer" daemon [_thread_blocked, id=44288, stack(0x000000edb9e00000,0x000000edb9f00000)]
  0x000002017b81a800 JavaThread "AsyncHttpClient-3-1" [_thread_blocked, id=40916, stack(0x000000edb9f00000,0x000000edba000000)]

Other Threads:
  0x000002017a274800 VMThread "VM Thread" [stack: 0x000000edb8500000,0x000000edb8600000] [id=39044]
  0x000002017ad13000 WatcherThread [stack: 0x000000edb9100000,0x000000edb9200000] [id=44920]
  0x000002016cf7b800 GCTaskThread "GC Thread#0" [stack: 0x000000edb8000000,0x000000edb8100000] [id=37948]
  0x000002017b2ac800 GCTaskThread "GC Thread#1" [stack: 0x000000edb9200000,0x000000edb9300000] [id=40484]
  0x000002017b696000 GCTaskThread "GC Thread#2" [stack: 0x000000edb9600000,0x000000edb9700000] [id=42432]
  0x000002017b696800 GCTaskThread "GC Thread#3" [stack: 0x000000edb9700000,0x000000edb9800000] [id=44160]
  0x000002016cf86000 ConcurrentGCThread "G1 Main Marker" [stack: 0x000000edb8100000,0x000000edb8200000] [id=43052]
  0x000002016cf87800 ConcurrentGCThread "G1 Conc#0" [stack: 0x000000edb8200000,0x000000edb8300000] [id=40024]
  0x000002016cfcb000 ConcurrentGCThread "G1 Refine#0" [stack: 0x000000edb8300000,0x000000edb8400000] [id=38004]
  0x000002017ae1c000 ConcurrentGCThread "G1 Refine#1" [stack: 0x000000edb9300000,0x000000edb9400000] [id=40316]
  0x000002016cfcc800 ConcurrentGCThread "G1 Young RemSet Sampling" [stack: 0x000000edb8400000,0x000000edb8500000] [id=38300]

Threads with active compile tasks:
C2 CompilerThread0     4283 1737   !   4       jdk.internal.loader.URLClassPath$JarLoader::getResource (354 bytes)

VM state:not at safepoint (normal execution)

VM Mutex/Monitor currently owned by a thread: None

Heap address: 0x00000000c3000000, size: 976 MB, Compressed Oops mode: 32-bit
Narrow klass base: 0x0000000800000000, Narrow klass shift: 3
Compressed class space size: 1073741824 Address: 0x0000000800b30000

Heap:
 garbage-first heap   total 63488K, used 21704K [0x00000000c3000000, 0x0000000100000000)
  region size 1024K, 18 young (18432K), 4 survivors (4096K)
 Metaspace       used 19366K, capacity 19881K, committed 20224K, reserved 1067008K
  class space    used 2244K, capacity 2449K, committed 2560K, reserved 1048576K
Heap Regions: E=young(eden), S=young(survivor), O=old, HS=humongous(starts), HC=humongous(continues), CS=collection set, F=free, OA=open archive, CA=closed archive, TAMS=top-at-mark-start (previous, next)
|   0|0x00000000c3000000, 0x00000000c3100000, 0x00000000c3100000|100%| O|  |TAMS 0x00000000c3000000, 0x00000000c3000000| Untracked 
|   1|0x00000000c3100000, 0x00000000c3200000, 0x00000000c3200000|100%| O|  |TAMS 0x00000000c3100000, 0x00000000c3100000| Untracked 
|   2|0x00000000c3200000, 0x00000000c3300000, 0x00000000c3300000|100%| O|  |TAMS 0x00000000c3200000, 0x00000000c3200000| Untracked 
|   3|0x00000000c3300000, 0x00000000c3300000, 0x00000000c3400000|  0%| F|  |TAMS 0x00000000c3300000, 0x00000000c3300000| Untracked 
|   4|0x00000000c3400000, 0x00000000c3500000, 0x00000000c3500000|100%| O|  |TAMS 0x00000000c3400000, 0x00000000c3400000| Untracked 
|   5|0x00000000c3500000, 0x00000000c35c9e00, 0x00000000c3600000| 78%| O|  |TAMS 0x00000000c3500000, 0x00000000c3500000| Untracked 
|   6|0x00000000c3600000, 0x00000000c3600000, 0x00000000c3700000|  0%| F|  |TAMS 0x00000000c3600000, 0x00000000c3600000| Untracked 
|   7|0x00000000c3700000, 0x00000000c3700000, 0x00000000c3800000|  0%| F|  |TAMS 0x00000000c3700000, 0x00000000c3700000| Untracked 
|   8|0x00000000c3800000, 0x00000000c3800000, 0x00000000c3900000|  0%| F|  |TAMS 0x00000000c3800000, 0x00000000c3800000| Untracked 
|   9|0x00000000c3900000, 0x00000000c3900000, 0x00000000c3a00000|  0%| F|  |TAMS 0x00000000c3900000, 0x00000000c3900000| Untracked 
|  10|0x00000000c3a00000, 0x00000000c3a00000, 0x00000000c3b00000|  0%| F|  |TAMS 0x00000000c3a00000, 0x00000000c3a00000| Untracked 
|  11|0x00000000c3b00000, 0x00000000c3b00000, 0x00000000c3c00000|  0%| F|  |TAMS 0x00000000c3b00000, 0x00000000c3b00000| Untracked 
|  12|0x00000000c3c00000, 0x00000000c3c00000, 0x00000000c3d00000|  0%| F|  |TAMS 0x00000000c3c00000, 0x00000000c3c00000| Untracked 
|  13|0x00000000c3d00000, 0x00000000c3d00000, 0x00000000c3e00000|  0%| F|  |TAMS 0x00000000c3d00000, 0x00000000c3d00000| Untracked 
|  14|0x00000000c3e00000, 0x00000000c3e00000, 0x00000000c3f00000|  0%| F|  |TAMS 0x00000000c3e00000, 0x00000000c3e00000| Untracked 
|  15|0x00000000c3f00000, 0x00000000c3f00000, 0x00000000c4000000|  0%| F|  |TAMS 0x00000000c3f00000, 0x00000000c3f00000| Untracked 
|  16|0x00000000c4000000, 0x00000000c4000000, 0x00000000c4100000|  0%| F|  |TAMS 0x00000000c4000000, 0x00000000c4000000| Untracked 
|  17|0x00000000c4100000, 0x00000000c4100000, 0x00000000c4200000|  0%| F|  |TAMS 0x00000000c4100000, 0x00000000c4100000| Untracked 
|  18|0x00000000c4200000, 0x00000000c4200000, 0x00000000c4300000|  0%| F|  |TAMS 0x00000000c4200000, 0x00000000c4200000| Untracked 
|  19|0x00000000c4300000, 0x00000000c4300000, 0x00000000c4400000|  0%| F|  |TAMS 0x00000000c4300000, 0x00000000c4300000| Untracked 
|  20|0x00000000c4400000, 0x00000000c4400000, 0x00000000c4500000|  0%| F|  |TAMS 0x00000000c4400000, 0x00000000c4400000| Untracked 
|  21|0x00000000c4500000, 0x00000000c4500000, 0x00000000c4600000|  0%| F|  |TAMS 0x00000000c4500000, 0x00000000c4500000| Untracked 
|  22|0x00000000c4600000, 0x00000000c4668438, 0x00000000c4700000| 40%| S|CS|TAMS 0x00000000c4600000, 0x00000000c4600000| Complete 
|  23|0x00000000c4700000, 0x00000000c4800000, 0x00000000c4800000|100%| S|CS|TAMS 0x00000000c4700000, 0x00000000c4700000| Complete 
|  24|0x00000000c4800000, 0x00000000c4900000, 0x00000000c4900000|100%| S|CS|TAMS 0x00000000c4800000, 0x00000000c4800000| Complete 
|  25|0x00000000c4900000, 0x00000000c4a00000, 0x00000000c4a00000|100%| S|CS|TAMS 0x00000000c4900000, 0x00000000c4900000| Complete 
|  26|0x00000000c4a00000, 0x00000000c4a00000, 0x00000000c4b00000|  0%| F|  |TAMS 0x00000000c4a00000, 0x00000000c4a00000| Untracked 
|  27|0x00000000c4b00000, 0x00000000c4b00000, 0x00000000c4c00000|  0%| F|  |TAMS 0x00000000c4b00000, 0x00000000c4b00000| Untracked 
|  28|0x00000000c4c00000, 0x00000000c4c00000, 0x00000000c4d00000|  0%| F|  |TAMS 0x00000000c4c00000, 0x00000000c4c00000| Untracked 
|  29|0x00000000c4d00000, 0x00000000c4d00000, 0x00000000c4e00000|  0%| F|  |TAMS 0x00000000c4d00000, 0x00000000c4d00000| Untracked 
|  30|0x00000000c4e00000, 0x00000000c4e00000, 0x00000000c4f00000|  0%| F|  |TAMS 0x00000000c4e00000, 0x00000000c4e00000| Untracked 
|  31|0x00000000c4f00000, 0x00000000c4f00000, 0x00000000c5000000|  0%| F|  |TAMS 0x00000000c4f00000, 0x00000000c4f00000| Untracked 
|  32|0x00000000c5000000, 0x00000000c5000000, 0x00000000c5100000|  0%| F|  |TAMS 0x00000000c5000000, 0x00000000c5000000| Untracked 
|  33|0x00000000c5100000, 0x00000000c5100000, 0x00000000c5200000|  0%| F|  |TAMS 0x00000000c5100000, 0x00000000c5100000| Untracked 
|  34|0x00000000c5200000, 0x00000000c5200000, 0x00000000c5300000|  0%| F|  |TAMS 0x00000000c5200000, 0x00000000c5200000| Untracked 
|  35|0x00000000c5300000, 0x00000000c5300000, 0x00000000c5400000|  0%| F|  |TAMS 0x00000000c5300000, 0x00000000c5300000| Untracked 
|  36|0x00000000c5400000, 0x00000000c5400000, 0x00000000c5500000|  0%| F|  |TAMS 0x00000000c5400000, 0x00000000c5400000| Untracked 
|  37|0x00000000c5500000, 0x00000000c5500000, 0x00000000c5600000|  0%| F|  |TAMS 0x00000000c5500000, 0x00000000c5500000| Untracked 
|  38|0x00000000c5600000, 0x00000000c5600000, 0x00000000c5700000|  0%| F|  |TAMS 0x00000000c5600000, 0x00000000c5600000| Untracked 
|  39|0x00000000c5700000, 0x00000000c5700000, 0x00000000c5800000|  0%| F|  |TAMS 0x00000000c5700000, 0x00000000c5700000| Untracked 
|  40|0x00000000c5800000, 0x00000000c5800000, 0x00000000c5900000|  0%| F|  |TAMS 0x00000000c5800000, 0x00000000c5800000| Untracked 
|  41|0x00000000c5900000, 0x00000000c5900000, 0x00000000c5a00000|  0%| F|  |TAMS 0x00000000c5900000, 0x00000000c5900000| Untracked 
|  42|0x00000000c5a00000, 0x00000000c5a00000, 0x00000000c5b00000|  0%| F|  |TAMS 0x00000000c5a00000, 0x00000000c5a00000| Untracked 
|  43|0x00000000c5b00000, 0x00000000c5b00000, 0x00000000c5c00000|  0%| F|  |TAMS 0x00000000c5b00000, 0x00000000c5b00000| Untracked 
|  44|0x00000000c5c00000, 0x00000000c5c00000, 0x00000000c5d00000|  0%| F|  |TAMS 0x00000000c5c00000, 0x00000000c5c00000| Untracked 
|  45|0x00000000c5d00000, 0x00000000c5d00000, 0x00000000c5e00000|  0%| F|  |TAMS 0x00000000c5d00000, 0x00000000c5d00000| Untracked 
|  46|0x00000000c5e00000, 0x00000000c5e00000, 0x00000000c5f00000|  0%| F|  |TAMS 0x00000000c5e00000, 0x00000000c5e00000| Untracked 
|  47|0x00000000c5f00000, 0x00000000c5f00000, 0x00000000c6000000|  0%| F|  |TAMS 0x00000000c5f00000, 0x00000000c5f00000| Untracked 
|  48|0x00000000c6000000, 0x00000000c60cd9d0, 0x00000000c6100000| 80%| E|  |TAMS 0x00000000c6000000, 0x00000000c6000000| Complete 
|  49|0x00000000c6100000, 0x00000000c6200000, 0x00000000c6200000|100%| E|CS|TAMS 0x00000000c6100000, 0x00000000c6100000| Complete 
|  50|0x00000000c6200000, 0x00000000c6300000, 0x00000000c6300000|100%| E|CS|TAMS 0x00000000c6200000, 0x00000000c6200000| Complete 
|  51|0x00000000c6300000, 0x00000000c6400000, 0x00000000c6400000|100%| E|CS|TAMS 0x00000000c6300000, 0x00000000c6300000| Complete 
|  52|0x00000000c6400000, 0x00000000c6500000, 0x00000000c6500000|100%| E|CS|TAMS 0x00000000c6400000, 0x00000000c6400000| Complete 
|  53|0x00000000c6500000, 0x00000000c6600000, 0x00000000c6600000|100%| E|CS|TAMS 0x00000000c6500000, 0x00000000c6500000| Complete 
|  54|0x00000000c6600000, 0x00000000c6700000, 0x00000000c6700000|100%| E|CS|TAMS 0x00000000c6600000, 0x00000000c6600000| Complete 
|  55|0x00000000c6700000, 0x00000000c6800000, 0x00000000c6800000|100%| E|CS|TAMS 0x00000000c6700000, 0x00000000c6700000| Complete 
|  56|0x00000000c6800000, 0x00000000c6900000, 0x00000000c6900000|100%| E|CS|TAMS 0x00000000c6800000, 0x00000000c6800000| Complete 
|  57|0x00000000c6900000, 0x00000000c6a00000, 0x00000000c6a00000|100%| E|CS|TAMS 0x00000000c6900000, 0x00000000c6900000| Complete 
|  58|0x00000000c6a00000, 0x00000000c6b00000, 0x00000000c6b00000|100%| E|CS|TAMS 0x00000000c6a00000, 0x00000000c6a00000| Complete 
|  59|0x00000000c6b00000, 0x00000000c6c00000, 0x00000000c6c00000|100%| E|CS|TAMS 0x00000000c6b00000, 0x00000000c6b00000| Complete 
|  60|0x00000000c6c00000, 0x00000000c6d00000, 0x00000000c6d00000|100%| E|CS|TAMS 0x00000000c6c00000, 0x00000000c6c00000| Complete 
|  61|0x00000000c6d00000, 0x00000000c6e00000, 0x00000000c6e00000|100%| E|CS|TAMS 0x00000000c6d00000, 0x00000000c6d00000| Complete 

Card table byte_map: [0x0000020175b90000,0x0000020175d80000] _byte_map_base: 0x0000020175578000

Marking Bits (Prev, Next): (CMBitMap*) 0x000002016cf7d628, (CMBitMap*) 0x000002016cf7d668
 Prev Bits: [0x0000020175f70000, 0x0000020176eb0000)
 Next Bits: [0x0000020176eb0000, 0x0000020177df0000)

Polling page: 0x000002016b0d0000

Metaspace:

Usage:
  Non-class:     17.09 MB capacity,    16.74 MB ( 98%) used,   294.97 KB (  2%) free+waste,    58.88 KB ( <1%) overhead. 
      Class:      2.39 MB capacity,     2.20 MB ( 92%) used,   171.00 KB (  7%) free+waste,    29.56 KB (  1%) overhead. 
       Both:     19.48 MB capacity,    18.94 MB ( 97%) used,   465.97 KB (  2%) free+waste,    88.44 KB ( <1%) overhead. 

Virtual space:
  Non-class space:       18.00 MB reserved,      17.25 MB ( 96%) committed 
      Class space:        1.00 GB reserved,       2.50 MB ( <1%) committed 
             Both:        1.02 GB reserved,      19.75 MB (  2%) committed 

Chunk freelists:
   Non-Class:  40.00 KB
       Class:  15.00 KB
        Both:  55.00 KB

MaxMetaspaceSize: 17179869184.00 GB
CompressedClassSpaceSize: 1.00 GB

CodeHeap 'non-profiled nmethods': size=120000Kb used=638Kb max_used=638Kb free=119361Kb
 bounds [0x0000020107ad0000, 0x0000020107d40000, 0x000002010f000000]
CodeHeap 'profiled nmethods': size=120000Kb used=3575Kb max_used=3575Kb free=116425Kb
 bounds [0x00000201005a0000, 0x0000020100920000, 0x0000020107ad0000]
CodeHeap 'non-nmethods': size=5760Kb used=1267Kb max_used=1278Kb free=4493Kb
 bounds [0x0000020100000000, 0x0000020100270000, 0x00000201005a0000]
 total_blobs=2980 nmethods=1785 adapters=451
 compilation: enabled
              stopped_count=0, restarted_count=0
 full_count=0

Compilation events (20 events):
Event: 4.031 Thread 0x000002017a29d000 1747       3       java.lang.invoke.MethodHandles$Lookup::getDirectMethodForConstant (72 bytes)
Event: 4.033 Thread 0x000002017a29d000 nmethod 1747 0x0000020100903190 code [0x0000020100903500, 0x0000020100904b68]
Event: 4.033 Thread 0x000002017a29d000 1748   !   3       java.lang.invoke.MethodHandles$Lookup::canBeCached (150 bytes)
Event: 4.037 Thread 0x000002017a29d000 nmethod 1748 0x0000020100905310 code [0x0000020100905760, 0x0000020100907ac8]
Event: 4.037 Thread 0x000002017a29d000 1750       3       jdk.internal.org.objectweb.asm.AnnotationWriter::visitEnd (44 bytes)
Event: 4.037 Thread 0x000002017a29d000 nmethod 1750 0x0000020100908690 code [0x0000020100908820, 0x00000201009089d8]
Event: 4.084 Thread 0x000002017a29d000 1751       3       io.netty.util.AsciiString::c2b (15 bytes)
Event: 4.084 Thread 0x000002017a29d000 nmethod 1751 0x0000020100908b10 code [0x0000020100908ca0, 0x0000020100908dd8]
Event: 4.101 Thread 0x000002017a29d000 1752       3       java.lang.invoke.LambdaFormEditor$Transform::<init> (17 bytes)
Event: 4.101 Thread 0x000002017a29d000 nmethod 1752 0x0000020100908e90 code [0x0000020100909060, 0x0000020100909458]
Event: 4.168 Thread 0x000002017a29d000 1759       3       jdk.internal.org.objectweb.asm.SymbolTable::putBootstrapMethods (56 bytes)
Event: 4.169 Thread 0x000002017a29d000 nmethod 1759 0x0000020100909590 code [0x0000020100909780, 0x0000020100909a88]
Event: 4.169 Thread 0x000002017a29d000 1760       3       java.lang.invoke.LambdaForm$Name::replaceNames (174 bytes)
Event: 4.170 Thread 0x000002017a29d000 nmethod 1760 0x0000020100909c90 code [0x0000020100909ec0, 0x000002010090ab18]
Event: 4.171 Thread 0x000002017a29d000 1764       3       java.lang.invoke.LambdaForm$BasicType::basicType (172 bytes)
Event: 4.172 Thread 0x000002017a29d000 nmethod 1764 0x000002010090ae90 code [0x000002010090b120, 0x000002010090bd88]
Event: 4.172 Thread 0x000002017a29d000 1765       3       java.lang.invoke.ClassSpecializer$SpeciesData::fieldCount (10 bytes)
Event: 4.172 Thread 0x000002017a29d000 nmethod 1765 0x000002010090c110 code [0x000002010090c2c0, 0x000002010090c4a8]
Event: 4.176 Thread 0x000002017a29d000 1768       3       java.util.ArrayList::isEmpty (13 bytes)
Event: 4.176 Thread 0x000002017a29d000 nmethod 1768 0x000002010090c590 code [0x000002010090c720, 0x000002010090c898]

GC Heap History (8 events):
Event: 1.379 GC heap before
{Heap before GC invocations=0 (full 0):
 garbage-first heap   total 63488K, used 12288K [0x00000000c3000000, 0x0000000100000000)
  region size 1024K, 13 young (13312K), 0 survivors (0K)
 Metaspace       used 5192K, capacity 6018K, committed 6144K, reserved 1056768K
  class space    used 563K, capacity 650K, committed 768K, reserved 1048576K
}
Event: 1.390 GC heap after
{Heap after GC invocations=1 (full 0):
 garbage-first heap   total 63488K, used 4770K [0x00000000c3000000, 0x0000000100000000)
  region size 1024K, 2 young (2048K), 2 survivors (2048K)
 Metaspace       used 5192K, capacity 6018K, committed 6144K, reserved 1056768K
  class space    used 563K, capacity 650K, committed 768K, reserved 1048576K
}
Event: 1.865 GC heap before
{Heap before GC invocations=1 (full 0):
 garbage-first heap   total 63488K, used 17058K [0x00000000c3000000, 0x0000000100000000)
  region size 1024K, 14 young (14336K), 2 survivors (2048K)
 Metaspace       used 7778K, capacity 8284K, committed 8576K, reserved 1056768K
  class space    used 778K, capacity 857K, committed 896K, reserved 1048576K
}
Event: 1.870 GC heap after
{Heap after GC invocations=2 (full 0):
 garbage-first heap   total 63488K, used 5429K [0x00000000c3000000, 0x0000000100000000)
  region size 1024K, 1 young (1024K), 1 survivors (1024K)
 Metaspace       used 7778K, capacity 8284K, committed 8576K, reserved 1056768K
  class space    used 778K, capacity 857K, committed 896K, reserved 1048576K
}
Event: 2.716 GC heap before
{Heap before GC invocations=2 (full 0):
 garbage-first heap   total 63488K, used 26933K [0x00000000c3000000, 0x0000000100000000)
  region size 1024K, 22 young (22528K), 1 survivors (1024K)
 Metaspace       used 12150K, capacity 12455K, committed 12672K, reserved 1060864K
  class space    used 1283K, capacity 1388K, committed 1408K, reserved 1048576K
}
Event: 2.725 GC heap after
{Heap after GC invocations=3 (full 0):
 garbage-first heap   total 63488K, used 7136K [0x00000000c3000000, 0x0000000100000000)
  region size 1024K, 3 young (3072K), 3 survivors (3072K)
 Metaspace       used 12150K, capacity 12455K, committed 12672K, reserved 1060864K
  class space    used 1283K, capacity 1388K, committed 1408K, reserved 1048576K
}
Event: 3.988 GC heap before
{Heap before GC invocations=3 (full 0):
 garbage-first heap   total 63488K, used 40928K [0x00000000c3000000, 0x0000000100000000)
  region size 1024K, 36 young (36864K), 3 survivors (3072K)
 Metaspace       used 17815K, capacity 18382K, committed 18432K, reserved 1064960K
  class space    used 2049K, capacity 2268K, committed 2304K, reserved 1048576K
}
Event: 3.995 GC heap after
{Heap after GC invocations=4 (full 0):
 garbage-first heap   total 63488K, used 8392K [0x00000000c3000000, 0x0000000100000000)
  region size 1024K, 4 young (4096K), 4 survivors (4096K)
 Metaspace       used 17815K, capacity 18382K, committed 18432K, reserved 1064960K
  class space    used 2049K, capacity 2268K, committed 2304K, reserved 1048576K
}

Deoptimization events (20 events):
Event: 3.170 Thread 0x000002017bf30000 DEOPT PACKING pc=0x0000020107b0b030 sp=0x000000edb98feb60
Event: 3.170 Thread 0x000002017bf30000 DEOPT UNPACKING pc=0x0000020100049429 sp=0x000000edb98feb08 mode 2
Event: 3.170 Thread 0x000002017bf30000 Uncommon trap: trap_request=0xffffff45 fr.pc=0x0000020107ae6f34 relative=0x00000000000003b4
Event: 3.170 Thread 0x000002017bf30000 Uncommon trap: reason=unstable_if action=reinterpret pc=0x0000020107ae6f34 method=java.lang.AbstractStringBuilder.isLatin1()Z @ 10 c2
Event: 3.170 Thread 0x000002017bf30000 DEOPT PACKING pc=0x0000020107ae6f34 sp=0x000000edb98fec40
Event: 3.170 Thread 0x000002017bf30000 DEOPT UNPACKING pc=0x0000020100049429 sp=0x000000edb98febc0 mode 2
Event: 3.171 Thread 0x000002017bee8800 Uncommon trap: trap_request=0xffffff45 fr.pc=0x0000020107b3a89c relative=0x000000000000013c
Event: 3.171 Thread 0x000002017bee8800 Uncommon trap: reason=unstable_if action=reinterpret pc=0x0000020107b3a89c method=java.lang.CharacterDataLatin1.digit(II)I @ 12 c2
Event: 3.171 Thread 0x000002017bee8800 DEOPT PACKING pc=0x0000020107b3a89c sp=0x000000edb9afe710
Event: 3.171 Thread 0x000002017bee8800 DEOPT UNPACKING pc=0x0000020100049429 sp=0x000000edb9afe5c8 mode 2
Event: 3.687 Thread 0x000002017bee8800 Uncommon trap: trap_request=0xffffff45 fr.pc=0x0000020107b38134 relative=0x00000000000000f4
Event: 3.687 Thread 0x000002017bee8800 Uncommon trap: reason=unstable_if action=reinterpret pc=0x0000020107b38134 method=java.lang.CharacterDataLatin1.digit(II)I @ 12 c2
Event: 3.687 Thread 0x000002017bee8800 DEOPT PACKING pc=0x0000020107b38134 sp=0x000000edb9afe640
Event: 3.687 Thread 0x000002017bee8800 DEOPT UNPACKING pc=0x0000020100049429 sp=0x000000edb9afe5d0 mode 2
Event: 3.819 Thread 0x000002016cf4c000 Uncommon trap: trap_request=0xffffff45 fr.pc=0x0000020107b54d34 relative=0x00000000000003d4
Event: 3.819 Thread 0x000002016cf4c000 Uncommon trap: reason=unstable_if action=reinterpret pc=0x0000020107b54d34 method=java.io.ByteArrayInputStream.read([BII)I @ 35 c2
Event: 3.819 Thread 0x000002016cf4c000 DEOPT PACKING pc=0x0000020107b54d34 sp=0x000000edb7ffd1e0
Event: 3.819 Thread 0x000002016cf4c000 DEOPT UNPACKING pc=0x0000020100049429 sp=0x000000edb7ffd1a0 mode 2
Event: 4.004 Thread 0x000002016cf4c000 DEOPT PACKING pc=0x00000201008a67e5 sp=0x000000edb7ff5b10
Event: 4.004 Thread 0x000002016cf4c000 DEOPT UNPACKING pc=0x000002010004993f sp=0x000000edb7ff5030 mode 0

Classes unloaded (0 events):
No events

Classes redefined (0 events):
No events

Internal exceptions (20 events):
Event: 2.059 Thread 0x000002016cf4c000 Exception <a 'java/lang/NoSuchMethodError'{0x00000000c65d8220}: 'int java.lang.invoke.DirectMethodHandle$Holder.invokeSpecialIFC(java.lang.Object, java.lang.Object, int)'> (0x00000000c65d8220) 
thrown [./src/hotspot/share/interpreter/linkResolver.cpp, line 766]
Event: 2.422 Thread 0x000002016cf4c000 Exception <a 'sun/nio/fs/WindowsException'{0x00000000c5d4c3d8}> (0x00000000c5d4c3d8) 
thrown [./src/hotspot/share/prims/jni.cpp, line 599]
Event: 2.472 Thread 0x000002016cf4c000 Exception <a 'java/lang/NoSuchMethodError'{0x00000000c5d6be08}: 'int java.lang.invoke.DirectMethodHandle$Holder.invokeStaticInit(java.lang.Object, java.lang.Object, java.lang.Object, java.lang.Object)'> (0x00000000c5d6be08) 
thrown [./src/hotspot/share/interpreter/linkResolver.cpp, line 766]
Event: 2.474 Thread 0x000002016cf4c000 Exception <a 'java/lang/IncompatibleClassChangeError'{0x00000000c5d747b0}: Found class java.lang.Object, but interface was expected> (0x00000000c5d747b0) 
thrown [./src/hotspot/share/interpreter/linkResolver.cpp, line 832]
Event: 2.474 Thread 0x000002016cf4c000 Exception <a 'java/lang/NoSuchMethodError'{0x00000000c5d77740}: 'void java.lang.invoke.DirectMethodHandle$Holder.invokeStaticInit(java.lang.Object, java.lang.Object)'> (0x00000000c5d77740) 
thrown [./src/hotspot/share/interpreter/linkResolver.cpp, line 766]
Event: 3.056 Thread 0x000002016cf4c000 Exception <a 'java/lang/NoSuchMethodError'{0x00000000c61534c8}: 'java.lang.Object java.lang.invoke.DirectMethodHandle$Holder.invokeSpecialIFC(java.lang.Object, java.lang.Object, java.lang.Object, java.lang.Object)'> (0x00000000c61534c8) 
thrown [./src/hotspot/share/interpreter/linkResolver.cpp, line 766]
Event: 3.197 Thread 0x000002017bf30000 Exception <a 'java/lang/NoSuchMethodError'{0x00000000c5ca5150}: 'void java.lang.invoke.DirectMethodHandle$Holder.invokeStatic(java.lang.Object, long)'> (0x00000000c5ca5150) 
thrown [./src/hotspot/share/interpreter/linkResolver.cpp, line 766]
Event: 3.202 Thread 0x000002017bf30000 Exception <a 'java/lang/NoSuchMethodError'{0x00000000c5caf1e0}: 'java.lang.Object java.lang.invoke.DirectMethodHandle$Holder.invokeStaticInit(java.lang.Object, java.lang.Object, long, java.lang.Object)'> (0x00000000c5caf1e0) 
thrown [./src/hotspot/share/interpreter/linkResolver.cpp, line 766]
Event: 3.208 Thread 0x000002017bf30000 Exception <a 'java/lang/NoSuchMethodError'{0x00000000c5cb4640}: 'java.lang.Object java.lang.invoke.Invokers$Holder.linkToTargetMethod(java.lang.Object, long, java.lang.Object)'> (0x00000000c5cb4640) 
thrown [./src/hotspot/share/interpreter/linkResolver.cpp, line 766]
Event: 3.722 Thread 0x000002016cf4c000 Exception <a 'java/lang/NoSuchMethodError'{0x00000000c5ae0da0}: 'java.lang.Object java.lang.invoke.DirectMethodHandle$Holder.invokeInterface(java.lang.Object, java.lang.Object, java.lang.Object)'> (0x00000000c5ae0da0) 
thrown [./src/hotspot/share/interpreter/linkResolver.cpp, line 766]
Event: 3.722 Thread 0x000002016cf4c000 Exception <a 'java/lang/IncompatibleClassChangeError'{0x00000000c5ae3a00}: Found class java.lang.Object, but interface was expected> (0x00000000c5ae3a00) 
thrown [./src/hotspot/share/interpreter/linkResolver.cpp, line 832]
Event: 3.725 Thread 0x000002016cf4c000 Exception <a 'java/lang/NoSuchMethodError'{0x00000000c5aeb7f8}: 'int java.lang.invoke.DirectMethodHandle$Holder.invokeSpecialIFC(java.lang.Object, java.lang.Object, java.lang.Object, java.lang.Object)'> (0x00000000c5aeb7f8) 
thrown [./src/hotspot/share/interpreter/linkResolver.cpp, line 766]
Event: 3.726 Thread 0x000002016cf4c000 Exception <a 'java/lang/NoSuchMethodError'{0x00000000c5af3538}: 'java.lang.Object java.lang.invoke.DirectMethodHandle$Holder.invokeInterface(java.lang.Object, java.lang.Object, java.lang.Object, java.lang.Object)'> (0x00000000c5af3538) 
thrown [./src/hotspot/share/interpreter/linkResolver.cpp, line 766]
Event: 3.741 Thread 0x000002016cf4c000 Exception <a 'java/lang/NoSuchMethodError'{0x00000000c594d020}: 'double java.lang.invoke.DirectMethodHandle$Holder.invokeVirtual(java.lang.Object, java.lang.Object)'> (0x00000000c594d020) 
thrown [./src/hotspot/share/interpreter/linkResolver.cpp, line 766]
Event: 3.742 Thread 0x000002016cf4c000 Exception <a 'java/lang/NoSuchMethodError'{0x00000000c5952808}: 'float java.lang.invoke.DirectMethodHandle$Holder.invokeVirtual(java.lang.Object, java.lang.Object)'> (0x00000000c5952808) 
thrown [./src/hotspot/share/interpreter/linkResolver.cpp, line 766]
Event: 3.744 Thread 0x000002016cf4c000 Exception <a 'java/lang/NoSuchMethodError'{0x00000000c595a210}: 'long java.lang.invoke.DirectMethodHandle$Holder.invokeVirtual(java.lang.Object, java.lang.Object)'> (0x00000000c595a210) 
thrown [./src/hotspot/share/interpreter/linkResolver.cpp, line 766]
Event: 3.750 Thread 0x000002016cf4c000 Exception <a 'java/lang/NoSuchMethodError'{0x00000000c5998080}: 'java.lang.Object java.lang.invoke.DirectMethodHandle$Holder.invokeVirtual(java.lang.Object, java.lang.Object, java.lang.Object)'> (0x00000000c5998080) 
thrown [./src/hotspot/share/interpreter/linkResolver.cpp, line 766]
Event: 3.768 Thread 0x000002016cf4c000 Exception <a 'java/lang/NoSuchMethodError'{0x00000000c5820eb8}: 'void java.lang.invoke.DirectMethodHandle$Holder.invokeSpecial(java.lang.Object, java.lang.Object, java.lang.Object, java.lang.Object)'> (0x00000000c5820eb8) 
thrown [./src/hotspot/share/interpreter/linkResolver.cpp, line 766]
Event: 3.794 Thread 0x000002016cf4c000 Exception <a 'java/lang/NoSuchMethodError'{0x00000000c5420d30}: 'void java.lang.invoke.DirectMethodHandle$Holder.invokeSpecial(java.lang.Object, java.lang.Object, java.lang.Object, java.lang.Object, java.lang.Object)'> (0x00000000c5420d30) 
thrown [./src/hotspot/share/interpreter/linkResolver.cpp, line 766]
Event: 4.125 Thread 0x000002016cf4c000 Exception <a 'java/lang/NoSuchMethodError'{0x00000000c6642ff0}: 'void java.lang.invoke.DirectMethodHandle$Holder.invokeSpecial(java.lang.Object, java.lang.Object, java.lang.Object, java.lang.Object, java.lang.Object, java.lang.Object)'> (0x00000000c6642ff0) 
thrown [./src/hotspot/share/interpreter/linkResolver.cpp, line 766]

Events (20 events):
Event: 3.997 Executing VM operation: HandshakeOneThread
Event: 3.997 Executing VM operation: HandshakeOneThread done
Event: 4.054 loading class java/net/UnknownHostException
Event: 4.054 loading class java/net/UnknownHostException done
Event: 4.060 loading class java/text/ParseException
Event: 4.060 loading class java/text/ParseException done
Event: 4.078 loading class java/lang/ArrayIndexOutOfBoundsException
Event: 4.078 loading class java/lang/ArrayIndexOutOfBoundsException done
Event: 4.079 loading class java/util/ServiceConfigurationError
Event: 4.079 loading class java/util/ServiceConfigurationError done
Event: 4.086 loading class java/io/UnsupportedEncodingException
Event: 4.087 loading class java/io/UnsupportedEncodingException done
Event: 4.101 loading class java/lang/ThreadLocal$SuppliedThreadLocal
Event: 4.101 loading class java/lang/ThreadLocal$SuppliedThreadLocal done
Event: 4.136 loading class java/nio/channels/ClosedChannelException
Event: 4.136 loading class java/nio/channels/ClosedChannelException done
Event: 4.166 loading class java/net/InetAddress$CachedLocalHost
Event: 4.166 loading class java/net/InetAddress$CachedLocalHost done
Event: 4.217 loading class java/nio/channels/NotYetConnectedException
Event: 4.217 loading class java/nio/channels/NotYetConnectedException done


Dynamic libraries:
0x00007ff7f7020000 - 0x00007ff7f702d000 	C:\Program Files\AdoptOpenJDK\jdk-14.0.1.7-hotspot\bin\java.exe
0x00007ffd6ed40000 - 0x00007ffd6ef30000 	C:\Windows\SYSTEM32\ntdll.dll
0x00007ffd6dfa0000 - 0x00007ffd6e052000 	C:\Windows\System32\KERNEL32.DLL
0x00007ffd6c0c0000 - 0x00007ffd6c365000 	C:\Windows\System32\KERNELBASE.dll
0x00007ffd6c4c0000 - 0x00007ffd6c5ba000 	C:\Windows\System32\ucrtbase.dll
0x00007ffd5bdc0000 - 0x00007ffd5bdd8000 	C:\Program Files\AdoptOpenJDK\jdk-14.0.1.7-hotspot\bin\jli.dll
0x00007ffd6eb60000 - 0x00007ffd6ecf5000 	C:\Windows\System32\USER32.dll
0x00007ffd6bd20000 - 0x00007ffd6bd41000 	C:\Windows\System32\win32u.dll
0x00007ffd6dec0000 - 0x00007ffd6dee6000 	C:\Windows\System32\GDI32.dll
0x00007ffd6bd50000 - 0x00007ffd6bee6000 	C:\Windows\System32\gdi32full.dll
0x00007ffd533c0000 - 0x00007ffd533d5000 	C:\Program Files\AdoptOpenJDK\jdk-14.0.1.7-hotspot\bin\VCRUNTIME140.dll
0x00007ffd6c3a0000 - 0x00007ffd6c43e000 	C:\Windows\System32\msvcp_win.dll
0x00007ffd57640000 - 0x00007ffd578c4000 	C:\Windows\WinSxS\amd64_microsoft.windows.common-controls_6595b64144ccf1df_6.0.18362.1082_none_9e8193e1e45b25c1\COMCTL32.dll
0x00007ffd6def0000 - 0x00007ffd6df8e000 	C:\Windows\System32\msvcrt.dll
0x00007ffd6d0e0000 - 0x00007ffd6d415000 	C:\Windows\System32\combase.dll
0x00007ffd6cdf0000 - 0x00007ffd6cf10000 	C:\Windows\System32\RPCRT4.dll
0x00007ffd6c440000 - 0x00007ffd6c4c0000 	C:\Windows\System32\bcryptPrimitives.dll
0x00007ffd6e080000 - 0x00007ffd6e0ae000 	C:\Windows\System32\IMM32.DLL
0x00007ffd53320000 - 0x00007ffd533bb000 	C:\Program Files\AdoptOpenJDK\jdk-14.0.1.7-hotspot\bin\msvcp140.dll
0x00007ffd52770000 - 0x00007ffd5331c000 	C:\Program Files\AdoptOpenJDK\jdk-14.0.1.7-hotspot\bin\server\jvm.dll
0x00007ffd6cfb0000 - 0x00007ffd6d053000 	C:\Windows\System32\ADVAPI32.dll
0x00007ffd6cf10000 - 0x00007ffd6cfa7000 	C:\Windows\System32\sechost.dll
0x00007ffd6e070000 - 0x00007ffd6e078000 	C:\Windows\System32\PSAPI.DLL
0x00007ffd66f30000 - 0x00007ffd66f39000 	C:\Windows\SYSTEM32\WSOCK32.dll
0x00007ffd6de50000 - 0x00007ffd6debf000 	C:\Windows\System32\WS2_32.dll
0x00007ffd63020000 - 0x00007ffd6302a000 	C:\Windows\SYSTEM32\VERSION.dll
0x00007ffd68720000 - 0x00007ffd68744000 	C:\Windows\SYSTEM32\WINMM.dll
0x00007ffd686f0000 - 0x00007ffd6871d000 	C:\Windows\SYSTEM32\WINMMBASE.dll
0x00007ffd6bcd0000 - 0x00007ffd6bd1a000 	C:\Windows\System32\cfgmgr32.dll
0x00007ffd6bcb0000 - 0x00007ffd6bcc1000 	C:\Windows\System32\kernel.appcore.dll
0x00007ffd5c730000 - 0x00007ffd5c73a000 	C:\Program Files\AdoptOpenJDK\jdk-14.0.1.7-hotspot\bin\jimage.dll
0x00007ffd6a520000 - 0x00007ffd6a714000 	C:\Windows\SYSTEM32\DBGHELP.DLL
0x00007ffd578d0000 - 0x00007ffd578fa000 	C:\Windows\SYSTEM32\dbgcore.DLL
0x00007ffd66f90000 - 0x00007ffd66f9e000 	C:\Program Files\AdoptOpenJDK\jdk-14.0.1.7-hotspot\bin\instrument.dll
0x00007ffd52740000 - 0x00007ffd52765000 	C:\Program Files\AdoptOpenJDK\jdk-14.0.1.7-hotspot\bin\java.dll
0x00007ffd52720000 - 0x00007ffd52736000 	C:\Program Files\AdoptOpenJDK\jdk-14.0.1.7-hotspot\bin\zip.dll
0x00007ffd6e1a0000 - 0x00007ffd6e887000 	C:\Windows\System32\SHELL32.dll
0x00007ffd6e910000 - 0x00007ffd6e9b9000 	C:\Windows\System32\shcore.dll
0x00007ffd6c670000 - 0x00007ffd6cdf0000 	C:\Windows\System32\windows.storage.dll
0x00007ffd6bc80000 - 0x00007ffd6bca3000 	C:\Windows\System32\profapi.dll
0x00007ffd6bc30000 - 0x00007ffd6bc7a000 	C:\Windows\System32\powrprof.dll
0x00007ffd6bc00000 - 0x00007ffd6bc10000 	C:\Windows\System32\UMPDC.dll
0x00007ffd6d940000 - 0x00007ffd6d992000 	C:\Windows\System32\shlwapi.dll
0x00007ffd6c0a0000 - 0x00007ffd6c0b7000 	C:\Windows\System32\cryptsp.dll
0x00007ffd52700000 - 0x00007ffd52719000 	C:\Program Files\AdoptOpenJDK\jdk-14.0.1.7-hotspot\bin\net.dll
0x00007ffd5d4e0000 - 0x00007ffd5d5d0000 	C:\Windows\SYSTEM32\WINHTTP.dll
0x00007ffd6b3f0000 - 0x00007ffd6b457000 	C:\Windows\system32\mswsock.dll
0x00007ffd526e0000 - 0x00007ffd526f2000 	C:\Program Files\AdoptOpenJDK\jdk-14.0.1.7-hotspot\bin\nio.dll
0x00007ffd5c660000 - 0x00007ffd5c670000 	C:\Program Files\AdoptOpenJDK\jdk-14.0.1.7-hotspot\bin\verify.dll
0x00007ffd5ccf0000 - 0x00007ffd5cd0a000 	C:\Program Files\JetBrains\IntelliJ IDEA Community Edition 2020.1.2\bin\breakgen64.dll
0x00007ffd6af60000 - 0x00007ffd6af93000 	C:\Windows\system32\rsaenh.dll
0x00007ffd6c370000 - 0x00007ffd6c396000 	C:\Windows\System32\bcrypt.dll
0x00007ffd6bae0000 - 0x00007ffd6bb05000 	C:\Windows\SYSTEM32\USERENV.dll
0x00007ffd6ba30000 - 0x00007ffd6ba3c000 	C:\Windows\SYSTEM32\CRYPTBASE.dll
0x00007ffd6b100000 - 0x00007ffd6b13a000 	C:\Windows\SYSTEM32\IPHLPAPI.DLL
0x00007ffd6e060000 - 0x00007ffd6e068000 	C:\Windows\System32\NSI.dll
0x00007ffd5dea0000 - 0x00007ffd5deb6000 	C:\Windows\SYSTEM32\dhcpcsvc6.DLL
0x00007ffd5e200000 - 0x00007ffd5e21c000 	C:\Windows\SYSTEM32\dhcpcsvc.DLL
0x00007ffd6b140000 - 0x00007ffd6b20b000 	C:\Windows\SYSTEM32\DNSAPI.dll
0x00007ffd64020000 - 0x00007ffd6402a000 	C:\Windows\System32\rasadhlp.dll
0x00007ffd5ddc0000 - 0x00007ffd5de37000 	C:\Windows\System32\fwpuclnt.dll
0x00007ffd5bdb0000 - 0x00007ffd5bdb9000 	C:\Program Files\AdoptOpenJDK\jdk-14.0.1.7-hotspot\bin\management.dll
0x00007ffd5bc40000 - 0x00007ffd5bc4b000 	C:\Program Files\AdoptOpenJDK\jdk-14.0.1.7-hotspot\bin\management_ext.dll
0x00007ffd5d1c0000 - 0x00007ffd5d1ce000 	C:\Program Files\AdoptOpenJDK\jdk-14.0.1.7-hotspot\bin\sunmscapi.dll
0x00007ffd6bf50000 - 0x00007ffd6c099000 	C:\Windows\System32\CRYPT32.dll
0x00007ffd6bc10000 - 0x00007ffd6bc22000 	C:\Windows\System32\MSASN1.dll
0x00007ffd6b6b0000 - 0x00007ffd6b6d6000 	C:\Windows\SYSTEM32\ncrypt.dll
0x00007ffd6b670000 - 0x00007ffd6b6ab000 	C:\Windows\SYSTEM32\NTASN1.dll
0x00007ffd5ccc0000 - 0x00007ffd5cce5000 	C:\Program Files\AdoptOpenJDK\jdk-14.0.1.7-hotspot\bin\sunec.dll
0x00007ffd365b0000 - 0x00007ffd365c6000 	C:\Windows\system32\napinsp.dll
0x00007ffd33be0000 - 0x00007ffd33bfa000 	C:\Windows\system32\pnrpnsp.dll
0x00007ffd3d7c0000 - 0x00007ffd3d7ce000 	C:\Windows\System32\winrnr.dll
0x00007ffd68020000 - 0x00007ffd6803c000 	C:\Windows\system32\NLAapi.dll
0x00007ffd66590000 - 0x00007ffd665a5000 	C:\Windows\system32\wshbth.dll

dbghelp: loaded successfully - version: 4.0.5 - missing functions: none
symbol engine: initialized successfully - sym options: 0x614 - pdb path: .;C:\Program Files\AdoptOpenJDK\jdk-14.0.1.7-hotspot\bin;C:\Windows\SYSTEM32;C:\Windows\WinSxS\amd64_microsoft.windows.common-controls_6595b64144ccf1df_6.0.18362.1082_none_9e8193e1e45b25c1;C:\Program Files\AdoptOpenJDK\jdk-14.0.1.7-hotspot\bin\server;C:\Program Files\JetBrains\IntelliJ IDEA Community Edition 2020.1.2\bin

VM Arguments:
jvm_args: -ea -Dtestng.dtd.http=true -Didea.test.cyclic.buffer.size=1048576 -javaagent:C:\Program Files\JetBrains\IntelliJ IDEA Community Edition 2020.1.2\lib\idea_rt.jar=63699:C:\Program Files\JetBrains\IntelliJ IDEA Community Edition 2020.1.2\bin -Dfile.encoding=UTF-8 
java_command: com.intellij.rt.testng.RemoteTestNGStarter -usedefaultlisteners false -socket63698 @w@C:\Users\galit\AppData\Local\Temp\idea_working_dirs_testng.tmp -temp C:\Users\galit\AppData\Local\Temp\idea_testng.tmp
java_class_path (initial): C:\Program Files\JetBrains\IntelliJ IDEA Community Edition 2020.1.2\lib\idea_rt.jar;C:\Program Files\JetBrains\IntelliJ IDEA Community Edition 2020.1.2\plugins\testng\lib\testng-rt.jar;C:\Users\galit\IdeaProjects\BuyMeProject\target\test-classes;C:\Users\galit\.m2\repository\org\testng\testng\7.1.0\testng-7.1.0.jar;C:\Users\galit\.m2\repository\com\beust\jcommander\1.72\jcommander-1.72.jar;C:\Users\galit\.m2\repository\com\google\inject\guice\4.1.0\guice-4.1.0-no_aop.jar;C:\Users\galit\.m2\repository\javax\inject\javax.inject\1\javax.inject-1.jar;C:\Users\galit\.m2\repository\aopalliance\aopalliance\1.0\aopalliance-1.0.jar;C:\Users\galit\.m2\repository\org\yaml\snakeyaml\1.21\snakeyaml-1.21.jar;C:\Users\galit\.m2\repository\org\seleniumhq\selenium\selenium-java\4.0.0-alpha-6\selenium-java-4.0.0-alpha-6.jar;C:\Users\galit\.m2\repository\org\seleniumhq\selenium\selenium-api\4.0.0-alpha-6\selenium-api-4.0.0-alpha-6.jar;C:\Users\galit\.m2\repository\org\seleniumhq\selenium\selenium-chrome-driver\4.0.0-alpha-6\selenium-chrome-driver-4.0.0-alpha-6.jar;C:\Users\galit\.m2\repository\com\google\auto\service\auto-service-annotations\1.0-rc6\auto-service-annotations-1.0-rc6.jar;C:\Users\galit\.m2\repository\com\google\auto\service\auto-service\1.0-rc6\auto-service-1.0-rc6.jar;C:\Users\galit\.m2\repository\com\google\auto\auto-common\0.10\auto-common-0.10.jar;C:\Users\galit\.m2\repository\org\seleniumhq\selenium\selenium-chromium-driver\4.0.0-alpha-6\selenium-chromium-driver-4.0.0-alpha-6.jar;C:\Users\galit\.m2\repository\org\seleniumhq\selenium\selenium-devtools\4.0.0-alpha-6\selenium-devtools-4.0.0-alpha-6.jar;C:\Users\galit\.m2\repository\org\seleniumhq\selenium\selenium-http\4.0.0-alpha-6\selenium-http-4.0.0-alpha-6.jar;C:\Users\galit\.m2\repository\org\seleniumhq\selenium\selenium-json\4.0.0-alpha-6\selenium-json-4.0.0-alpha-6.jar;C:\Users\galit\.m2\repository\org\seleniumhq\selenium\selenium-edge-driver\4.0.0-alpha-6\selenium-edge-driver-4.0.0
Launcher Type: SUN_STANDARD

[Global flags]
     intx CICompilerCount                          = 3                                         {product} {ergonomic}
     uint ConcGCThreads                            = 1                                         {product} {ergonomic}
     uint G1ConcRefinementThreads                  = 4                                         {product} {ergonomic}
   size_t G1HeapRegionSize                         = 1048576                                   {product} {ergonomic}
    uintx GCDrainStackTargetSize                   = 64                                        {product} {ergonomic}
   size_t InitialHeapSize                          = 65011712                                  {product} {ergonomic}
   size_t MarkStackSize                            = 4194304                                   {product} {ergonomic}
   size_t MaxHeapSize                              = 1023410176                                {product} {ergonomic}
   size_t MaxNewSize                               = 613416960                                 {product} {ergonomic}
   size_t MinHeapDeltaBytes                        = 1048576                                   {product} {ergonomic}
   size_t MinHeapSize                              = 8388608                                   {product} {ergonomic}
    uintx NonNMethodCodeHeapSize                   = 5832780                                {pd product} {ergonomic}
    uintx NonProfiledCodeHeapSize                  = 122912730                              {pd product} {ergonomic}
    uintx ProfiledCodeHeapSize                     = 122912730                              {pd product} {ergonomic}
    uintx ReservedCodeCacheSize                    = 251658240                              {pd product} {ergonomic}
     bool SegmentedCodeCache                       = true                                      {product} {ergonomic}
   size_t SoftMaxHeapSize                          = 1023410176                             {manageable} {ergonomic}
     bool UseCompressedClassPointers               = true                                 {lp64_product} {ergonomic}
     bool UseCompressedOops                        = true                                 {lp64_product} {ergonomic}
     bool UseG1GC                                  = true                                      {product} {ergonomic}
     bool UseLargePagesIndividualAllocation        = false                                  {pd product} {ergonomic}

Logging:
Log output configuration:
 #0: stdout all=warning uptime,level,tags
 #1: stderr all=off uptime,level,tags

Environment Variables:
PATH=C:\Program Files\AdoptOpenJDK\jdk-14.0.1.7-hotspot\bin;C:\Windows\system32;C:\Windows;C:\Windows\System32\Wbem;C:\Windows\System32\WindowsPowerShell\v1.0\;C:\Windows\System32\OpenSSH\;C:\Users\galit\Desktop\גלית\אוטומציה;C:\Users\galit\Desktop\גלית\אוטומציה\apache-maven-3.6.3\bin;C:\Program Files\Git\cmd;C:\Program Files\Git\mingw64\bin;C:\Program Files\Git\usr\bin;C:\Users\galit\AppData\Local\Microsoft\WindowsApps;
USERNAME=galit
OS=Windows_NT
PROCESSOR_IDENTIFIER=Intel64 Family 6 Model 122 Stepping 1, GenuineIntel



---------------  S Y S T E M  ---------------

OS: Windows 10 , 64 bit Build 18362 (10.0.18362.1082)
OS uptime: 2 days 4:05 hours

CPU:total 4 (initial active 4) (4 cores per cpu, 1 threads per core) family 6 model 122 stepping 1, cmov, cx8, fxsr, mmx, sse, sse2, sse3, ssse3, sse4.1, sse4.2, popcnt, aes, clmul, erms, 3dnowpref, tsc, tscinvbit, sha

Memory: 4k page, system-wide physical 3903M (298M free)
TotalPageFile size 15679M (AvailPageFile size 6M)
current process WorkingSet (physical memory assigned to process): 124M, peak: 124M
current process commit charge ("private bytes"): 181M, peak: 182M

vm_info: OpenJDK 64-Bit Server VM (14.0.1+7) for windows-amd64 JRE (14.0.1+7), built on Apr 22 2020 14:10:56 by "" with MS VC++ 15.9 (VS2017)

END.
